2018-12-10 10:48:34 info: user join api call:: {"email":"jhmoon@brilliantts.com","pw":"Moon6212!","firstName":"jh","lastName":"moon","nationality":410,"nationalPhoneCode":"82","mobileNum":"01082942417"}
2018-12-10 10:48:34 error: user join api error:: TypeError: this.setLog is not a function
2018-12-10 10:49:38 info: user join api call:: {"email":"jhmoon@brilliantts.com","pw":"Moon6212!","firstName":"jh","lastName":"moon","nationality":410,"nationalPhoneCode":"82","mobileNum":"01082942417"}
2018-12-10 10:49:38 error: user join api error:: TypeError: this.setLog is not a function
2018-12-10 10:49:58 info: user join api call:: {"email":"jhmoon@brilliantts.com","pw":"Moon6212!","firstName":"jh","lastName":"moon","nationality":410,"nationalPhoneCode":"82","mobileNum":"01082942417"}
2018-12-10 10:49:58 error: user join api error:: TypeError: this.setLog is not a function
2018-12-10 10:52:16 info: user join api call:: {"email":"jhmoon@brilliantts.com","pw":"Moon6212!","firstName":"jh","lastName":"moon","nationality":410,"nationalPhoneCode":"82","mobileNum":"01082942417"}
2018-12-10 10:52:17 info: user join api response:: {"result":200,"message":"RESPONSE_CODE_OK","responseData":{"affectedRow":1}}
2018-12-10 11:41:10 info: LOGIN Start!!
2018-12-10 11:41:10 info: Send mysql query!! -> findUserByEmail:: jhmoon@brilliantts.com
2018-12-10 11:41:11 info: passport login callback func start!! -> false
2018-12-10 11:41:24 info: LOGIN Start!!
2018-12-10 11:41:24 info: Send mysql query!! -> findUserByEmail:: jhmoon@brilliantts.com
2018-12-10 11:41:25 info: passport login callback func start!! -> false
2018-12-10 11:43:16 info: LOGIN Start!!
2018-12-10 11:43:16 info: LocalStrategy start!! -> jhmoon@brilliantts.com
2018-12-10 11:43:16 info: Send mysql query!! -> findUserByEmail:: jhmoon@brilliantts.com
2018-12-10 11:43:17 info: LocalStrategy result!! -> false
2018-12-10 11:43:17 info: passport login callback func start!! -> false
2018-12-10 11:43:54 info: LOGIN Start!!
2018-12-10 11:43:54 info: LocalStrategy start!! -> jhmoon@brilliantts.com
2018-12-10 11:43:54 info: Send mysql query!! -> findUserByEmail:: jhmoon@brilliantts.com
2018-12-10 11:43:54 info: LocalStrategy result!! -> true
2018-12-10 11:43:54 info: passport login callback func start!! -> [object Object]
2018-12-10 11:43:54 info: passport serialize!! -> [object Object]
2018-12-10 11:43:54 info: Send mysql query!! -> addToken:: jhmoon@brilliantts.com,eyJhbGciOiJIUzI1NiIsInR5cCI6IkpXVCJ9.eyJpZCI6ImpobW9vbkBicmlsbGlhbnR0cy5jb20iLCJpYXQiOjE1NDQ0MDk4MzQsImV4cCI6MTU0NDQwOTgzNCwiaXNzIjoiZnV6ZXgifQ.zEB94KOkQMiA7n6uSne9nWltxOH2Pv4d68ouSCr1PBo
2018-12-10 11:45:32 info: LOGIN Start!!
2018-12-10 11:45:32 info: Send mysql query!! -> findUserByEmail:: jhmoon@brilliantts.com
2018-12-10 11:45:32 info: LocalStrategy start!! -> jhmoon@brilliantts.com
2018-12-10 11:45:33 info: LocalStrategy result!! -> true
2018-12-10 11:45:33 info: Send mysql query!! -> addToken:: jhmoon@brilliantts.com,eyJhbGciOiJIUzI1NiIsInR5cCI6IkpXVCJ9.eyJpZCI6ImpobW9vbkBicmlsbGlhbnR0cy5jb20iLCJpYXQiOjE1NDQ0MDk5MzMsImV4cCI6MTU0NDQwOTkzMywiaXNzIjoiZnV6ZXgifQ.WhLbrLmsWyAzR6N3ufyo5qm49i41-5cVFqqMPLhRfxQ
2018-12-10 11:45:33 info: passport serialize!! -> {"email":"jhmoon@brilliantts.com","passwd":"$2b$12$pSlAX/6RhZOfFb26UJ.yBeXHp3YdxDSL25AavfPMmH4NcsXTrrPTa","loading_number":null,"token":null,"first_name":"jh","last_name":"moon","country_code":410,"code_phone":"82","phone_number":"01082942417","selected_crypto_symbol":"FXT","created_at":"2018-12-09T16:52:10.133Z","modified_at":"2018-12-09T16:52:10.133Z","is_crypto":"1"}
2018-12-10 11:45:33 info: passport login callback func start!! -> {"email":"jhmoon@brilliantts.com","passwd":"$2b$12$pSlAX/6RhZOfFb26UJ.yBeXHp3YdxDSL25AavfPMmH4NcsXTrrPTa","loading_number":null,"token":null,"first_name":"jh","last_name":"moon","country_code":410,"code_phone":"82","phone_number":"01082942417","selected_crypto_symbol":"FXT","created_at":"2018-12-09T16:52:10.133Z","modified_at":"2018-12-09T16:52:10.133Z","is_crypto":"1"}
2018-12-10 11:48:53 info: Send mysql query!! -> findUserByEmail:: jhmoon@brilliantts.com
2018-12-10 11:48:54 info: LocalStrategy result!! -> true
2018-12-10 11:48:54 info: passport login callback func start!! -> {"email":"jhmoon@brilliantts.com","passwd":"$2b$12$pSlAX/6RhZOfFb26UJ.yBeXHp3YdxDSL25AavfPMmH4NcsXTrrPTa","loading_number":null,"token":null,"first_name":"jh","last_name":"moon","country_code":410,"code_phone":"82","phone_number":"01082942417","selected_crypto_symbol":"FXT","created_at":"2018-12-09T16:52:10.133Z","modified_at":"2018-12-09T16:52:10.133Z","is_crypto":"1"}
2018-12-10 11:48:54 info: Send mysql query!! -> addToken:: jhmoon@brilliantts.com,eyJhbGciOiJIUzI1NiIsInR5cCI6IkpXVCJ9.eyJpZCI6ImpobW9vbkBicmlsbGlhbnR0cy5jb20iLCJpYXQiOjE1NDQ0MTAxMzQsImV4cCI6MTU0NDQxMDEzNCwiaXNzIjoiZnV6ZXgifQ.HKnWr6SQ2nzVyY0f5WwlWS7jkPpO2mwTh8zA7MoGpvA
2018-12-10 11:49:41 info: Send mysql query!! -> findUserByEmail:: jhmoon@brilliantts.com
2018-12-10 11:49:42 info: LocalStrategy result!! -> true
2018-12-10 11:49:42 info: passport login callback func start!! -> {"email":"jhmoon@brilliantts.com","passwd":"$2b$12$pSlAX/6RhZOfFb26UJ.yBeXHp3YdxDSL25AavfPMmH4NcsXTrrPTa","loading_number":null,"token":null,"first_name":"jh","last_name":"moon","country_code":410,"code_phone":"82","phone_number":"01082942417","selected_crypto_symbol":"FXT","created_at":"2018-12-09T16:52:10.133Z","modified_at":"2018-12-09T16:52:10.133Z","is_crypto":"1"}
2018-12-10 11:49:42 info: Send mysql query!! -> addToken:: jhmoon@brilliantts.com,eyJhbGciOiJIUzI1NiIsInR5cCI6IkpXVCJ9.eyJpZCI6ImpobW9vbkBicmlsbGlhbnR0cy5jb20iLCJpYXQiOjE1NDQ0MTAxODIsImV4cCI6MTU0NDQxMDE4MiwiaXNzIjoiZnV6ZXgifQ.AY-r1NmLeDGjMD7jluhMPB2wincS6ca73nsCU9T_DHQ
2018-12-10 11:49:42 info: Send mysql query!! -> addToken:: jhmoon@brilliantts.com,eyJhbGciOiJIUzI1NiIsInR5cCI6IkpXVCJ9.eyJpZCI6ImpobW9vbkBicmlsbGlhbnR0cy5jb20iLCJpYXQiOjE1NDQ0MTAxODIsImV4cCI6MTU0NDQxMDE4MiwiaXNzIjoiZnV6ZXgifQ.AY-r1NmLeDGjMD7jluhMPB2wincS6ca73nsCU9T_DHQ
2018-12-10 11:50:23 info: Send mysql query!! -> findUserByEmail:: jhmoon@brilliantts.com
2018-12-10 11:50:23 info: LocalStrategy result!! -> true
2018-12-10 11:50:23 info: Send mysql query!! -> addToken:: eyJhbGciOiJIUzI1NiIsInR5cCI6IkpXVCJ9.eyJpZCI6ImpobW9vbkBicmlsbGlhbnR0cy5jb20iLCJpYXQiOjE1NDQ0MTAyMjMsImV4cCI6MTU0NDQxMDIyMywiaXNzIjoiZnV6ZXgifQ.-vu4FNK56kJ9HR5_5b0MsnY3GpdYdtnI37c5AYLjD2I,jhmoon@brilliantts.com
2018-12-10 11:50:23 info: passport login callback func start!! -> {"email":"jhmoon@brilliantts.com","passwd":"$2b$12$pSlAX/6RhZOfFb26UJ.yBeXHp3YdxDSL25AavfPMmH4NcsXTrrPTa","loading_number":null,"token":null,"first_name":"jh","last_name":"moon","country_code":410,"code_phone":"82","phone_number":"01082942417","selected_crypto_symbol":"FXT","created_at":"2018-12-09T16:52:10.133Z","modified_at":"2018-12-09T16:52:10.133Z","is_crypto":"1"}
2018-12-10 11:51:32 info: Send mysql query!! -> findUserByEmail:: jhmoon@brilliantts.com
2018-12-10 11:51:32 info: LocalStrategy result!! -> true
2018-12-10 11:51:32 info: passport login callback func start!! -> {"email":"jhmoon@brilliantts.com","passwd":"$2b$12$pSlAX/6RhZOfFb26UJ.yBeXHp3YdxDSL25AavfPMmH4NcsXTrrPTa","loading_number":null,"token":null,"first_name":"jh","last_name":"moon","country_code":410,"code_phone":"82","phone_number":"01082942417","selected_crypto_symbol":"FXT","created_at":"2018-12-09T16:52:10.133Z","modified_at":"2018-12-09T16:52:10.133Z","is_crypto":"1"}
2018-12-10 11:51:32 info: Send mysql query!! -> addToken:: eyJhbGciOiJIUzI1NiIsInR5cCI6IkpXVCJ9.eyJpZCI6ImpobW9vbkBicmlsbGlhbnR0cy5jb20iLCJpYXQiOjE1NDQ0MTAyOTIsImV4cCI6MTU0NDQxMDI5MiwiaXNzIjoiZnV6ZXgifQ.GyyfxLtdFitnbdUZ-YAnHWNYmA9PgLX_9nAYTgl3epY,jhmoon@brilliantts.com
2018-12-10 11:51:32 error: Query Error. -> Error: Data too long for column 'token' at row 1
2018-12-10 11:51:32 info: Send mysql query!! -> addToken:: jhmoon@brilliantts.com,eyJhbGciOiJIUzI1NiIsInR5cCI6IkpXVCJ9.eyJpZCI6ImpobW9vbkBicmlsbGlhbnR0cy5jb20iLCJpYXQiOjE1NDQ0MTAyOTIsImV4cCI6MTU0NDQxMDI5MiwiaXNzIjoiZnV6ZXgifQ.GyyfxLtdFitnbdUZ-YAnHWNYmA9PgLX_9nAYTgl3epY
2018-12-10 11:54:38 info: Send mysql query!! -> findUserByEmail:: jhmoon@brilliantts.com
2018-12-10 11:54:39 info: LocalStrategy result!! -> true
2018-12-10 11:54:39 info: passport login callback func start!! -> {"email":"jhmoon@brilliantts.com","passwd":"$2b$12$pSlAX/6RhZOfFb26UJ.yBeXHp3YdxDSL25AavfPMmH4NcsXTrrPTa","loading_number":null,"token":null,"first_name":"jh","last_name":"moon","country_code":410,"code_phone":"82","phone_number":"01082942417","selected_crypto_symbol":"FXT","created_at":"2018-12-09T16:52:10.133Z","modified_at":"2018-12-09T16:52:10.133Z","is_crypto":"1"}
2018-12-10 11:54:39 info: Send mysql query!! -> addToken:: eyJhbGciOiJIUzI1NiIsInR5cCI6IkpXVCJ9.eyJpZCI6ImpobW9vbkBicmlsbGlhbnR0cy5jb20iLCJpYXQiOjE1NDQ0MTA0NzksImV4cCI6MTU0NDQxMDQ3OSwiaXNzIjoiZnV6ZXgifQ.x9qKfpx2CuvHERMDqvG3nyyicqtcHMcb_9pC2be7c_w,jhmoon@brilliantts.com
2018-12-10 11:54:39 info: Send mysql query!! -> addToken:: eyJhbGciOiJIUzI1NiIsInR5cCI6IkpXVCJ9.eyJpZCI6ImpobW9vbkBicmlsbGlhbnR0cy5jb20iLCJpYXQiOjE1NDQ0MTA0NzksImV4cCI6MTU0NDQxMDQ3OSwiaXNzIjoiZnV6ZXgifQ.x9qKfpx2CuvHERMDqvG3nyyicqtcHMcb_9pC2be7c_w,jhmoon@brilliantts.com
2018-12-10 13:34:48 info: Send mysql query!! -> findUserByEmail:: jhmoon@brilliantts.com
2018-12-10 13:34:49 info: LocalStrategy result!! -> true:: userPassword:inputPassword -> Moon6212!:$2b$12$pSlAX/6RhZOfFb26UJ.yBeXHp3YdxDSL25AavfPMmH4NcsXTrrPTa
2018-12-10 13:34:49 info: passport login callback func start!! -> {"email":"jhmoon@brilliantts.com","passwd":"$2b$12$pSlAX/6RhZOfFb26UJ.yBeXHp3YdxDSL25AavfPMmH4NcsXTrrPTa","loading_number":null,"token":"eyJhbGciOiJIUzI1NiIsInR5cCI6IkpXVCJ9.eyJpZCI6ImpobW9vbkBicmlsbGlhbnR0cy5jb20iLCJpYXQiOjE1NDQ0MTA0NzksImV4cCI6MTU0NDQxMDQ3OSwiaXNzIjoiZnV6ZXgifQ.x9qKfpx2CuvHERMDqvG3nyyicqtcHMcb_9pC2be7c_w","first_name":"jh","last_name":"moon","country_code":410,"code_phone":"82","phone_number":"01082942417","selected_crypto_symbol":"FXT","created_at":"2018-12-09T16:52:10.133Z","modified_at":"2018-12-09T17:54:31.801Z","is_crypto":"1"}
2018-12-10 13:34:49 info: Send mysql query!! -> addToken:: eyJhbGciOiJIUzI1NiIsInR5cCI6IkpXVCJ9.eyJpZCI6ImpobW9vbkBicmlsbGlhbnR0cy5jb20iLCJpYXQiOjE1NDQ0MTY0ODksImV4cCI6MTU0NDQxNjQ4OSwiaXNzIjoiZnV6ZXgifQ.siU4MeP7dWuOMUfGWvgp5aSb_3xWSlbFwCD2KIvJ1co,jhmoon@brilliantts.com
2018-12-10 13:34:49 info: Send mysql query!! -> addToken:: eyJhbGciOiJIUzI1NiIsInR5cCI6IkpXVCJ9.eyJpZCI6ImpobW9vbkBicmlsbGlhbnR0cy5jb20iLCJpYXQiOjE1NDQ0MTY0ODksImV4cCI6MTU0NDQxNjQ4OSwiaXNzIjoiZnV6ZXgifQ.siU4MeP7dWuOMUfGWvgp5aSb_3xWSlbFwCD2KIvJ1co,jhmoon@brilliantts.com
2018-12-10 13:35:51 info: Send mysql query!! -> findUserByEmail:: jhmoon@brilliantts.com
2018-12-10 13:35:51 info: LocalStrategy result!! -> true:: userPassword:inputPassword -> Moon6212!:$2b$12$pSlAX/6RhZOfFb26UJ.yBeXHp3YdxDSL25AavfPMmH4NcsXTrrPTa
2018-12-10 13:35:51 info: Send mysql query!! -> addToken:: eyJhbGciOiJIUzI1NiIsInR5cCI6IkpXVCJ9.eyJpZCI6ImpobW9vbkBicmlsbGlhbnR0cy5jb20iLCJpYXQiOjE1NDQ0MTY1NTEsImV4cCI6MTU0NDQxNjU1MSwiaXNzIjoiZnV6ZXgifQ.ZD99rZ0E1oCRvL8ExRxl63CuMoml28fJ8YTrzH6Am7A,jhmoon@brilliantts.com
2018-12-10 13:35:51 info: passport login callback func start!! -> {"email":"jhmoon@brilliantts.com","passwd":"$2b$12$pSlAX/6RhZOfFb26UJ.yBeXHp3YdxDSL25AavfPMmH4NcsXTrrPTa","loading_number":null,"token":"eyJhbGciOiJIUzI1NiIsInR5cCI6IkpXVCJ9.eyJpZCI6ImpobW9vbkBicmlsbGlhbnR0cy5jb20iLCJpYXQiOjE1NDQ0MTY0ODksImV4cCI6MTU0NDQxNjQ4OSwiaXNzIjoiZnV6ZXgifQ.siU4MeP7dWuOMUfGWvgp5aSb_3xWSlbFwCD2KIvJ1co","first_name":"jh","last_name":"moon","country_code":410,"code_phone":"82","phone_number":"01082942417","selected_crypto_symbol":"FXT","created_at":"2018-12-09T16:52:10.133Z","modified_at":"2018-12-09T19:34:41.564Z","is_crypto":"1"}
2018-12-10 13:35:51 info: Send mysql query!! -> addToken:: eyJhbGciOiJIUzI1NiIsInR5cCI6IkpXVCJ9.eyJpZCI6ImpobW9vbkBicmlsbGlhbnR0cy5jb20iLCJpYXQiOjE1NDQ0MTY1NTEsImV4cCI6MTU0NDQxNjU1MSwiaXNzIjoiZnV6ZXgifQ.ZD99rZ0E1oCRvL8ExRxl63CuMoml28fJ8YTrzH6Am7A,jhmoon@brilliantts.com
2018-12-10 13:50:00 info: Send mysql query!! -> findUserByEmail:: jhmoon@brilliantts.com
2018-12-10 13:50:01 info: LocalStrategy result!! -> true:: userPassword:inputPassword -> Moon6212!:$2b$12$pSlAX/6RhZOfFb26UJ.yBeXHp3YdxDSL25AavfPMmH4NcsXTrrPTa
2018-12-10 13:50:01 info: passport login callback func start!! -> {"email":"jhmoon@brilliantts.com","passwd":"$2b$12$pSlAX/6RhZOfFb26UJ.yBeXHp3YdxDSL25AavfPMmH4NcsXTrrPTa","loading_number":null,"token":"eyJhbGciOiJIUzI1NiIsInR5cCI6IkpXVCJ9.eyJpZCI6ImpobW9vbkBicmlsbGlhbnR0cy5jb20iLCJpYXQiOjE1NDQ0MTY1NTEsImV4cCI6MTU0NDQxNjU1MSwiaXNzIjoiZnV6ZXgifQ.ZD99rZ0E1oCRvL8ExRxl63CuMoml28fJ8YTrzH6Am7A","first_name":"jh","last_name":"moon","country_code":410,"code_phone":"82","phone_number":"01082942417","selected_crypto_symbol":"FXT","created_at":"2018-12-09T16:52:10.133Z","modified_at":"2018-12-09T19:35:44.296Z","is_crypto":"1"}
2018-12-10 13:50:01 info: Send mysql query!! -> addToken:: eyJhbGciOiJIUzI1NiIsInR5cCI6IkpXVCJ9.eyJpZCI6ImpobW9vbkBicmlsbGlhbnR0cy5jb20iLCJmaXJzdE5hbWUiOiJqaCIsImxhc3ROYW1lIjoibW9vbiIsImlhdCI6MTU0NDQxNzQwMSwiZXhwIjoxNTQ0NDE3NDAxLCJpc3MiOiJmdXpleCJ9.V2MhvCn-JE-C6Rht3RcmCGtqg9Pdd0acoeVVAKnjQM0,jhmoon@brilliantts.com
2018-12-10 13:50:01 error: Query Error. -> Error: Data too long for column 'token' at row 1
2018-12-10 13:50:01 info: Send mysql query!! -> addToken:: eyJhbGciOiJIUzI1NiIsInR5cCI6IkpXVCJ9.eyJpZCI6ImpobW9vbkBicmlsbGlhbnR0cy5jb20iLCJmaXJzdE5hbWUiOiJqaCIsImxhc3ROYW1lIjoibW9vbiIsImlhdCI6MTU0NDQxNzQwMSwiZXhwIjoxNTQ0NDE3NDAxLCJpc3MiOiJmdXpleCJ9.V2MhvCn-JE-C6Rht3RcmCGtqg9Pdd0acoeVVAKnjQM0,jhmoon@brilliantts.com
2018-12-10 13:50:50 info: Send mysql query!! -> findUserByEmail:: jhmoon@brilliantts.com
2018-12-10 13:50:51 info: LocalStrategy result!! -> true:: userPassword:inputPassword -> Moon6212!:$2b$12$pSlAX/6RhZOfFb26UJ.yBeXHp3YdxDSL25AavfPMmH4NcsXTrrPTa
2018-12-10 13:50:51 info: passport login callback func start!! -> {"email":"jhmoon@brilliantts.com","passwd":"$2b$12$pSlAX/6RhZOfFb26UJ.yBeXHp3YdxDSL25AavfPMmH4NcsXTrrPTa","loading_number":null,"token":"eyJhbGciOiJIUzI1NiIsInR5cCI6IkpXVCJ9.eyJpZCI6ImpobW9vbkBicmlsbGlhbnR0cy5jb20iLCJpYXQiOjE1NDQ0MTY1NTEsImV4cCI6MTU0NDQxNjU1MSwiaXNzIjoiZnV6ZXgifQ.ZD99rZ0E1oCRvL8ExRxl63CuMoml28fJ8YTrzH6Am7A","first_name":"jh","last_name":"moon","country_code":410,"code_phone":"82","phone_number":"01082942417","selected_crypto_symbol":"FXT","created_at":"2018-12-09T16:52:10.133Z","modified_at":"2018-12-09T19:35:44.296Z","is_crypto":"1"}
2018-12-10 13:50:51 info: Send mysql query!! -> addToken:: eyJhbGciOiJIUzI1NiIsInR5cCI6IkpXVCJ9.eyJpZCI6ImpobW9vbkBicmlsbGlhbnR0cy5jb20iLCJpYXQiOjE1NDQ0MTc0NTEsImV4cCI6MTU0NDQxNzQ1MSwiaXNzIjoiZnV6ZXgifQ.MF9cwZlruwB44U0SEGjMw4G5tJDg-Co6A-Znza_B2j0,jhmoon@brilliantts.com
2018-12-10 13:50:51 info: Send mysql query!! -> addToken:: eyJhbGciOiJIUzI1NiIsInR5cCI6IkpXVCJ9.eyJpZCI6ImpobW9vbkBicmlsbGlhbnR0cy5jb20iLCJpYXQiOjE1NDQ0MTc0NTEsImV4cCI6MTU0NDQxNzQ1MSwiaXNzIjoiZnV6ZXgifQ.MF9cwZlruwB44U0SEGjMw4G5tJDg-Co6A-Znza_B2j0,jhmoon@brilliantts.com
2018-12-10 13:58:32 error: {"status":500}
2018-12-10 13:58:54 error: {"status":500}
2018-12-10 13:58:55 error: {"status":500}
2018-12-10 14:07:53 info: Send mysql query!! -> findUserByEmail:: jhmoon@brilliantts.com
2018-12-10 14:07:53 info: LocalStrategy result!! -> true:: userPassword:inputPassword -> Moon6212!:$2b$12$pSlAX/6RhZOfFb26UJ.yBeXHp3YdxDSL25AavfPMmH4NcsXTrrPTa
2018-12-10 14:07:53 info: passport login callback func start!! -> {"email":"jhmoon@brilliantts.com","passwd":"$2b$12$pSlAX/6RhZOfFb26UJ.yBeXHp3YdxDSL25AavfPMmH4NcsXTrrPTa","loading_number":null,"token":"eyJhbGciOiJIUzI1NiIsInR5cCI6IkpXVCJ9.eyJpZCI6ImpobW9vbkBicmlsbGlhbnR0cy5jb20iLCJpYXQiOjE1NDQ0MTc0NTEsImV4cCI6MTU0NDQxNzQ1MSwiaXNzIjoiZnV6ZXgifQ.MF9cwZlruwB44U0SEGjMw4G5tJDg-Co6A-Znza_B2j0","first_name":"jh","last_name":"moon","country_code":410,"code_phone":"82","phone_number":"01082942417","selected_crypto_symbol":"FXT","created_at":"2018-12-09T16:52:10.133Z","modified_at":"2018-12-09T19:50:43.803Z","is_crypto":"1"}
2018-12-10 14:07:53 info: Send mysql query!! -> addToken:: eyJhbGciOiJIUzI1NiIsInR5cCI6IkpXVCJ9.eyJpZCI6ImpobW9vbkBicmlsbGlhbnR0cy5jb20iLCJpYXQiOjE1NDQ0MTg0NzMsImV4cCI6MTU0NDQxODQ3MywiaXNzIjoiZnV6ZXgifQ.0TiFK5c0yWDJQ3RKh0w6qP2IH7mjf0mNEJBTlMWNwhQ,jhmoon@brilliantts.com
2018-12-10 14:07:53 info: Send mysql query!! -> addToken:: eyJhbGciOiJIUzI1NiIsInR5cCI6IkpXVCJ9.eyJpZCI6ImpobW9vbkBicmlsbGlhbnR0cy5jb20iLCJpYXQiOjE1NDQ0MTg0NzMsImV4cCI6MTU0NDQxODQ3MywiaXNzIjoiZnV6ZXgifQ.0TiFK5c0yWDJQ3RKh0w6qP2IH7mjf0mNEJBTlMWNwhQ,jhmoon@brilliantts.com
2018-12-10 14:09:44 info: Send mysql query!! -> findUserByEmail:: jhmoon@brilliantts.com
2018-12-10 14:09:44 info: LocalStrategy result!! -> true:: userPassword:inputPassword -> Moon6212!:$2b$12$pSlAX/6RhZOfFb26UJ.yBeXHp3YdxDSL25AavfPMmH4NcsXTrrPTa
2018-12-10 14:09:44 info: passport login callback func start!! -> {"email":"jhmoon@brilliantts.com","passwd":"$2b$12$pSlAX/6RhZOfFb26UJ.yBeXHp3YdxDSL25AavfPMmH4NcsXTrrPTa","loading_number":null,"token":"eyJhbGciOiJIUzI1NiIsInR5cCI6IkpXVCJ9.eyJpZCI6ImpobW9vbkBicmlsbGlhbnR0cy5jb20iLCJpYXQiOjE1NDQ0MTg0NzMsImV4cCI6MTU0NDQxODQ3MywiaXNzIjoiZnV6ZXgifQ.0TiFK5c0yWDJQ3RKh0w6qP2IH7mjf0mNEJBTlMWNwhQ","first_name":"jh","last_name":"moon","country_code":410,"code_phone":"82","phone_number":"01082942417","selected_crypto_symbol":"FXT","created_at":"2018-12-09T16:52:10.133Z","modified_at":"2018-12-09T20:07:46.289Z","is_crypto":"1"}
2018-12-10 14:09:44 info: Send mysql query!! -> addToken:: eyJhbGciOiJIUzI1NiIsInR5cCI6IkpXVCJ9.eyJpZCI6ImpobW9vbkBicmlsbGlhbnR0cy5jb20iLCJpYXQiOjE1NDQ0MTg1ODQsImV4cCI6MTU0NDQxODU4NCwiaXNzIjoiZnV6ZXgifQ.xRhnbBKXZ3GR8dhhLEHlv1vc-8npPer8fM4zmOI1x4I,jhmoon@brilliantts.com
2018-12-10 14:09:45 info: Send mysql query!! -> addToken:: eyJhbGciOiJIUzI1NiIsInR5cCI6IkpXVCJ9.eyJpZCI6ImpobW9vbkBicmlsbGlhbnR0cy5jb20iLCJpYXQiOjE1NDQ0MTg1ODQsImV4cCI6MTU0NDQxODU4NCwiaXNzIjoiZnV6ZXgifQ.xRhnbBKXZ3GR8dhhLEHlv1vc-8npPer8fM4zmOI1x4I,jhmoon@brilliantts.com
2018-12-10 14:11:01 info: Send mysql query!! -> findUserByEmail:: jhmoon@brilliantts.com
2018-12-10 14:11:02 info: LocalStrategy result!! -> true:: userPassword:inputPassword -> Moon6212!:$2b$12$pSlAX/6RhZOfFb26UJ.yBeXHp3YdxDSL25AavfPMmH4NcsXTrrPTa
2018-12-10 14:11:02 info: passport login callback func start!! -> {"email":"jhmoon@brilliantts.com","passwd":"$2b$12$pSlAX/6RhZOfFb26UJ.yBeXHp3YdxDSL25AavfPMmH4NcsXTrrPTa","loading_number":null,"token":"eyJhbGciOiJIUzI1NiIsInR5cCI6IkpXVCJ9.eyJpZCI6ImpobW9vbkBicmlsbGlhbnR0cy5jb20iLCJpYXQiOjE1NDQ0MTg1ODQsImV4cCI6MTU0NDQxODU4NCwiaXNzIjoiZnV6ZXgifQ.xRhnbBKXZ3GR8dhhLEHlv1vc-8npPer8fM4zmOI1x4I","first_name":"jh","last_name":"moon","country_code":410,"code_phone":"82","phone_number":"01082942417","selected_crypto_symbol":"FXT","created_at":"2018-12-09T16:52:10.133Z","modified_at":"2018-12-09T20:09:37.392Z","is_crypto":"1"}
2018-12-10 14:11:02 info: Send mysql query!! -> addToken:: eyJhbGciOiJIUzI1NiIsInR5cCI6IkpXVCJ9.eyJpZCI6ImpobW9vbkBicmlsbGlhbnR0cy5jb20iLCJpYXQiOjE1NDQ0MTg2NjIsImV4cCI6MTU0NDQxODY2MiwiaXNzIjoiZnV6ZXgifQ.r3y4moEgavuNX9vhOvOHDj0aZsSKUc1806TyG3uxVlQ,jhmoon@brilliantts.com
2018-12-10 14:11:02 info: Send mysql query!! -> addToken:: eyJhbGciOiJIUzI1NiIsInR5cCI6IkpXVCJ9.eyJpZCI6ImpobW9vbkBicmlsbGlhbnR0cy5jb20iLCJpYXQiOjE1NDQ0MTg2NjIsImV4cCI6MTU0NDQxODY2MiwiaXNzIjoiZnV6ZXgifQ.r3y4moEgavuNX9vhOvOHDj0aZsSKUc1806TyG3uxVlQ,jhmoon@brilliantts.com
2018-12-10 14:11:58 info: Send mysql query!! -> findUserByEmail:: jhmoon@brilliantts.com
2018-12-10 14:11:58 info: LocalStrategy result!! -> true:: userPassword:inputPassword -> Moon6212!:$2b$12$pSlAX/6RhZOfFb26UJ.yBeXHp3YdxDSL25AavfPMmH4NcsXTrrPTa
2018-12-10 14:11:58 info: passport login callback func start!! -> {"email":"jhmoon@brilliantts.com","passwd":"$2b$12$pSlAX/6RhZOfFb26UJ.yBeXHp3YdxDSL25AavfPMmH4NcsXTrrPTa","loading_number":null,"token":"eyJhbGciOiJIUzI1NiIsInR5cCI6IkpXVCJ9.eyJpZCI6ImpobW9vbkBicmlsbGlhbnR0cy5jb20iLCJpYXQiOjE1NDQ0MTg2NjIsImV4cCI6MTU0NDQxODY2MiwiaXNzIjoiZnV6ZXgifQ.r3y4moEgavuNX9vhOvOHDj0aZsSKUc1806TyG3uxVlQ","first_name":"jh","last_name":"moon","country_code":410,"code_phone":"82","phone_number":"01082942417","selected_crypto_symbol":"FXT","created_at":"2018-12-09T16:52:10.133Z","modified_at":"2018-12-09T20:10:54.752Z","is_crypto":"1"}
2018-12-10 14:11:58 info: Send mysql query!! -> addToken:: eyJhbGciOiJIUzI1NiIsInR5cCI6IkpXVCJ9.eyJpZCI6ImpobW9vbkBicmlsbGlhbnR0cy5jb20iLCJpYXQiOjE1NDQ0MTg3MTgsImV4cCI6MTU0NDQxODcxOCwiaXNzIjoiZnV6ZXgifQ.qtBA1Z3EcyGUxe35N9CAfh-1-5ll8T2igGvMppEmAWg,jhmoon@brilliantts.com
2018-12-10 14:11:58 info: Send mysql query!! -> addToken:: eyJhbGciOiJIUzI1NiIsInR5cCI6IkpXVCJ9.eyJpZCI6ImpobW9vbkBicmlsbGlhbnR0cy5jb20iLCJpYXQiOjE1NDQ0MTg3MTgsImV4cCI6MTU0NDQxODcxOCwiaXNzIjoiZnV6ZXgifQ.qtBA1Z3EcyGUxe35N9CAfh-1-5ll8T2igGvMppEmAWg,jhmoon@brilliantts.com
2018-12-10 14:12:40 info: Send mysql query!! -> findUserByEmail:: jhmoon@brilliantts.com
2018-12-10 14:12:40 info: LocalStrategy result!! -> true:: userPassword:inputPassword -> Moon6212!:$2b$12$pSlAX/6RhZOfFb26UJ.yBeXHp3YdxDSL25AavfPMmH4NcsXTrrPTa
2018-12-10 14:12:40 info: Send mysql query!! -> addToken:: eyJhbGciOiJIUzI1NiIsInR5cCI6IkpXVCJ9.eyJpZCI6ImpobW9vbkBicmlsbGlhbnR0cy5jb20iLCJpYXQiOjE1NDQ0MTg3NjAsImV4cCI6MTU0NDQxODc2MCwiaXNzIjoiZnV6ZXgifQ.I_lFstmq2ayD3I0_iQrQmpbq8ToG0OcsGnKTCtS7tco,jhmoon@brilliantts.com
2018-12-10 14:12:40 info: passport login callback func start!! -> {"email":"jhmoon@brilliantts.com","passwd":"$2b$12$pSlAX/6RhZOfFb26UJ.yBeXHp3YdxDSL25AavfPMmH4NcsXTrrPTa","loading_number":null,"token":"eyJhbGciOiJIUzI1NiIsInR5cCI6IkpXVCJ9.eyJpZCI6ImpobW9vbkBicmlsbGlhbnR0cy5jb20iLCJpYXQiOjE1NDQ0MTg3MTgsImV4cCI6MTU0NDQxODcxOCwiaXNzIjoiZnV6ZXgifQ.qtBA1Z3EcyGUxe35N9CAfh-1-5ll8T2igGvMppEmAWg","first_name":"jh","last_name":"moon","country_code":410,"code_phone":"82","phone_number":"01082942417","selected_crypto_symbol":"FXT","created_at":"2018-12-09T16:52:10.133Z","modified_at":"2018-12-09T20:11:51.313Z","is_crypto":"1"}
2018-12-10 14:12:40 info: Send mysql query!! -> addToken:: eyJhbGciOiJIUzI1NiIsInR5cCI6IkpXVCJ9.eyJpZCI6ImpobW9vbkBicmlsbGlhbnR0cy5jb20iLCJpYXQiOjE1NDQ0MTg3NjAsImV4cCI6MTU0NDQxODc2MCwiaXNzIjoiZnV6ZXgifQ.I_lFstmq2ayD3I0_iQrQmpbq8ToG0OcsGnKTCtS7tco,jhmoon@brilliantts.com
2018-12-10 14:17:57 error: {"status":500}
2018-12-10 14:36:12 info: Send mysql query!! -> findUserByEmail:: jhmoon@brilliantts.com
2018-12-10 14:36:12 info: LocalStrategy result!! -> true:: userPassword:inputPassword -> Moon6212!:$2b$12$pSlAX/6RhZOfFb26UJ.yBeXHp3YdxDSL25AavfPMmH4NcsXTrrPTa
2018-12-10 14:36:12 info: passport login callback func start!! -> {"email":"jhmoon@brilliantts.com","passwd":"$2b$12$pSlAX/6RhZOfFb26UJ.yBeXHp3YdxDSL25AavfPMmH4NcsXTrrPTa","loading_number":null,"token":"eyJhbGciOiJIUzI1NiIsInR5cCI6IkpXVCJ9.eyJpZCI6ImpobW9vbkBicmlsbGlhbnR0cy5jb20iLCJpYXQiOjE1NDQ0MTg3NjAsImV4cCI6MTU0NDQxODc2MCwiaXNzIjoiZnV6ZXgifQ.I_lFstmq2ayD3I0_iQrQmpbq8ToG0OcsGnKTCtS7tco","first_name":"jh","last_name":"moon","country_code":410,"code_phone":"82","phone_number":"01082942417","selected_crypto_symbol":"FXT","created_at":"2018-12-09T16:52:10.133Z","modified_at":"2018-12-09T20:12:33.126Z","is_crypto":"1"}
2018-12-10 14:36:12 info: Send mysql query!! -> addToken:: eyJhbGciOiJIUzI1NiIsInR5cCI6IkpXVCJ9.eyJpZCI6ImpobW9vbkBicmlsbGlhbnR0cy5jb20iLCJpYXQiOjE1NDQ0MjAxNzIsImV4cCI6MTg1OTk5NjE3MiwiaXNzIjoiZnV6ZXgifQ.tiz1VuQi21MzmrD_Vp-4KmmFNaLqgW5n5SOWW4WpcAs,jhmoon@brilliantts.com
2018-12-10 14:36:12 info: Send mysql query!! -> addToken:: eyJhbGciOiJIUzI1NiIsInR5cCI6IkpXVCJ9.eyJpZCI6ImpobW9vbkBicmlsbGlhbnR0cy5jb20iLCJpYXQiOjE1NDQ0MjAxNzIsImV4cCI6MTg1OTk5NjE3MiwiaXNzIjoiZnV6ZXgifQ.tiz1VuQi21MzmrD_Vp-4KmmFNaLqgW5n5SOWW4WpcAs,jhmoon@brilliantts.com
2018-12-10 14:36:42 info: Send mysql query!! -> findUserByEmail:: jhmoon@brilliantts.com
2018-12-10 14:36:42 info: LocalStrategy result!! -> true:: userPassword:inputPassword -> Moon6212!:$2b$12$pSlAX/6RhZOfFb26UJ.yBeXHp3YdxDSL25AavfPMmH4NcsXTrrPTa
2018-12-10 14:36:42 info: passport login callback func start!! -> {"email":"jhmoon@brilliantts.com","passwd":"$2b$12$pSlAX/6RhZOfFb26UJ.yBeXHp3YdxDSL25AavfPMmH4NcsXTrrPTa","loading_number":null,"token":"eyJhbGciOiJIUzI1NiIsInR5cCI6IkpXVCJ9.eyJpZCI6ImpobW9vbkBicmlsbGlhbnR0cy5jb20iLCJpYXQiOjE1NDQ0MjAxNzIsImV4cCI6MTg1OTk5NjE3MiwiaXNzIjoiZnV6ZXgifQ.tiz1VuQi21MzmrD_Vp-4KmmFNaLqgW5n5SOWW4WpcAs","first_name":"jh","last_name":"moon","country_code":410,"code_phone":"82","phone_number":"01082942417","selected_crypto_symbol":"FXT","created_at":"2018-12-09T16:52:10.133Z","modified_at":"2018-12-09T20:36:04.878Z","is_crypto":"1"}
2018-12-10 14:36:42 info: Send mysql query!! -> addToken:: eyJhbGciOiJIUzI1NiIsInR5cCI6IkpXVCJ9.eyJpZCI6ImpobW9vbkBicmlsbGlhbnR0cy5jb20iLCJpYXQiOjE1NDQ0MjAyMDIsImV4cCI6MTg1OTk5NjIwMiwiaXNzIjoiZnV6ZXgifQ.fuLb-IAfr9tIxoMvk1N2oj_2gbEX5vYFu7OJCMZO5c0,jhmoon@brilliantts.com
2018-12-10 14:36:43 info: Send mysql query!! -> addToken:: eyJhbGciOiJIUzI1NiIsInR5cCI6IkpXVCJ9.eyJpZCI6ImpobW9vbkBicmlsbGlhbnR0cy5jb20iLCJpYXQiOjE1NDQ0MjAyMDIsImV4cCI6MTg1OTk5NjIwMiwiaXNzIjoiZnV6ZXgifQ.fuLb-IAfr9tIxoMvk1N2oj_2gbEX5vYFu7OJCMZO5c0,jhmoon@brilliantts.com
2018-12-10 14:40:35 info: Send mysql query!! -> findUserByEmail:: jhmoon@brilliantts.com
2018-12-10 14:40:35 info: LocalStrategy result!! -> true:: userPassword:inputPassword -> Moon6212!:$2b$12$pSlAX/6RhZOfFb26UJ.yBeXHp3YdxDSL25AavfPMmH4NcsXTrrPTa
2018-12-10 14:40:35 info: passport login callback func start!! -> {"email":"jhmoon@brilliantts.com","passwd":"$2b$12$pSlAX/6RhZOfFb26UJ.yBeXHp3YdxDSL25AavfPMmH4NcsXTrrPTa","loading_number":null,"token":"eyJhbGciOiJIUzI1NiIsInR5cCI6IkpXVCJ9.eyJpZCI6ImpobW9vbkBicmlsbGlhbnR0cy5jb20iLCJpYXQiOjE1NDQ0MjAyMDIsImV4cCI6MTg1OTk5NjIwMiwiaXNzIjoiZnV6ZXgifQ.fuLb-IAfr9tIxoMvk1N2oj_2gbEX5vYFu7OJCMZO5c0","first_name":"jh","last_name":"moon","country_code":410,"code_phone":"82","phone_number":"01082942417","selected_crypto_symbol":"FXT","created_at":"2018-12-09T16:52:10.133Z","modified_at":"2018-12-09T20:36:35.371Z","is_crypto":"1"}
2018-12-10 14:40:35 info: Send mysql query!! -> addToken:: eyJhbGciOiJIUzI1NiIsInR5cCI6IkpXVCJ9.eyJpZCI6ImpobW9vbkBicmlsbGlhbnR0cy5jb20iLCJpYXQiOjE1NDQ0MjA0MzUsImV4cCI6MTg1OTk5NjQzNSwiaXNzIjoiZnV6ZXgifQ.iMGzMCykTVK7c3gDh4ZHRaxyGPlbSmqxDDyPVaSnnFE,jhmoon@brilliantts.com
2018-12-10 14:40:35 info: Send mysql query!! -> addToken:: eyJhbGciOiJIUzI1NiIsInR5cCI6IkpXVCJ9.eyJpZCI6ImpobW9vbkBicmlsbGlhbnR0cy5jb20iLCJpYXQiOjE1NDQ0MjA0MzUsImV4cCI6MTg1OTk5NjQzNSwiaXNzIjoiZnV6ZXgifQ.iMGzMCykTVK7c3gDh4ZHRaxyGPlbSmqxDDyPVaSnnFE,jhmoon@brilliantts.com
2018-12-10 14:41:23 info: Send mysql query!! -> findUserByEmail:: jhmoon@brilliantts.com
2018-12-10 14:41:23 info: LocalStrategy result!! -> true:: userPassword:inputPassword -> Moon6212!:$2b$12$pSlAX/6RhZOfFb26UJ.yBeXHp3YdxDSL25AavfPMmH4NcsXTrrPTa
2018-12-10 14:41:23 info: passport login callback func start!! -> {"email":"jhmoon@brilliantts.com","passwd":"$2b$12$pSlAX/6RhZOfFb26UJ.yBeXHp3YdxDSL25AavfPMmH4NcsXTrrPTa","loading_number":null,"token":"eyJhbGciOiJIUzI1NiIsInR5cCI6IkpXVCJ9.eyJpZCI6ImpobW9vbkBicmlsbGlhbnR0cy5jb20iLCJpYXQiOjE1NDQ0MjA0MzUsImV4cCI6MTg1OTk5NjQzNSwiaXNzIjoiZnV6ZXgifQ.iMGzMCykTVK7c3gDh4ZHRaxyGPlbSmqxDDyPVaSnnFE","first_name":"jh","last_name":"moon","country_code":410,"code_phone":"82","phone_number":"01082942417","selected_crypto_symbol":"FXT","created_at":"2018-12-09T16:52:10.133Z","modified_at":"2018-12-09T20:40:28.182Z","is_crypto":"1"}
2018-12-10 14:41:23 info: Send mysql query!! -> addToken:: eyJhbGciOiJIUzI1NiIsInR5cCI6IkpXVCJ9.eyJpZCI6ImpobW9vbkBicmlsbGlhbnR0cy5jb20iLCJpYXQiOjE1NDQ0MjA0ODMsImV4cCI6MTg1OTk5NjQ4MywiaXNzIjoiZnV6ZXgifQ.uQzeuxJFwxhFEo3uVfHGdCaR07YgJs7urC_htZSWN9I,jhmoon@brilliantts.com
2018-12-10 14:41:24 info: Send mysql query!! -> addToken:: eyJhbGciOiJIUzI1NiIsInR5cCI6IkpXVCJ9.eyJpZCI6ImpobW9vbkBicmlsbGlhbnR0cy5jb20iLCJpYXQiOjE1NDQ0MjA0ODMsImV4cCI6MTg1OTk5NjQ4MywiaXNzIjoiZnV6ZXgifQ.uQzeuxJFwxhFEo3uVfHGdCaR07YgJs7urC_htZSWN9I,jhmoon@brilliantts.com
2018-12-10 14:43:26 info: Send mysql query!! -> findUserByEmail:: jhmoon@brilliantts.com
2018-12-10 14:43:27 info: LocalStrategy result!! -> true:: userPassword:inputPassword -> Moon6212!:$2b$12$pSlAX/6RhZOfFb26UJ.yBeXHp3YdxDSL25AavfPMmH4NcsXTrrPTa
2018-12-10 14:43:27 info: passport login callback func start!! -> {"email":"jhmoon@brilliantts.com","passwd":"$2b$12$pSlAX/6RhZOfFb26UJ.yBeXHp3YdxDSL25AavfPMmH4NcsXTrrPTa","loading_number":null,"token":"eyJhbGciOiJIUzI1NiIsInR5cCI6IkpXVCJ9.eyJpZCI6ImpobW9vbkBicmlsbGlhbnR0cy5jb20iLCJpYXQiOjE1NDQ0MjA0ODMsImV4cCI6MTg1OTk5NjQ4MywiaXNzIjoiZnV6ZXgifQ.uQzeuxJFwxhFEo3uVfHGdCaR07YgJs7urC_htZSWN9I","first_name":"jh","last_name":"moon","country_code":410,"code_phone":"82","phone_number":"01082942417","selected_crypto_symbol":"FXT","created_at":"2018-12-09T16:52:10.133Z","modified_at":"2018-12-09T20:41:16.351Z","is_crypto":"1"}
2018-12-10 14:43:27 info: Send mysql query!! -> addToken:: eyJhbGciOiJIUzI1NiIsInR5cCI6IkpXVCJ9.eyJpZCI6ImpobW9vbkBicmlsbGlhbnR0cy5jb20iLCJpYXQiOjE1NDQ0MjA2MDcsImV4cCI6MTg1OTk5NjYwNywiaXNzIjoiZnV6ZXgifQ.Jd3i3Ejinimy6Cn4ma_4KnX093KNGku8aY3XhnhCPwA,jhmoon@brilliantts.com
2018-12-10 14:43:27 info: Send mysql query!! -> addToken:: eyJhbGciOiJIUzI1NiIsInR5cCI6IkpXVCJ9.eyJpZCI6ImpobW9vbkBicmlsbGlhbnR0cy5jb20iLCJpYXQiOjE1NDQ0MjA2MDcsImV4cCI6MTg1OTk5NjYwNywiaXNzIjoiZnV6ZXgifQ.Jd3i3Ejinimy6Cn4ma_4KnX093KNGku8aY3XhnhCPwA,jhmoon@brilliantts.com
2018-12-10 14:43:32 info: Send mysql query!! -> findUserByEmail:: jhmoon@brilliantts.com
2018-12-10 14:43:32 info: Send mysql query!! -> findUserByEmail:: jhmoon@brilliantts.com
2018-12-10 14:43:32 info: LocalStrategy result!! -> true:: userPassword:inputPassword -> Moon6212!:$2b$12$pSlAX/6RhZOfFb26UJ.yBeXHp3YdxDSL25AavfPMmH4NcsXTrrPTa
2018-12-10 14:43:32 info: passport login callback func start!! -> {"email":"jhmoon@brilliantts.com","passwd":"$2b$12$pSlAX/6RhZOfFb26UJ.yBeXHp3YdxDSL25AavfPMmH4NcsXTrrPTa","loading_number":null,"token":"eyJhbGciOiJIUzI1NiIsInR5cCI6IkpXVCJ9.eyJpZCI6ImpobW9vbkBicmlsbGlhbnR0cy5jb20iLCJpYXQiOjE1NDQ0MjA2MDcsImV4cCI6MTg1OTk5NjYwNywiaXNzIjoiZnV6ZXgifQ.Jd3i3Ejinimy6Cn4ma_4KnX093KNGku8aY3XhnhCPwA","first_name":"jh","last_name":"moon","country_code":410,"code_phone":"82","phone_number":"01082942417","selected_crypto_symbol":"FXT","created_at":"2018-12-09T16:52:10.133Z","modified_at":"2018-12-09T20:43:19.584Z","is_crypto":"1"}
2018-12-10 14:43:32 info: Send mysql query!! -> addToken:: eyJhbGciOiJIUzI1NiIsInR5cCI6IkpXVCJ9.eyJpZCI6ImpobW9vbkBicmlsbGlhbnR0cy5jb20iLCJpYXQiOjE1NDQ0MjA2MTIsImV4cCI6MTg1OTk5NjYxMiwiaXNzIjoiZnV6ZXgifQ.fVS7c5UXkeW7sTcyN3kcFtGCkiuq1X6lAGawL-1K1SE,jhmoon@brilliantts.com
2018-12-10 14:43:32 info: Send mysql query!! -> addToken:: eyJhbGciOiJIUzI1NiIsInR5cCI6IkpXVCJ9.eyJpZCI6ImpobW9vbkBicmlsbGlhbnR0cy5jb20iLCJpYXQiOjE1NDQ0MjA2MTIsImV4cCI6MTg1OTk5NjYxMiwiaXNzIjoiZnV6ZXgifQ.fVS7c5UXkeW7sTcyN3kcFtGCkiuq1X6lAGawL-1K1SE,jhmoon@brilliantts.com
2018-12-10 14:43:32 info: LocalStrategy result!! -> true:: userPassword:inputPassword -> Moon6212!:$2b$12$pSlAX/6RhZOfFb26UJ.yBeXHp3YdxDSL25AavfPMmH4NcsXTrrPTa
2018-12-10 14:43:32 info: passport login callback func start!! -> {"email":"jhmoon@brilliantts.com","passwd":"$2b$12$pSlAX/6RhZOfFb26UJ.yBeXHp3YdxDSL25AavfPMmH4NcsXTrrPTa","loading_number":null,"token":"eyJhbGciOiJIUzI1NiIsInR5cCI6IkpXVCJ9.eyJpZCI6ImpobW9vbkBicmlsbGlhbnR0cy5jb20iLCJpYXQiOjE1NDQ0MjA2MDcsImV4cCI6MTg1OTk5NjYwNywiaXNzIjoiZnV6ZXgifQ.Jd3i3Ejinimy6Cn4ma_4KnX093KNGku8aY3XhnhCPwA","first_name":"jh","last_name":"moon","country_code":410,"code_phone":"82","phone_number":"01082942417","selected_crypto_symbol":"FXT","created_at":"2018-12-09T16:52:10.133Z","modified_at":"2018-12-09T20:43:19.584Z","is_crypto":"1"}
2018-12-10 14:43:32 info: Send mysql query!! -> addToken:: eyJhbGciOiJIUzI1NiIsInR5cCI6IkpXVCJ9.eyJpZCI6ImpobW9vbkBicmlsbGlhbnR0cy5jb20iLCJpYXQiOjE1NDQ0MjA2MTIsImV4cCI6MTg1OTk5NjYxMiwiaXNzIjoiZnV6ZXgifQ.fVS7c5UXkeW7sTcyN3kcFtGCkiuq1X6lAGawL-1K1SE,jhmoon@brilliantts.com
2018-12-10 14:43:32 info: Send mysql query!! -> addToken:: eyJhbGciOiJIUzI1NiIsInR5cCI6IkpXVCJ9.eyJpZCI6ImpobW9vbkBicmlsbGlhbnR0cy5jb20iLCJpYXQiOjE1NDQ0MjA2MTIsImV4cCI6MTg1OTk5NjYxMiwiaXNzIjoiZnV6ZXgifQ.fVS7c5UXkeW7sTcyN3kcFtGCkiuq1X6lAGawL-1K1SE,jhmoon@brilliantts.com
2018-12-10 16:58:45 info: Send mysql query!! -> findUserByEmail:: jhmoon@brilliantts.com
2018-12-10 16:58:45 info: LocalStrategy result!! -> true:: userPassword:inputPassword -> Moon6212!:$2b$12$pSlAX/6RhZOfFb26UJ.yBeXHp3YdxDSL25AavfPMmH4NcsXTrrPTa
2018-12-10 16:58:45 info: passport login callback func start!! -> {"email":"jhmoon@brilliantts.com","passwd":"$2b$12$pSlAX/6RhZOfFb26UJ.yBeXHp3YdxDSL25AavfPMmH4NcsXTrrPTa","loading_number":null,"token":"eyJhbGciOiJIUzI1NiIsInR5cCI6IkpXVCJ9.eyJpZCI6ImpobW9vbkBicmlsbGlhbnR0cy5jb20iLCJpYXQiOjE1NDQ0MjA2MTIsImV4cCI6MTg1OTk5NjYxMiwiaXNzIjoiZnV6ZXgifQ.fVS7c5UXkeW7sTcyN3kcFtGCkiuq1X6lAGawL-1K1SE","first_name":"jh","last_name":"moon","country_code":410,"code_phone":"82","phone_number":"01082942417","selected_crypto_symbol":"FXT","created_at":"2018-12-09T16:52:10.133Z","modified_at":"2018-12-09T20:43:24.910Z","is_crypto":"1"}
2018-12-10 16:58:45 info: Send mysql query!! -> addToken:: eyJhbGciOiJIUzI1NiIsInR5cCI6IkpXVCJ9.eyJpZCI6ImpobW9vbkBicmlsbGlhbnR0cy5jb20iLCJpYXQiOjE1NDQ0Mjg3MjUsImV4cCI6MTg2MDAwNDcyNSwiaXNzIjoiZnV6ZXgifQ.yhIsjTwyrrYaufwZ-5V7Exuy9neaRHtfcv7T1cQymbQ,jhmoon@brilliantts.com
2018-12-10 16:58:45 info: Send mysql query!! -> addToken:: eyJhbGciOiJIUzI1NiIsInR5cCI6IkpXVCJ9.eyJpZCI6ImpobW9vbkBicmlsbGlhbnR0cy5jb20iLCJpYXQiOjE1NDQ0Mjg3MjUsImV4cCI6MTg2MDAwNDcyNSwiaXNzIjoiZnV6ZXgifQ.yhIsjTwyrrYaufwZ-5V7Exuy9neaRHtfcv7T1cQymbQ,jhmoon@brilliantts.com
2018-12-10 17:13:36 info: Send mysql query!! -> removeToken:: ,jhmoon@brilliantts.com
2018-12-10 17:15:43 info: Send mysql query!! -> removeToken:: ,jhmoon@brilliantts.com
2018-12-10 17:19:08 info: Send mysql query!! -> findUserByEmail:: jhmoon@brilliantts.com
2018-12-10 17:19:08 info: LocalStrategy result!! -> true:: userPassword:inputPassword -> Moon6212!:$2b$12$pSlAX/6RhZOfFb26UJ.yBeXHp3YdxDSL25AavfPMmH4NcsXTrrPTa
2018-12-10 17:19:08 info: passport login callback func start!! -> {"email":"jhmoon@brilliantts.com","passwd":"$2b$12$pSlAX/6RhZOfFb26UJ.yBeXHp3YdxDSL25AavfPMmH4NcsXTrrPTa","loading_number":null,"token":null,"first_name":"jh","last_name":"moon","country_code":410,"code_phone":"82","phone_number":"01082942417","selected_crypto_symbol":"FXT","created_at":"2018-12-09T16:52:10.133Z","modified_at":"2018-12-09T23:13:28.418Z","is_crypto":"1"}
2018-12-10 17:19:08 info: Send mysql query!! -> addToken:: eyJhbGciOiJIUzI1NiIsInR5cCI6IkpXVCJ9.eyJpZCI6ImpobW9vbkBicmlsbGlhbnR0cy5jb20iLCJpYXQiOjE1NDQ0Mjk5NDgsImV4cCI6MTg2MDAwNTk0OCwiaXNzIjoiZnV6ZXgifQ.AkE4yC2AnuwVHgGLvSTm4dBiyReYA7zOY5PNLX1gnH4,jhmoon@brilliantts.com
2018-12-10 17:19:08 info: Send mysql query!! -> addToken:: eyJhbGciOiJIUzI1NiIsInR5cCI6IkpXVCJ9.eyJpZCI6ImpobW9vbkBicmlsbGlhbnR0cy5jb20iLCJpYXQiOjE1NDQ0Mjk5NDgsImV4cCI6MTg2MDAwNTk0OCwiaXNzIjoiZnV6ZXgifQ.AkE4yC2AnuwVHgGLvSTm4dBiyReYA7zOY5PNLX1gnH4,jhmoon@brilliantts.com
2018-12-10 17:20:14 info: Send mysql query!! -> removeToken:: ,jhmoon@brilliantts.com
2018-12-10 17:22:30 info: Send mysql query!! -> findUserByEmail:: jhmoon@brilliantts.com
2018-12-10 17:22:31 info: LocalStrategy result!! -> true:: userPassword:inputPassword -> Moon6212!:$2b$12$pSlAX/6RhZOfFb26UJ.yBeXHp3YdxDSL25AavfPMmH4NcsXTrrPTa
2018-12-10 17:22:31 info: Send mysql query!! -> addToken:: eyJhbGciOiJIUzI1NiIsInR5cCI6IkpXVCJ9.eyJpZCI6ImpobW9vbkBicmlsbGlhbnR0cy5jb20iLCJpYXQiOjE1NDQ0MzAxNTEsImV4cCI6MTg2MDAwNjE1MSwiaXNzIjoiZnV6ZXgifQ.RMUK-zCEBuJXA8chsxhSt4eBL0FRwEBXRfC0oK91rOI,jhmoon@brilliantts.com
2018-12-10 17:22:31 info: passport login callback func start!! -> {"email":"jhmoon@brilliantts.com","passwd":"$2b$12$pSlAX/6RhZOfFb26UJ.yBeXHp3YdxDSL25AavfPMmH4NcsXTrrPTa","loading_number":null,"token":null,"first_name":"jh","last_name":"moon","country_code":410,"code_phone":"82","phone_number":"01082942417","selected_crypto_symbol":"FXT","created_at":"2018-12-09T16:52:10.133Z","modified_at":"2018-12-09T23:20:06.409Z","is_crypto":"1"}
2018-12-10 17:22:31 info: Send mysql query!! -> addToken:: eyJhbGciOiJIUzI1NiIsInR5cCI6IkpXVCJ9.eyJpZCI6ImpobW9vbkBicmlsbGlhbnR0cy5jb20iLCJpYXQiOjE1NDQ0MzAxNTEsImV4cCI6MTg2MDAwNjE1MSwiaXNzIjoiZnV6ZXgifQ.RMUK-zCEBuJXA8chsxhSt4eBL0FRwEBXRfC0oK91rOI,jhmoon@brilliantts.com
2018-12-10 17:22:36 info: Send mysql query!! -> removeToken:: ,jhmoon@brilliantts.com
2018-12-10 17:23:52 info: Send mysql query!! -> findUserByEmail:: jhmoon@brilliantts.com
2018-12-10 17:23:53 info: LocalStrategy result!! -> true:: userPassword:inputPassword -> Moon6212!:$2b$12$pSlAX/6RhZOfFb26UJ.yBeXHp3YdxDSL25AavfPMmH4NcsXTrrPTa
2018-12-10 17:23:53 info: passport login callback func start!! -> {"email":"jhmoon@brilliantts.com","passwd":"$2b$12$pSlAX/6RhZOfFb26UJ.yBeXHp3YdxDSL25AavfPMmH4NcsXTrrPTa","loading_number":null,"token":null,"first_name":"jh","last_name":"moon","country_code":410,"code_phone":"82","phone_number":"01082942417","selected_crypto_symbol":"FXT","created_at":"2018-12-09T16:52:10.133Z","modified_at":"2018-12-09T23:22:28.090Z","is_crypto":"1"}
2018-12-10 17:23:53 info: Send mysql query!! -> addToken:: eyJhbGciOiJIUzI1NiIsInR5cCI6IkpXVCJ9.eyJpZCI6ImpobW9vbkBicmlsbGlhbnR0cy5jb20iLCJpYXQiOjE1NDQ0MzAyMzMsImV4cCI6MTg2MDAwNjIzMywiaXNzIjoiZnV6ZXgifQ.WiUHhqcOt6SLnC9XyUvSPRcRHijXQwXjOpKMoR4Cofk,jhmoon@brilliantts.com
2018-12-10 17:23:53 info: Send mysql query!! -> addToken:: eyJhbGciOiJIUzI1NiIsInR5cCI6IkpXVCJ9.eyJpZCI6ImpobW9vbkBicmlsbGlhbnR0cy5jb20iLCJpYXQiOjE1NDQ0MzAyMzMsImV4cCI6MTg2MDAwNjIzMywiaXNzIjoiZnV6ZXgifQ.WiUHhqcOt6SLnC9XyUvSPRcRHijXQwXjOpKMoR4Cofk,jhmoon@brilliantts.com
2018-12-10 17:23:58 info: Send mysql query!! -> removeToken:: ,jhmoon@brilliantts.com
2018-12-10 17:24:17 info: Send mysql query!! -> findUserByEmail:: jhmoon@brilliantts.com
2018-12-10 17:24:17 info: LocalStrategy result!! -> true:: userPassword:inputPassword -> Moon6212!:$2b$12$pSlAX/6RhZOfFb26UJ.yBeXHp3YdxDSL25AavfPMmH4NcsXTrrPTa
2018-12-10 17:24:17 info: Send mysql query!! -> addToken:: eyJhbGciOiJIUzI1NiIsInR5cCI6IkpXVCJ9.eyJpZCI6ImpobW9vbkBicmlsbGlhbnR0cy5jb20iLCJpYXQiOjE1NDQ0MzAyNTcsImV4cCI6MTg2MDAwNjI1NywiaXNzIjoiZnV6ZXgifQ.h_xblXMYduyHtYW1lVKNrRFPDy9GZhkh3kCNkrG_qJU,jhmoon@brilliantts.com
2018-12-10 17:24:17 info: passport login callback func start!! -> {"email":"jhmoon@brilliantts.com","passwd":"$2b$12$pSlAX/6RhZOfFb26UJ.yBeXHp3YdxDSL25AavfPMmH4NcsXTrrPTa","loading_number":null,"token":null,"first_name":"jh","last_name":"moon","country_code":410,"code_phone":"82","phone_number":"01082942417","selected_crypto_symbol":"FXT","created_at":"2018-12-09T16:52:10.133Z","modified_at":"2018-12-09T23:23:50.555Z","is_crypto":"1"}
2018-12-10 17:24:17 info: Send mysql query!! -> addToken:: eyJhbGciOiJIUzI1NiIsInR5cCI6IkpXVCJ9.eyJpZCI6ImpobW9vbkBicmlsbGlhbnR0cy5jb20iLCJpYXQiOjE1NDQ0MzAyNTcsImV4cCI6MTg2MDAwNjI1NywiaXNzIjoiZnV6ZXgifQ.h_xblXMYduyHtYW1lVKNrRFPDy9GZhkh3kCNkrG_qJU,jhmoon@brilliantts.com
2018-12-10 17:25:47 info: Send mysql query!! -> findUserByEmail:: jhmoon@brilliantts.com
2018-12-10 17:25:48 info: LocalStrategy result!! -> true:: userPassword:inputPassword -> Moon6212!:$2b$12$pSlAX/6RhZOfFb26UJ.yBeXHp3YdxDSL25AavfPMmH4NcsXTrrPTa
2018-12-10 17:25:48 info: passport login callback func start!! -> {"email":"jhmoon@brilliantts.com","passwd":"$2b$12$pSlAX/6RhZOfFb26UJ.yBeXHp3YdxDSL25AavfPMmH4NcsXTrrPTa","loading_number":null,"token":"eyJhbGciOiJIUzI1NiIsInR5cCI6IkpXVCJ9.eyJpZCI6ImpobW9vbkBicmlsbGlhbnR0cy5jb20iLCJpYXQiOjE1NDQ0MzAyNTcsImV4cCI6MTg2MDAwNjI1NywiaXNzIjoiZnV6ZXgifQ.h_xblXMYduyHtYW1lVKNrRFPDy9GZhkh3kCNkrG_qJU","first_name":"jh","last_name":"moon","country_code":410,"code_phone":"82","phone_number":"01082942417","selected_crypto_symbol":"FXT","created_at":"2018-12-09T16:52:10.133Z","modified_at":"2018-12-09T23:24:09.473Z","is_crypto":"1"}
2018-12-10 17:25:48 info: Send mysql query!! -> addToken:: eyJhbGciOiJIUzI1NiIsInR5cCI6IkpXVCJ9.eyJpZCI6ImpobW9vbkBicmlsbGlhbnR0cy5jb20iLCJpYXQiOjE1NDQ0MzAzNDgsImV4cCI6MTg2MDAwNjM0OCwiaXNzIjoiZnV6ZXgifQ.TVegiY-2-e7-0kAIvN8e_0mN5dSrfZWdGZchEWVaxOI,jhmoon@brilliantts.com
2018-12-10 17:25:48 info: Send mysql query!! -> addToken:: eyJhbGciOiJIUzI1NiIsInR5cCI6IkpXVCJ9.eyJpZCI6ImpobW9vbkBicmlsbGlhbnR0cy5jb20iLCJpYXQiOjE1NDQ0MzAzNDgsImV4cCI6MTg2MDAwNjM0OCwiaXNzIjoiZnV6ZXgifQ.TVegiY-2-e7-0kAIvN8e_0mN5dSrfZWdGZchEWVaxOI,jhmoon@brilliantts.com
2018-12-10 18:01:31 info: Send mysql query!! -> removeToken:: ,jhmoon@brilliantts.com
2018-12-10 18:01:50 info: Send mysql query!! -> findUserByEmail:: jhmoon@brilliantts.com
2018-12-10 18:01:51 info: LocalStrategy result!! -> true:: userPassword:inputPassword -> Moon6212!:$2b$12$pSlAX/6RhZOfFb26UJ.yBeXHp3YdxDSL25AavfPMmH4NcsXTrrPTa
2018-12-10 18:01:51 info: passport login callback func start!! -> {"email":"jhmoon@brilliantts.com","passwd":"$2b$12$pSlAX/6RhZOfFb26UJ.yBeXHp3YdxDSL25AavfPMmH4NcsXTrrPTa","loading_number":null,"token":null,"first_name":"jh","last_name":"moon","country_code":410,"code_phone":"82","phone_number":"01082942417","selected_crypto_symbol":"FXT","created_at":"2018-12-09T16:52:10.133Z","modified_at":"2018-12-10T00:01:23.700Z","is_crypto":"1"}
2018-12-10 18:01:51 info: Send mysql query!! -> addToken:: eyJhbGciOiJIUzI1NiIsInR5cCI6IkpXVCJ9.eyJpZCI6ImpobW9vbkBicmlsbGlhbnR0cy5jb20iLCJpYXQiOjE1NDQ0MzI1MTEsImV4cCI6MTg2MDAwODUxMSwiaXNzIjoiZnV6ZXgifQ.z45zxSIGdzJ4plTSWJiA0OabXlfJVF3wNXzYewlbpNc,jhmoon@brilliantts.com
2018-12-10 18:01:51 info: Send mysql query!! -> addToken:: eyJhbGciOiJIUzI1NiIsInR5cCI6IkpXVCJ9.eyJpZCI6ImpobW9vbkBicmlsbGlhbnR0cy5jb20iLCJpYXQiOjE1NDQ0MzI1MTEsImV4cCI6MTg2MDAwODUxMSwiaXNzIjoiZnV6ZXgifQ.z45zxSIGdzJ4plTSWJiA0OabXlfJVF3wNXzYewlbpNc,jhmoon@brilliantts.com
2018-12-10 18:01:58 info: Send mysql query!! -> removeToken:: ,jhmoon@brilliantts.com
2018-12-10 18:02:56 info: Send mysql query!! -> findUserByEmail:: jhmoon@brilliantts.com
2018-12-10 18:02:56 info: LocalStrategy result!! -> true:: userPassword:inputPassword -> Moon6212!:$2b$12$pSlAX/6RhZOfFb26UJ.yBeXHp3YdxDSL25AavfPMmH4NcsXTrrPTa
2018-12-10 18:02:56 info: passport login callback func start!! -> {"email":"jhmoon@brilliantts.com","passwd":"$2b$12$pSlAX/6RhZOfFb26UJ.yBeXHp3YdxDSL25AavfPMmH4NcsXTrrPTa","loading_number":null,"token":null,"first_name":"jh","last_name":"moon","country_code":410,"code_phone":"82","phone_number":"01082942417","selected_crypto_symbol":"FXT","created_at":"2018-12-09T16:52:10.133Z","modified_at":"2018-12-10T00:01:50.937Z","is_crypto":"1"}
2018-12-10 18:02:56 info: Send mysql query!! -> addToken:: eyJhbGciOiJIUzI1NiIsInR5cCI6IkpXVCJ9.eyJpZCI6ImpobW9vbkBicmlsbGlhbnR0cy5jb20iLCJpYXQiOjE1NDQ0MzI1NzYsImV4cCI6MTg2MDAwODU3NiwiaXNzIjoiZnV6ZXgifQ.Pk6h9rQJEmIRv3BX-S99Ni8-Fxck1Hz0YB_fCAHr5fY,jhmoon@brilliantts.com
2018-12-10 18:02:56 info: Send mysql query!! -> addToken:: eyJhbGciOiJIUzI1NiIsInR5cCI6IkpXVCJ9.eyJpZCI6ImpobW9vbkBicmlsbGlhbnR0cy5jb20iLCJpYXQiOjE1NDQ0MzI1NzYsImV4cCI6MTg2MDAwODU3NiwiaXNzIjoiZnV6ZXgifQ.Pk6h9rQJEmIRv3BX-S99Ni8-Fxck1Hz0YB_fCAHr5fY,jhmoon@brilliantts.com
2018-12-10 18:05:39 info: Send mysql query!! -> removeToken:: ,jhmoon@brilliantts.com
2018-12-10 18:05:48 info: Send mysql query!! -> findUserByEmail:: jhmoon@brilliantts.com
2018-12-10 18:05:49 info: LocalStrategy result!! -> true:: userPassword:inputPassword -> Moon6212!:$2b$12$pSlAX/6RhZOfFb26UJ.yBeXHp3YdxDSL25AavfPMmH4NcsXTrrPTa
2018-12-10 18:05:49 info: passport login callback func start!! -> {"email":"jhmoon@brilliantts.com","passwd":"$2b$12$pSlAX/6RhZOfFb26UJ.yBeXHp3YdxDSL25AavfPMmH4NcsXTrrPTa","loading_number":null,"token":null,"first_name":"jh","last_name":"moon","country_code":410,"code_phone":"82","phone_number":"01082942417","selected_crypto_symbol":"FXT","created_at":"2018-12-09T16:52:10.133Z","modified_at":"2018-12-10T00:05:31.637Z","is_crypto":"1"}
2018-12-10 18:05:49 info: Send mysql query!! -> addToken:: eyJhbGciOiJIUzI1NiIsInR5cCI6IkpXVCJ9.eyJpZCI6ImpobW9vbkBicmlsbGlhbnR0cy5jb20iLCJpYXQiOjE1NDQ0MzI3NDksImV4cCI6MTg2MDAwODc0OSwiaXNzIjoiZnV6ZXgifQ.FnuTE-B2J0CaiWXjPV6DD-8vVahpux4j0nDryoM5x9o,jhmoon@brilliantts.com
2018-12-10 18:37:58 info: Send mysql query!! -> findUserByEmail:: jhmoon@brilliantts.com
2018-12-10 18:37:58 info: LocalStrategy result!! -> true:: userPassword:inputPassword -> Moon6212!:$2b$12$pSlAX/6RhZOfFb26UJ.yBeXHp3YdxDSL25AavfPMmH4NcsXTrrPTa
2018-12-10 18:37:58 info: passport login callback func start!! -> {"email":"jhmoon@brilliantts.com","passwd":"$2b$12$pSlAX/6RhZOfFb26UJ.yBeXHp3YdxDSL25AavfPMmH4NcsXTrrPTa","loading_number":null,"token":null,"first_name":"jh","last_name":"moon","country_code":410,"code_phone":"82","phone_number":"01082942417","selected_crypto_symbol":"FXT","created_at":"2018-12-09T16:52:10.133Z","modified_at":"2018-12-10T00:37:32.714Z","is_crypto":"1"}
2018-12-10 18:37:58 info: Send mysql query!! -> addToken:: eyJhbGciOiJIUzI1NiIsInR5cCI6IkpXVCJ9.eyJpZCI6ImpobW9vbkBicmlsbGlhbnR0cy5jb20iLCJpYXQiOjE1NDQ0MzQ2NzgsImV4cCI6MTg2MDAxMDY3OCwiaXNzIjoiZnV6ZXgifQ.N7gW7T6x5Wg9mKfonTw_1dTH2zNh2kawz1mjtTAQGOs,jhmoon@brilliantts.com
2018-12-10 18:48:04 error: {"message":"Not Found","status":404}
2018-12-10 18:48:33 info: Send mysql query!! -> findUserByEmail:: jhmoon@brilliantts.com
2018-12-10 18:48:33 info: LocalStrategy result!! -> true:: userPassword:inputPassword -> Moon6212!:$2b$12$pSlAX/6RhZOfFb26UJ.yBeXHp3YdxDSL25AavfPMmH4NcsXTrrPTa
2018-12-10 18:48:33 info: Send mysql query!! -> addToken:: eyJhbGciOiJIUzI1NiIsInR5cCI6IkpXVCJ9.eyJpZCI6ImpobW9vbkBicmlsbGlhbnR0cy5jb20iLCJpYXQiOjE1NDQ0MzUzMTMsImV4cCI6MTg2MDAxMTMxMywiaXNzIjoiZnV6ZXgifQ.uOYBkY9c0UbysZ5MAZOyhBikXuRihkhnx0H3EJRsxe0,jhmoon@brilliantts.com
2018-12-10 18:48:33 info: passport login callback func start!! -> {"email":"jhmoon@brilliantts.com","passwd":"$2b$12$pSlAX/6RhZOfFb26UJ.yBeXHp3YdxDSL25AavfPMmH4NcsXTrrPTa","loading_number":null,"token":"eyJhbGciOiJIUzI1NiIsInR5cCI6IkpXVCJ9.eyJpZCI6ImpobW9vbkBicmlsbGlhbnR0cy5jb20iLCJpYXQiOjE1NDQ0MzQ2NzgsImV4cCI6MTg2MDAxMDY3OCwiaXNzIjoiZnV6ZXgifQ.N7gW7T6x5Wg9mKfonTw_1dTH2zNh2kawz1mjtTAQGOs","first_name":"jh","last_name":"moon","country_code":410,"code_phone":"82","phone_number":"01082942417","selected_crypto_symbol":"FXT","created_at":"2018-12-09T16:52:10.133Z","modified_at":"2018-12-10T00:37:50.681Z","is_crypto":"1"}
2018-12-10 18:58:40 error: {"status":500}
2018-12-10 18:58:43 error: {"status":500}
2018-12-10 19:07:24 info: user test api call:: {"id":"jhmoon@brilliantts.com","pw":"Moon6212!"}
2018-12-10 19:07:48 info: Send mysql query!! -> removeToken:: ,jhmoon@brilliantts.com
2018-12-10 19:08:29 info: Send mysql query!! -> findUserByEmail:: jhmoon@brilliantts.com
2018-12-10 19:08:29 info: LocalStrategy result!! -> true:: userPassword:inputPassword -> Moon6212!:$2b$12$pSlAX/6RhZOfFb26UJ.yBeXHp3YdxDSL25AavfPMmH4NcsXTrrPTa
2018-12-10 19:08:29 info: passport login callback func start!! -> {"email":"jhmoon@brilliantts.com","passwd":"$2b$12$pSlAX/6RhZOfFb26UJ.yBeXHp3YdxDSL25AavfPMmH4NcsXTrrPTa","loading_number":null,"token":null,"first_name":"jh","last_name":"moon","country_code":410,"code_phone":"82","phone_number":"01082942417","selected_crypto_symbol":"FXT","created_at":"2018-12-09T16:52:10.133Z","modified_at":"2018-12-10T01:07:40.021Z","is_crypto":"1"}
2018-12-10 19:08:29 info: Send mysql query!! -> addToken:: eyJhbGciOiJIUzI1NiIsInR5cCI6IkpXVCJ9.eyJpZCI6ImpobW9vbkBicmlsbGlhbnR0cy5jb20iLCJpYXQiOjE1NDQ0MzY1MDksImV4cCI6MTg2MDAxMjUwOSwiaXNzIjoiZnV6ZXgifQ.Y9pU2sVJWkgGu2MCJXgwJ5pjzhxQ4IjbrKDTaReIKtg,jhmoon@brilliantts.com
2018-12-10 19:09:43 info: Send mysql query!! -> removeToken:: ,jhmoon@brilliantts.com
2018-12-10 19:09:46 error: {"message":"Not Found","status":404}
2018-12-10 19:10:33 info: Send mysql query!! -> findUserByEmail:: jhmoon@brilliantts.com
2018-12-10 19:10:33 info: LocalStrategy result!! -> true:: userPassword:inputPassword -> Moon6212!:$2b$12$pSlAX/6RhZOfFb26UJ.yBeXHp3YdxDSL25AavfPMmH4NcsXTrrPTa
2018-12-10 19:10:33 info: passport login callback func start!! -> {"email":"jhmoon@brilliantts.com","passwd":"$2b$12$pSlAX/6RhZOfFb26UJ.yBeXHp3YdxDSL25AavfPMmH4NcsXTrrPTa","loading_number":null,"token":null,"first_name":"jh","last_name":"moon","country_code":410,"code_phone":"82","phone_number":"01082942417","selected_crypto_symbol":"FXT","created_at":"2018-12-09T16:52:10.133Z","modified_at":"2018-12-10T01:09:35.495Z","is_crypto":"1"}
2018-12-10 19:10:33 info: Send mysql query!! -> addToken:: eyJhbGciOiJIUzI1NiIsInR5cCI6IkpXVCJ9.eyJpZCI6ImpobW9vbkBicmlsbGlhbnR0cy5jb20iLCJpYXQiOjE1NDQ0MzY2MzMsImV4cCI6MTg2MDAxMjYzMywiaXNzIjoiZnV6ZXgifQ.rZcTnaRPnn4gQfe-YubacC8oGqGFIs-bmRbfzERseTI,jhmoon@brilliantts.com
2018-12-10 19:11:21 info: Send mysql query!! -> removeToken:: ,jhmoon@brilliantts.com
2018-12-10 19:11:48 info: Send mysql query!! -> findUserByEmail:: jhmoon@brilliantts.com
2018-12-10 19:11:48 info: LocalStrategy result!! -> true:: userPassword:inputPassword -> Moon6212!:$2b$12$pSlAX/6RhZOfFb26UJ.yBeXHp3YdxDSL25AavfPMmH4NcsXTrrPTa
2018-12-10 19:11:48 info: passport login callback func start!! -> {"email":"jhmoon@brilliantts.com","passwd":"$2b$12$pSlAX/6RhZOfFb26UJ.yBeXHp3YdxDSL25AavfPMmH4NcsXTrrPTa","loading_number":null,"token":null,"first_name":"jh","last_name":"moon","country_code":410,"code_phone":"82","phone_number":"01082942417","selected_crypto_symbol":"FXT","created_at":"2018-12-09T16:52:10.133Z","modified_at":"2018-12-10T01:11:13.170Z","is_crypto":"1"}
2018-12-10 19:11:48 info: Send mysql query!! -> addToken:: eyJhbGciOiJIUzI1NiIsInR5cCI6IkpXVCJ9.eyJpZCI6ImpobW9vbkBicmlsbGlhbnR0cy5jb20iLCJpYXQiOjE1NDQ0MzY3MDgsImV4cCI6MTg2MDAxMjcwOCwiaXNzIjoiZnV6ZXgifQ.ockQ0PDRSKXm4vvoTYg-xU83ykL09GLklPONKHaZyeg,jhmoon@brilliantts.com
2018-12-10 19:11:52 error: {"message":"Not Found","status":404}
2018-12-10 19:11:58 error: {"message":"Not Found","status":404}
2018-12-10 19:12:27 error: {"message":"Not Found","status":404}
2018-12-10 19:12:28 error: {"message":"Not Found","status":404}
2018-12-10 19:12:29 error: {"message":"Not Found","status":404}
