2018-12-17 09:23:51 info: cobinhood get oAuth state API call!!
2018-12-17 09:23:51 info: cobinhood oAuth state value Database insert!! -> userEmail::jhmoon@brilliantts.com, state::154500623189400
2018-12-17 09:23:51 info: Send mysql query!! -> addOAuth:: jhmoon@brilliantts.com,154500623189400,154500623189400
2018-12-17 09:23:51 info: RESPONSE_CODE_OK -> Response Data:: {"result":200,"message":"RESPONSE_CODE_OK","data":{"state":154500623189400}}
2018-12-17 09:23:56 info: cobinhood get oAuth state API call!!
2018-12-17 09:23:56 info: cobinhood oAuth state value Database insert!! -> userEmail::jhmoon@brilliantts.com, state::154500623669300
2018-12-17 09:23:56 info: Send mysql query!! -> addOAuth:: jhmoon@brilliantts.com,154500623669300,154500623669300
2018-12-17 09:23:56 info: RESPONSE_CODE_OK -> Response Data:: {"result":200,"message":"RESPONSE_CODE_OK","data":{"state":154500623669300}}
2018-12-17 09:24:11 info: USER LOGOUT!! -> jhmoon@brilliantts.com
2018-12-17 09:24:11 info: Send mysql query!! -> removeToken:: ,jhmoon@brilliantts.com
2018-12-17 09:24:11 info: RESPONSE_CODE_OK ->Response Data:: {"result":200,"message":"RESPONSE_CODE_OK"}
2018-12-17 09:24:17 info: Send mysql query!! -> findUserByEmail:: jhmoon@brilliantts.com
2018-12-17 09:24:17 info: passport login callback func start!! -> {"email":"jhmoon@brilliantts.com","passwd":"$2b$12$pSlAX/6RhZOfFb26UJ.yBeXHp3YdxDSL25AavfPMmH4NcsXTrrPTa","loading_number":null,"token":null,"first_name":"jh","last_name":"moon","country_code":410,"code_phone":"82","phone_number":"01082942417","selected_crypto_symbol":"FXT","created_at":"2018-12-09T16:52:10.133Z","modified_at":"2018-12-16T15:24:11.673Z","use_exchange":null,"is_crypto":"1"}
2018-12-17 09:24:17 info: LOGGED_IN_SUCCEFFULLY -> Response Data:: {"result":200,"message":"LOGGED_IN_SUCCEFFULLY","data":{"token":"eyJhbGciOiJIUzI1NiIsInR5cCI6IkpXVCJ9.eyJpZCI6ImpobW9vbkBicmlsbGlhbnR0cy5jb20iLCJpYXQiOjE1NDUwMDYyNTcsImV4cCI6MTg2MDU4MjI1NywiaXNzIjoiZnV6ZXgifQ.2MAlCRD2k6LVR-PB9Ii8TjLEH3CaU9462DWxRkbtntM","email":"jhmoon@brilliantts.com","firstName":"jh","lastName":"moon","useExchange":null}}
2018-12-17 09:25:31 info: USER LOGOUT!! -> jhmoon@brilliantts.com
2018-12-17 09:25:31 info: Send mysql query!! -> removeToken:: ,jhmoon@brilliantts.com
2018-12-17 09:25:31 info: FAILED_TOKEN_REMOVE ->Response Data:: {"result":200,"message":"FAILED_TOKEN_REMOVE"}
2018-12-17 09:25:32 info: Send mysql query!! -> findUserByEmail:: jhmoon@brilliantts.com
2018-12-17 09:25:32 info: passport login callback func start!! -> {"email":"jhmoon@brilliantts.com","passwd":"$2b$12$pSlAX/6RhZOfFb26UJ.yBeXHp3YdxDSL25AavfPMmH4NcsXTrrPTa","loading_number":null,"token":null,"first_name":"jh","last_name":"moon","country_code":410,"code_phone":"82","phone_number":"01082942417","selected_crypto_symbol":"FXT","created_at":"2018-12-09T16:52:10.133Z","modified_at":"2018-12-16T15:24:11.673Z","use_exchange":null,"is_crypto":"1"}
2018-12-17 09:25:32 info: LOGGED_IN_SUCCEFFULLY -> Response Data:: {"result":200,"message":"LOGGED_IN_SUCCEFFULLY","data":{"token":"eyJhbGciOiJIUzI1NiIsInR5cCI6IkpXVCJ9.eyJpZCI6ImpobW9vbkBicmlsbGlhbnR0cy5jb20iLCJpYXQiOjE1NDUwMDYzMzIsImV4cCI6MTg2MDU4MjMzMiwiaXNzIjoiZnV6ZXgifQ.vAec9UWLoBhkE-g1ncnQMFMdwUwHq1HIhyoLrRlq7wU","userData":{"email":"jhmoon@brilliantts.com","passwd":"$2b$12$pSlAX/6RhZOfFb26UJ.yBeXHp3YdxDSL25AavfPMmH4NcsXTrrPTa","loading_number":null,"token":null,"first_name":"jh","last_name":"moon","country_code":410,"code_phone":"82","phone_number":"01082942417","selected_crypto_symbol":"FXT","created_at":"2018-12-09T16:52:10.133Z","modified_at":"2018-12-16T15:24:11.673Z","use_exchange":null,"is_crypto":"1"},"email":"jhmoon@brilliantts.com","firstName":"jh","lastName":"moon","useExchange":null}}
2018-12-17 09:28:09 info: USER LOGOUT!! -> jhmoon@brilliantts.com
2018-12-17 09:28:09 info: Send mysql query!! -> removeToken:: ,jhmoon@brilliantts.com
2018-12-17 09:28:09 info: FAILED_TOKEN_REMOVE ->Response Data:: {"result":200,"message":"FAILED_TOKEN_REMOVE"}
2018-12-17 09:28:13 info: Send mysql query!! -> findUserByEmail:: jhmoon@brilliantts.com
2018-12-17 09:28:14 info: passport login callback func start!! -> {"email":"jhmoon@brilliantts.com","passwd":"$2b$12$pSlAX/6RhZOfFb26UJ.yBeXHp3YdxDSL25AavfPMmH4NcsXTrrPTa","loading_number":null,"token":null,"first_name":"jh","last_name":"moon","country_code":410,"code_phone":"82","phone_number":"01082942417","selected_crypto_symbol":"FXT","created_at":"2018-12-09T16:52:10.133Z","modified_at":"2018-12-16T15:24:11.673Z","use_exchange":null,"is_crypto":"1"}
2018-12-17 09:28:45 info: Send mysql query!! -> findUserByEmail:: jhmoon@brilliantts.com
2018-12-17 09:28:45 info: passport login callback func start!! -> {"email":"jhmoon@brilliantts.com","passwd":"$2b$12$pSlAX/6RhZOfFb26UJ.yBeXHp3YdxDSL25AavfPMmH4NcsXTrrPTa","loading_number":null,"token":null,"first_name":"jh","last_name":"moon","country_code":410,"code_phone":"82","phone_number":"01082942417","selected_crypto_symbol":"FXT","created_at":"2018-12-09T16:52:10.133Z","modified_at":"2018-12-16T15:24:11.673Z","use_exchange":null,"is_crypto":"1"}
2018-12-17 09:28:45 info: LOGGED_IN_SUCCEFFULLY -> Response Data:: {"result":200,"message":"LOGGED_IN_SUCCEFFULLY","data":{"token":"eyJhbGciOiJIUzI1NiIsInR5cCI6IkpXVCJ9.eyJpZCI6ImpobW9vbkBicmlsbGlhbnR0cy5jb20iLCJpYXQiOjE1NDUwMDY1MjUsImV4cCI6MTg2MDU4MjUyNSwiaXNzIjoiZnV6ZXgifQ.Sz-gqzO7ufc4d7CtKI9YlQBQdUjhiP6oW8BSQJQzCBQ","email":"jhmoon@brilliantts.com","firstName":"jh","lastName":"moon","useExchange":null,"countryCode":410,"nationalPhoneCode":"82","phoneNum":"01082942417"}}
2018-12-17 10:03:15 info: cobinhood get oAuth state API call!!
2018-12-17 10:03:15 info: cobinhood oAuth state value Database insert!! -> userEmail::jhmoon@brilliantts.com, state::154500859599400
2018-12-17 10:03:15 info: Send mysql query!! -> addOAuth:: jhmoon@brilliantts.com,154500859599400,154500859599400
2018-12-17 10:03:16 info: RESPONSE_CODE_OK -> Response Data:: {"result":200,"message":"RESPONSE_CODE_OK","data":{"state":154500859599400}}
2018-12-17 10:03:17 info: INVALID_TOKEN ->Response Data:: {"result":401,"message":"INVALID_TOKEN"}
2018-12-17 10:03:18 error: {"message":"Not Found","status":404}
2018-12-17 10:05:06 info: cobinhood get oAuth state API call!!
2018-12-17 10:05:06 info: Send mysql query!! -> addOAuth:: jhmoon@brilliantts.com,154500870664800,154500870664800
2018-12-17 10:05:06 info: cobinhood oAuth state value Database insert!! -> userEmail::jhmoon@brilliantts.com, state::154500870664800
2018-12-17 10:05:06 info: RESPONSE_CODE_OK -> Response Data:: {"result":200,"message":"RESPONSE_CODE_OK","data":{"state":154500870664800}}
2018-12-17 10:05:18 info: cobinhood get oAuth state API call!!
2018-12-17 10:05:18 info: cobinhood oAuth state value Database insert!! -> userEmail::jhmoon@brilliantts.com, state::154500871819400
2018-12-17 10:05:18 info: Send mysql query!! -> addOAuth:: jhmoon@brilliantts.com,154500871819400,154500871819400
2018-12-17 10:05:18 info: RESPONSE_CODE_OK -> Response Data:: {"result":200,"message":"RESPONSE_CODE_OK","data":{"state":154500871819400}}
2018-12-17 10:07:33 info: cobinhood get oAuth state API call!!
2018-12-17 10:07:33 info: cobinhood oAuth state value Database insert!! -> userEmail::jhmoon@brilliantts.com, state::154500885311600
2018-12-17 10:07:33 info: Send mysql query!! -> addOAuth:: jhmoon@brilliantts.com,154500885311600,154500885311600
2018-12-17 10:07:33 info: RESPONSE_CODE_OK -> Response Data:: {"result":200,"message":"RESPONSE_CODE_OK","data":{"state":154500885311600}}
2018-12-17 10:07:37 info: cobinhood get oAuth state API call!!
2018-12-17 10:07:37 info: Send mysql query!! -> addOAuth:: jhmoon@brilliantts.com,154500885785000,154500885785000
2018-12-17 10:07:37 info: cobinhood oAuth state value Database insert!! -> userEmail::jhmoon@brilliantts.com, state::154500885785000
2018-12-17 10:07:38 info: RESPONSE_CODE_OK -> Response Data:: {"result":200,"message":"RESPONSE_CODE_OK","data":{"state":154500885785000}}
2018-12-17 10:10:00 info: cobinhood get oAuth state API call!!
2018-12-17 10:10:00 info: cobinhood oAuth state value Database insert!! -> userEmail::jhmoon@brilliantts.com, state::154500900083600
2018-12-17 10:10:00 info: Send mysql query!! -> addOAuth:: jhmoon@brilliantts.com,154500900083600,154500900083600
2018-12-17 10:10:01 info: RESPONSE_CODE_OK -> Response Data:: {"result":200,"message":"RESPONSE_CODE_OK","data":{"state":154500900083600}}
2018-12-17 10:10:36 info: cobinhood get oAuth state API call!!
2018-12-17 10:10:36 info: Send mysql query!! -> addOAuth:: jhmoon@brilliantts.com,154500903690800,154500903690800
2018-12-17 10:10:36 info: cobinhood oAuth state value Database insert!! -> userEmail::jhmoon@brilliantts.com, state::154500903690800
2018-12-17 10:10:37 info: RESPONSE_CODE_OK -> Response Data:: {"result":200,"message":"RESPONSE_CODE_OK","data":{"state":154500903690800}}
2018-12-17 10:10:45 info: cobinhood get oAuth state API call!!
2018-12-17 10:10:45 info: cobinhood oAuth state value Database insert!! -> userEmail::jhmoon@brilliantts.com, state::154500904509800
2018-12-17 10:10:45 info: Send mysql query!! -> addOAuth:: jhmoon@brilliantts.com,154500904509800,154500904509800
2018-12-17 10:10:45 info: RESPONSE_CODE_OK -> Response Data:: {"result":200,"message":"RESPONSE_CODE_OK","data":{"state":154500904509800}}
2018-12-17 10:11:09 info: cobinhood client callback API call!! -> {"code":"eyJhbGciOiJIUzI1NiIsInR5cCI6IkpXVCJ9.eyJleHAiOjE1NDUwMDkzNjksIm9hdXRoMl9hdXRob3JpemF0aW9uX2NvZGVfaWQiOiJkNWE3ZGE4Zi05MGJmLTQyMjYtYTkyNC03YjI0NTIyNjVjYjIifQ.rPvPVJIbIXrG0LOtlWo8hCY1FqWoamgjJljlHX7vRvI","state":"154500904509800"}
2018-12-17 10:11:09 info: cobinhood get token API call!! -> param::grant_type=authorization_code&code=eyJhbGciOiJIUzI1NiIsInR5cCI6IkpXVCJ9.eyJleHAiOjE1NDUwMDkzNjksIm9hdXRoMl9hdXRob3JpemF0aW9uX2NvZGVfaWQiOiJkNWE3ZGE4Zi05MGJmLTQyMjYtYTkyNC03YjI0NTIyNjVjYjIifQ.rPvPVJIbIXrG0LOtlWo8hCY1FqWoamgjJljlHX7vRvI&redirect_uri=http%3A%2F%2Flocalhost%3A33000%2Fauth%2Fcobinhood%2Fcallback&client_id=a224d1dd-2625-4b68-be70-8126d6221f3b headers::[object Object]
2018-12-17 10:44:18 info: cobinhood get oAuth state API call!!
2018-12-17 10:44:18 info: cobinhood oAuth state value Database insert!! -> userEmail::jhmoon@brilliantts.com, state::154501105835700
2018-12-17 10:44:18 info: Send mysql query!! -> addOAuth:: jhmoon@brilliantts.com,154501105835700,154501105835700
2018-12-17 10:44:18 info: RESPONSE_CODE_OK -> Response Data:: {"result":200,"message":"RESPONSE_CODE_OK","data":{"state":154501105835700}}
2018-12-17 10:45:10 info: cobinhood client callback API call!! -> {"code":"eyJhbGciOiJIUzI1NiIsInR5cCI6IkpXVCJ9.eyJleHAiOjE1NDUwMTE0MTAsIm9hdXRoMl9hdXRob3JpemF0aW9uX2NvZGVfaWQiOiI5MDYzZTAzYy05NDhhLTRiZjgtOTkwYS05NTZjNzVhNWJhZWEifQ.Y_NmK9JwSAvu6brn8T9oqIst1L1abkY8IoOtIMCuWCo","state":"154501105835700"}
2018-12-17 10:45:10 info: cobinhood get token API call!! -> param::grant_type=authorization_code&code=eyJhbGciOiJIUzI1NiIsInR5cCI6IkpXVCJ9.eyJleHAiOjE1NDUwMTE0MTAsIm9hdXRoMl9hdXRob3JpemF0aW9uX2NvZGVfaWQiOiI5MDYzZTAzYy05NDhhLTRiZjgtOTkwYS05NTZjNzVhNWJhZWEifQ.Y_NmK9JwSAvu6brn8T9oqIst1L1abkY8IoOtIMCuWCo&redirect_uri=http%3A%2F%2Flocalhost%3A33000%2Fauth%2Fcobinhood%2Fcallback&client_id=a224d1dd-2625-4b68-be70-8126d6221f3b headers::[object Object]
2018-12-17 10:45:11 error: cobinhood client callback API error:: ReferenceError: getCobinhoodOAuthState is not defined
2018-12-17 10:45:11 info: ERROR_COBINHOOD_CALLBACK ->Response Data:: {"result":500,"message":"ERROR_COBINHOOD_CALLBACK"}
2018-12-17 10:47:23 info: cobinhood client callback API call!! -> {"code":"eyJhbGciOiJIUzI1NiIsInR5cCI6IkpXVCJ9.eyJleHAiOjE1NDUwMTE1NDMsIm9hdXRoMl9hdXRob3JpemF0aW9uX2NvZGVfaWQiOiJhNzZjMDhmZi1hYzliLTQwNzEtOWJlNS1lOGM3Y2U1NDE4MjAifQ._nrzpEPB0pm-rZq5sIABS2aP-yrfX_YeMXOohwMtPbg","state":"154501105835700"}
2018-12-17 10:47:23 info: cobinhood get token API call!! -> param::grant_type=authorization_code&code=eyJhbGciOiJIUzI1NiIsInR5cCI6IkpXVCJ9.eyJleHAiOjE1NDUwMTE1NDMsIm9hdXRoMl9hdXRob3JpemF0aW9uX2NvZGVfaWQiOiJhNzZjMDhmZi1hYzliLTQwNzEtOWJlNS1lOGM3Y2U1NDE4MjAifQ._nrzpEPB0pm-rZq5sIABS2aP-yrfX_YeMXOohwMtPbg&redirect_uri=http%3A%2F%2Flocalhost%3A33000%2Fauth%2Fcobinhood%2Fcallback&client_id=a224d1dd-2625-4b68-be70-8126d6221f3b headers::[object Object]
2018-12-17 10:55:53 info: cobinhood client callback API call!! -> {"code":"eyJhbGciOiJIUzI1NiIsInR5cCI6IkpXVCJ9.eyJleHAiOjE1NDUwMTIwNTMsIm9hdXRoMl9hdXRob3JpemF0aW9uX2NvZGVfaWQiOiJiYjVhMTQ2Mi0yMzQ4LTRjMTItYWM2Yy05MjBjMjA2MWU2MDYifQ.wBj8CQWicFPHV2mcoDsPfNntUdPM3mlF0t4lPZQJJDg","state":"154501105835700"}
2018-12-17 10:55:53 info: cobinhood get token API call!! -> param::grant_type=authorization_code&code=eyJhbGciOiJIUzI1NiIsInR5cCI6IkpXVCJ9.eyJleHAiOjE1NDUwMTIwNTMsIm9hdXRoMl9hdXRob3JpemF0aW9uX2NvZGVfaWQiOiJiYjVhMTQ2Mi0yMzQ4LTRjMTItYWM2Yy05MjBjMjA2MWU2MDYifQ.wBj8CQWicFPHV2mcoDsPfNntUdPM3mlF0t4lPZQJJDg&redirect_uri=http%3A%2F%2Flocalhost%3A33000%2Fauth%2Fcobinhood%2Fcallback&client_id=a224d1dd-2625-4b68-be70-8126d6221f3b headers::[object Object]
2018-12-17 11:16:13 info: cobinhood client callback API call!! -> {"code":"eyJhbGciOiJIUzI1NiIsInR5cCI6IkpXVCJ9.eyJleHAiOjE1NDUwMTMyNzMsIm9hdXRoMl9hdXRob3JpemF0aW9uX2NvZGVfaWQiOiI0YzNlYjQ3Zi1mZGRmLTRkZGUtOGQ1Ny01OGM0YzVkZTEyZDUifQ.o1rMwc39fjpnBhXKgfNyHAh01qnwm5TcAg2jawFT_dQ","state":"154501105835700"}
2018-12-17 11:16:13 info: getUserFuzeXEmailToCobinhoodOAuthState API call!!
2018-12-17 11:16:13 info: Send mysql query!! -> getEmailToCobinhoodOauthState:: 154501105835700
2018-12-17 11:23:42 info: cobinhood client callback API call!! -> {"code":"eyJhbGciOiJIUzI1NiIsInR5cCI6IkpXVCJ9.eyJleHAiOjE1NDUwMTM3MjIsIm9hdXRoMl9hdXRob3JpemF0aW9uX2NvZGVfaWQiOiI5ZjhlODhmNS1mYzU3LTRjZmYtOTQ0OC0wYTE4NDcyYjM3MDEifQ.ILCYeCbB_0pViTm-lTCilA8wIVoI2qRCcMlVOxF4E48","state":"154501105835700"}
2018-12-17 11:23:42 info: getUserFuzeXEmailToCobinhoodOAuthState API call!!
2018-12-17 11:23:42 info: Send mysql query!! -> getEmailToCobinhoodOauthState:: 154501105835700
2018-12-17 11:23:42 error: get user fuzex email to cobinhood oAuth state failed -> state::154501105835700
2018-12-17 11:23:42 info: ERROR_GET_COBINHOOD_OAUTH_STATE ->Response Data:: {"result":500,"message":"ERROR_GET_COBINHOOD_OAUTH_STATE"}
2018-12-17 11:25:01 info: cobinhood get oAuth state API call!!
2018-12-17 11:25:01 info: cobinhood oAuth state value Database insert!! -> userEmail::jhmoon@brilliantts.com, state::154501350192700
2018-12-17 11:25:01 info: Send mysql query!! -> addOAuth:: jhmoon@brilliantts.com,154501350192700,154501350192700
2018-12-17 11:25:02 info: RESPONSE_CODE_OK -> Response Data:: {"result":200,"message":"RESPONSE_CODE_OK","data":{"state":154501350192700}}
2018-12-17 11:25:06 info: cobinhood client callback API call!! -> {"code":"eyJhbGciOiJIUzI1NiIsInR5cCI6IkpXVCJ9.eyJleHAiOjE1NDUwMTM4MDYsIm9hdXRoMl9hdXRob3JpemF0aW9uX2NvZGVfaWQiOiI5YTVkMTQ0NS1mOWQzLTRjMjktOTdlZS05YjhkYmU0MzA1MTUifQ.fMZ4_NMeI5lgNeI8JH2HVXuclmAmYnkGxHglAe3YRo8","state":"154501350192700"}
2018-12-17 11:25:06 info: getUserFuzeXEmailToCobinhoodOAuthState API call!!
2018-12-17 11:25:06 info: Send mysql query!! -> getEmailToCobinhoodOauthState:: 154501350192700
2018-12-17 11:25:06 error: get user fuzex email to cobinhood oAuth state failed -> state::154501350192700
2018-12-17 11:25:06 info: ERROR_GET_COBINHOOD_OAUTH_STATE ->Response Data:: {"result":500,"message":"ERROR_GET_COBINHOOD_OAUTH_STATE"}
2018-12-17 11:27:46 info: cobinhood client callback API call!! -> {"code":"eyJhbGciOiJIUzI1NiIsInR5cCI6IkpXVCJ9.eyJleHAiOjE1NDUwMTM5NjYsIm9hdXRoMl9hdXRob3JpemF0aW9uX2NvZGVfaWQiOiIzZWM0MWJiZC0yMTgyLTQ5YTctOWQyNi1jNjIwZmU3NmVjYWMifQ.wOlO9mQ1GTemiVFF40CC9mCUn-JZlp1wK6Z33ER8u-s","state":"154501350192700"}
2018-12-17 11:27:46 info: getUserFuzeXEmailToCobinhoodOAuthState API call!!
2018-12-17 11:27:46 info: Send mysql query!! -> getEmailToCobinhoodOauthState:: 154501350192700
2018-12-17 11:27:47 error: get user fuzex email to cobinhood oAuth state failed -> state::154501350192700
2018-12-17 11:27:47 info: ERROR_GET_COBINHOOD_OAUTH_STATE ->Response Data:: {"result":500,"message":"ERROR_GET_COBINHOOD_OAUTH_STATE"}
2018-12-17 11:28:45 info: cobinhood client callback API call!! -> {"code":"eyJhbGciOiJIUzI1NiIsInR5cCI6IkpXVCJ9.eyJleHAiOjE1NDUwMTQwMjQsIm9hdXRoMl9hdXRob3JpemF0aW9uX2NvZGVfaWQiOiI0MjJiOTE5YS1mZTM1LTRmZTctYTIxYS0zMjE3NjZlN2Q2NTAifQ.rYrIUVpr8oKtqtInWFRNsGTJktYl5lMiWbfLOykCxRA","state":"154501350192700"}
2018-12-17 11:28:45 info: getUserFuzeXEmailToCobinhoodOAuthState API call!!
2018-12-17 11:28:45 info: Send mysql query!! -> getEmailToCobinhoodOauthState:: 154501350192700
2018-12-17 11:28:45 info: cobinhood get token API call!! -> param::grant_type=authorization_code&code=eyJhbGciOiJIUzI1NiIsInR5cCI6IkpXVCJ9.eyJleHAiOjE1NDUwMTQwMjQsIm9hdXRoMl9hdXRob3JpemF0aW9uX2NvZGVfaWQiOiI0MjJiOTE5YS1mZTM1LTRmZTctYTIxYS0zMjE3NjZlN2Q2NTAifQ.rYrIUVpr8oKtqtInWFRNsGTJktYl5lMiWbfLOykCxRA&redirect_uri=http%3A%2F%2Flocalhost%3A33000%2Fauth%2Fcobinhood%2Fcallback&client_id=a224d1dd-2625-4b68-be70-8126d6221f3b headers::[object Object]
2018-12-17 11:29:23 info: cobinhood client callback API call!! -> {"code":"eyJhbGciOiJIUzI1NiIsInR5cCI6IkpXVCJ9.eyJleHAiOjE1NDUwMTQwNjMsIm9hdXRoMl9hdXRob3JpemF0aW9uX2NvZGVfaWQiOiJhYTQwZmQ3YS1kNzRlLTQ2MTAtODc4Yy05ZDViOGJiYWZjNDQifQ.tS3Kfibiw8PIINpEN2YqPF-ovxqPEFdXIQuC2VkbMyM","state":"154501350192700"}
2018-12-17 11:29:23 info: getUserFuzeXEmailToCobinhoodOAuthState API call!!
2018-12-17 11:29:23 info: Send mysql query!! -> getEmailToCobinhoodOauthState:: 154501350192700
2018-12-17 11:29:23 info: cobinhood get token API call!! -> param::grant_type=authorization_code&code=eyJhbGciOiJIUzI1NiIsInR5cCI6IkpXVCJ9.eyJleHAiOjE1NDUwMTQwNjMsIm9hdXRoMl9hdXRob3JpemF0aW9uX2NvZGVfaWQiOiJhYTQwZmQ3YS1kNzRlLTQ2MTAtODc4Yy05ZDViOGJiYWZjNDQifQ.tS3Kfibiw8PIINpEN2YqPF-ovxqPEFdXIQuC2VkbMyM&redirect_uri=http%3A%2F%2Flocalhost%3A33000%2Fauth%2Fcobinhood%2Fcallback&client_id=a224d1dd-2625-4b68-be70-8126d6221f3b headers::[object Object]
2018-12-17 11:31:36 info: cobinhood client callback API call!! -> {"code":"eyJhbGciOiJIUzI1NiIsInR5cCI6IkpXVCJ9.eyJleHAiOjE1NDUwMTQxOTYsIm9hdXRoMl9hdXRob3JpemF0aW9uX2NvZGVfaWQiOiJlMDc3NDU0NS03Nzg5LTQ0ZmQtYjA4Ny0yNDJiZmJjZjVlM2MifQ.mFOQnh6aVjkMYn7bz41NZsFkpKQWeR-_rjUASAgrg9g","state":"154501350192700"}
2018-12-17 11:31:36 info: getUserFuzeXEmailToCobinhoodOAuthState API call!!
2018-12-17 11:31:36 info: Send mysql query!! -> getEmailToCobinhoodOauthState:: 154501350192700
2018-12-17 11:31:37 info: cobinhood get token API call!! -> param::grant_type=authorization_code&code=eyJhbGciOiJIUzI1NiIsInR5cCI6IkpXVCJ9.eyJleHAiOjE1NDUwMTQxOTYsIm9hdXRoMl9hdXRob3JpemF0aW9uX2NvZGVfaWQiOiJlMDc3NDU0NS03Nzg5LTQ0ZmQtYjA4Ny0yNDJiZmJjZjVlM2MifQ.mFOQnh6aVjkMYn7bz41NZsFkpKQWeR-_rjUASAgrg9g&redirect_uri=http%3A%2F%2Flocalhost%3A33000%2Fauth%2Fcobinhood%2Fcallback&client_id=a224d1dd-2625-4b68-be70-8126d6221f3b headers::{"Authorization":"Basic YTIyNGQxZGQtMjYyNS00YjY4LWJlNzAtODEyNmQ2MjIxZjNiOjNsZXFJRFlLa2V0NzBnbHVjWU11dkBOQHdJejhFS3VsRWxJbjlZbm9jWnVOSXFFc2VsdXpjMGM=","Content-Type":"application/x-www-form-urlencoded"}
2018-12-17 11:48:01 info: USER LOGOUT!! -> jhmoon@brilliantts.com
2018-12-17 11:48:01 info: Send mysql query!! -> removeToken:: ,jhmoon@brilliantts.com
2018-12-17 11:48:01 error: Query Error. -> Error: Unknown column 'token' in 'field list'
2018-12-17 11:48:01 info: FAILED_TOKEN_REMOVE ->Response Data:: {"result":200,"message":"FAILED_TOKEN_REMOVE"}
2018-12-17 11:48:14 info: Send mysql query!! -> findUserByEmail:: jhmoon@brilliantts.com
2018-12-17 11:48:15 info: passport login callback func start!! -> {"email":"jhmoon@brilliantts.com","passwd":"$2b$12$pSlAX/6RhZOfFb26UJ.yBeXHp3YdxDSL25AavfPMmH4NcsXTrrPTa","loading_number":null,"first_name":"jh","last_name":"moon","country_code":410,"code_phone":"82","phone_number":"01082942417","selected_crypto_symbol":"FXT","created_at":"2018-12-09T16:52:10.133Z","modified_at":"2018-12-16T15:24:11.673Z","use_exchange":null,"is_crypto":"1"}
2018-12-17 11:48:15 info: LOGGED_IN_SUCCEFFULLY -> Response Data:: {"result":200,"message":"LOGGED_IN_SUCCEFFULLY","data":{"token":"eyJhbGciOiJIUzI1NiIsInR5cCI6IkpXVCJ9.eyJpZCI6ImpobW9vbkBicmlsbGlhbnR0cy5jb20iLCJpYXQiOjE1NDUwMTQ4OTUsImV4cCI6MTg2MDU5MDg5NSwiaXNzIjoiZnV6ZXgifQ.yNWXL-PfLQQbYco9lY6SejYJGtC-fXI-q4JOdf-y7R0","email":"jhmoon@brilliantts.com","firstName":"jh","lastName":"moon","useExchange":null,"countryCode":410,"nationalPhoneCode":"82","phoneNum":"01082942417"}}
2018-12-17 11:48:19 info: cobinhood get oAuth state API call!!
2018-12-17 11:48:19 info: Send mysql query!! -> addOAuth:: jhmoon@brilliantts.com,154501489943200,154501489943200
2018-12-17 11:48:19 info: cobinhood oAuth state value Database insert!! -> userEmail::jhmoon@brilliantts.com, state::154501489943200
2018-12-17 11:48:19 info: RESPONSE_CODE_OK -> Response Data:: {"result":200,"message":"RESPONSE_CODE_OK","data":{"state":154501489943200}}
2018-12-17 11:48:50 info: cobinhood client callback API call!! -> {"code":"eyJhbGciOiJIUzI1NiIsInR5cCI6IkpXVCJ9.eyJleHAiOjE1NDUwMTUyMjksIm9hdXRoMl9hdXRob3JpemF0aW9uX2NvZGVfaWQiOiIwN2Y1ZWM5Zi0yYTI3LTQwMmQtYmRlMy1mZTE5ODU0NDQyYTQifQ.Rf_HwJfU6xw6fFskHarRy55Lr-OatJrvGq_OalWsE_I","state":"154501489943200"}
2018-12-17 11:48:50 info: getUserFuzeXEmailToCobinhoodOAuthState API call!!
2018-12-17 11:48:50 info: Send mysql query!! -> getEmailToCobinhoodOauthState:: 154501489943200
2018-12-17 11:48:50 info: cobinhood get token API call!! -> param::grant_type=authorization_code&code=eyJhbGciOiJIUzI1NiIsInR5cCI6IkpXVCJ9.eyJleHAiOjE1NDUwMTUyMjksIm9hdXRoMl9hdXRob3JpemF0aW9uX2NvZGVfaWQiOiIwN2Y1ZWM5Zi0yYTI3LTQwMmQtYmRlMy1mZTE5ODU0NDQyYTQifQ.Rf_HwJfU6xw6fFskHarRy55Lr-OatJrvGq_OalWsE_I&redirect_uri=http%3A%2F%2Flocalhost%3A33000%2Fauth%2Fcobinhood%2Fcallback&client_id=a224d1dd-2625-4b68-be70-8126d6221f3b headers::{"Authorization":"Basic YTIyNGQxZGQtMjYyNS00YjY4LWJlNzAtODEyNmQ2MjIxZjNiOjNsZXFJRFlLa2V0NzBnbHVjWU11dkBOQHdJejhFS3VsRWxJbjlZbm9jWnVOSXFFc2VsdXpjMGM=","Content-Type":"application/x-www-form-urlencoded"}
2018-12-17 11:48:50 info: Send mysql query!! -> setUserCobinhoodOAuthToken:: eyJhbGciOiJIUzI1NiIsInR5cCI6IkpXVCJ9.eyJjbGllbnRfaWQiOiJhMjI0ZDFkZC0yNjI1LTRiNjgtYmU3MC04MTI2ZDYyMjFmM2IiLCJleHAiOjE1NDUwMTg1MzAsIm9hdXRoMl9hY2Nlc3NfdG9rZW5faWQiOiI4NTI4NjljOS05NGZiLTQwYzYtOTRkZC0xYWQ0OTg4MmFjODIiLCJzY29wZSI6WyJzY29wZV90aGlyZF9wYXJ0eV9pbnRlcm5hbF93aXRoZHJhdyIsInNjb3BlX2V4Y2hhbmdlX2xlZGdlcl9yZWFkIiwic2NvcGVfdGhpcmRfcGFydHlfYWNjb3VudF9yZWFkIl0sInVzZXJfaWQiOiJhNDNhZGIwMC1mNWViLTQ3NDUtYmRlYi01MTUwYTYzNThiNzMifQ.GsR94nfwZPyFxWTeyjdf4LDvqWeL6uCYxOy92tEsMh8,eyJhbGciOiJIUzI1NiIsInR5cCI6IkpXVCJ9.eyJjbGllbnRfaWQiOiJhMjI0ZDFkZC0yNjI1LTRiNjgtYmU3MC04MTI2ZDYyMjFmM2IiLCJleHAiOjE1NDUxMDEzMzAsIm9hdXRoMl9yZWZyZXNoX3Rva2VuX2lkIjoiMGQyYzI3M2EtMTgzOS00MDlhLWJjMzctNGY1OTU0ZTNmMTA1Iiwic2NvcGUiOlsic2NvcGVfdGhpcmRfcGFydHlfaW50ZXJuYWxfd2l0aGRyYXciLCJzY29wZV9leGNoYW5nZV9sZWRnZXJfcmVhZCIsInNjb3BlX3RoaXJkX3BhcnR5X2FjY291bnRfcmVhZCJdLCJ1c2VyX2lkIjoiYTQzYWRiMDAtZjVlYi00NzQ1LWJkZWItNTE1MGE2MzU4YjczIn0.RIfRHlVqNsg1FXFC1lcNhjjwmd8vtpdmsLTidJ_MxE4,scope_third_party_internal_withdraw scope_exchange_ledger_read scope_third_party_account_read,Bearer,jhmoon@brilliantts.com
2018-12-17 14:34:32 info: Send mysql query!! -> findUserByEmail:: jhmoon@brilliantts.com
2018-12-17 14:34:32 info: passport login callback func start!! -> {"email":"jhmoon@brilliantts.com","passwd":"$2b$12$pSlAX/6RhZOfFb26UJ.yBeXHp3YdxDSL25AavfPMmH4NcsXTrrPTa","loading_number":null,"first_name":"jh","last_name":"moon","country_code":410,"code_phone":"82","phone_number":"01082942417","selected_crypto_symbol":"FXT","created_at":"2018-12-09T16:52:10.133Z","modified_at":"2018-12-16T15:24:11.673Z","use_exchange":null,"is_crypto":"1"}
2018-12-17 14:34:32 info: LOGGED_IN_SUCCEFFULLY -> Response Data:: {"result":200,"message":"LOGGED_IN_SUCCEFFULLY","data":{"token":"eyJhbGciOiJIUzI1NiIsInR5cCI6IkpXVCJ9.eyJpZCI6ImpobW9vbkBicmlsbGlhbnR0cy5jb20iLCJpYXQiOjE1NDUwMjQ4NzIsImV4cCI6MTg2MDYwMDg3MiwiaXNzIjoiZnV6ZXgifQ.jZH2eMO4K6HhC9bbbdU5SAG9LCL7UrWjiW8suwECGJI","email":"jhmoon@brilliantts.com","firstName":"jh","lastName":"moon","useExchange":null,"countryCode":410,"nationalPhoneCode":"82","phoneNum":"01082942417"}}
2018-12-17 16:17:21 info: USER LOGOUT!! -> jhmoon@brilliantts.com
2018-12-17 16:17:21 info: Send mysql query!! -> removeToken:: ,jhmoon@brilliantts.com
2018-12-17 16:17:21 error: Query Error. -> Error: Unknown column 'token' in 'field list'
2018-12-17 16:17:21 info: FAILED_TOKEN_REMOVE ->Response Data:: {"result":200,"message":"FAILED_TOKEN_REMOVE"}
2018-12-17 16:36:04 info: Send mysql query!! -> findUserByEmail:: jhmoon@brilliantts.com
2018-12-17 16:36:04 info: LOGGED_IN_SUCCEFFULLY -> Response Data:: {"result":200,"message":"LOGGED_IN_SUCCEFFULLY","data":{"token":"eyJhbGciOiJIUzI1NiIsInR5cCI6IkpXVCJ9.eyJpZCI6ImpobW9vbkBicmlsbGlhbnR0cy5jb20iLCJpYXQiOjE1NDUwMzIxNjQsImV4cCI6MTg2MDYwODE2NCwiaXNzIjoiZnV6ZXgifQ.qwAMDl4a_phoOHrXmcrjXpmoeJ1vR3tsCdkqk4G1120","email":"jhmoon@brilliantts.com","firstName":"jh","lastName":"moon","useExchange":null,"countryCode":410,"nationalPhoneCode":"82","phoneNum":"01082942417"}}
2018-12-17 16:36:04 info: passport login callback func start!! -> {"email":"jhmoon@brilliantts.com","passwd":"$2b$12$pSlAX/6RhZOfFb26UJ.yBeXHp3YdxDSL25AavfPMmH4NcsXTrrPTa","loading_number":null,"first_name":"jh","last_name":"moon","country_code":410,"code_phone":"82","phone_number":"01082942417","selected_crypto_symbol":"FXT","created_at":"2018-12-09T16:52:10.133Z","modified_at":"2018-12-16T15:24:11.673Z","use_exchange":null,"is_crypto":"1"}
2018-12-17 16:37:12 info: Send mysql query!! -> findUserByEmail:: jhmoon@brilliantts.com
2018-12-17 16:37:12 info: passport login callback func start!! -> {"email":"jhmoon@brilliantts.com","passwd":"$2b$12$pSlAX/6RhZOfFb26UJ.yBeXHp3YdxDSL25AavfPMmH4NcsXTrrPTa","loading_number":null,"first_name":"jh","last_name":"moon","country_code":410,"code_phone":"82","phone_number":"01082942417","selected_crypto_symbol":"FXT","created_at":"2018-12-09T16:52:10.133Z","modified_at":"2018-12-16T15:24:11.673Z","use_exchange":null,"is_crypto":"1"}
2018-12-17 16:37:12 info: LOGGED_IN_SUCCEFFULLY -> Response Data:: {"result":200,"message":"LOGGED_IN_SUCCEFFULLY","data":{"token":"eyJhbGciOiJIUzI1NiIsInR5cCI6IkpXVCJ9.eyJpZCI6ImpobW9vbkBicmlsbGlhbnR0cy5jb20iLCJpYXQiOjE1NDUwMzIyMzIsImV4cCI6MTg2MDYwODIzMiwiaXNzIjoiZnV6ZXgifQ.Wl959sU4MKWLQ7oP6OtPwQIq8wD_smUbdGXZhPQ-ZVg","email":"jhmoon@brilliantts.com","firstName":"jh","lastName":"moon","useExchange":null,"countryCode":410,"nationalPhoneCode":"82","phoneNum":"01082942417"}}
2018-12-17 17:24:43 info: Send mysql query!! -> findUserByEmail:: jhmoon@brilliantts.com
2018-12-17 17:24:44 info: passport login callback func start!! -> {"email":"jhmoon@brilliantts.com","passwd":"$2b$12$pSlAX/6RhZOfFb26UJ.yBeXHp3YdxDSL25AavfPMmH4NcsXTrrPTa","loading_number":null,"first_name":"jh","last_name":"moon","country_code":410,"code_phone":"82","phone_number":"01082942417","selected_crypto_symbol":"FXT","created_at":"2018-12-09T16:52:10.133Z","modified_at":"2018-12-16T15:24:11.673Z","use_exchange":null,"is_crypto":"1"}
2018-12-17 17:24:44 info: LOGGED_IN_SUCCEFFULLY -> Response Data:: {"result":200,"message":"LOGGED_IN_SUCCEFFULLY","data":{"token":"eyJhbGciOiJIUzI1NiIsInR5cCI6IkpXVCJ9.eyJpZCI6ImpobW9vbkBicmlsbGlhbnR0cy5jb20iLCJpYXQiOjE1NDUwMzUwODQsImV4cCI6MTg2MDYxMTA4NCwiaXNzIjoiZnV6ZXgifQ.fBC89oWgpoFo5jxUX6NH6rd1EIzd5FJNotqgFCPrBMs","email":"jhmoon@brilliantts.com","firstName":"jh","lastName":"moon","useExchange":null,"countryCode":410,"nationalPhoneCode":"82","phoneNum":"01082942417"}}
2018-12-17 17:52:58 info: Send mysql query!! -> findUserByEmail:: jhmoon@brilliantts.com
2018-12-17 17:52:58 info: passport login callback func start!! -> {"email":"jhmoon@brilliantts.com","passwd":"$2b$12$pSlAX/6RhZOfFb26UJ.yBeXHp3YdxDSL25AavfPMmH4NcsXTrrPTa","loading_number":null,"first_name":"jh","last_name":"moon","country_code":410,"code_phone":"82","phone_number":"01082942417","selected_crypto_symbol":"FXT","created_at":"2018-12-09T16:52:10.133Z","modified_at":"2018-12-16T15:24:11.673Z","use_exchange":null,"is_crypto":"1"}
2018-12-17 17:52:58 info: LOGGED_IN_SUCCEFFULLY -> Response Data:: {"result":200,"message":"LOGGED_IN_SUCCEFFULLY","data":{"token":"eyJhbGciOiJIUzI1NiIsInR5cCI6IkpXVCJ9.eyJpZCI6ImpobW9vbkBicmlsbGlhbnR0cy5jb20iLCJpYXQiOjE1NDUwMzY3NzgsImV4cCI6MTg2MDYxMjc3OCwiaXNzIjoiZnV6ZXgifQ.LZSS3n99E3P8jiTcTL1oT3sTnZfeO3be2j_3zo0TmyE","email":"jhmoon@brilliantts.com","firstName":"jh","lastName":"moon","useExchange":null,"countryCode":410,"nationalPhoneCode":"82","phoneNum":"01082942417"}}
2018-12-17 19:24:37 info: Send mysql query!! -> findUserByEmail:: jhmoon@brilliantts.com
2018-12-17 19:24:37 info: passport login callback func start!! -> {"email":"jhmoon@brilliantts.com","passwd":"$2b$12$pSlAX/6RhZOfFb26UJ.yBeXHp3YdxDSL25AavfPMmH4NcsXTrrPTa","loading_number":null,"first_name":"jh","last_name":"moon","country_code":410,"code_phone":"82","phone_number":"01082942417","selected_crypto_symbol":"FXT","created_at":"2018-12-09T16:52:10.133Z","modified_at":"2018-12-16T15:24:11.673Z","use_exchange":null,"is_crypto":"1"}
2018-12-17 19:24:37 info: LOGGED_IN_SUCCEFFULLY -> Response Data:: {"result":200,"message":"LOGGED_IN_SUCCEFFULLY","data":{"token":"eyJhbGciOiJIUzI1NiIsInR5cCI6IkpXVCJ9.eyJpZCI6ImpobW9vbkBicmlsbGlhbnR0cy5jb20iLCJpYXQiOjE1NDUwNDIyNzcsImV4cCI6MTg2MDYxODI3NywiaXNzIjoiZnV6ZXgifQ.jEjxgDuvvlUL9F7d1Amw9WB7UbEaX8gFAoD9M8KqT4E","email":"jhmoon@brilliantts.com","firstName":"jh","lastName":"moon","useExchange":null,"countryCode":410,"nationalPhoneCode":"82","phoneNum":"01082942417"}}
2018-12-17 19:26:09 info: Send mysql query!! -> findUserByEmail:: jhmoon@brilliantts.com
2018-12-17 19:26:09 info: passport login callback func start!! -> {"email":"jhmoon@brilliantts.com","passwd":"$2b$12$pSlAX/6RhZOfFb26UJ.yBeXHp3YdxDSL25AavfPMmH4NcsXTrrPTa","loading_number":null,"first_name":"jh","last_name":"moon","country_code":410,"code_phone":"82","phone_number":"01082942417","selected_crypto_symbol":"FXT","created_at":"2018-12-09T16:52:10.133Z","modified_at":"2018-12-16T15:24:11.673Z","use_exchange":null,"is_crypto":"1"}
2018-12-17 19:26:09 info: LOGGED_IN_SUCCEFFULLY -> Response Data:: {"result":200,"message":"LOGGED_IN_SUCCEFFULLY","data":{"token":"eyJhbGciOiJIUzI1NiIsInR5cCI6IkpXVCJ9.eyJpZCI6ImpobW9vbkBicmlsbGlhbnR0cy5jb20iLCJpYXQiOjE1NDUwNDIzNjksImV4cCI6MTg2MDYxODM2OSwiaXNzIjoiZnV6ZXgifQ.XkI_q09Qe5JgyNKQJ7Vd0QRtYdtY3fygFk78iVPFvPA","email":"jhmoon@brilliantts.com","firstName":"jh","lastName":"moon","useExchange":null,"countryCode":410,"nationalPhoneCode":"82","phoneNum":"01082942417"}}
2018-12-17 19:40:34 info: Send mysql query!! -> findUserByEmail:: jhmoon@brilliantts.com
2018-12-17 19:40:34 info: passport login callback func start!! -> {"email":"jhmoon@brilliantts.com","passwd":"$2b$12$pSlAX/6RhZOfFb26UJ.yBeXHp3YdxDSL25AavfPMmH4NcsXTrrPTa","loading_number":null,"first_name":"jh","last_name":"moon","country_code":410,"code_phone":"82","phone_number":"01082942417","selected_crypto_symbol":"FXT","created_at":"2018-12-09T16:52:10.133Z","modified_at":"2018-12-16T15:24:11.673Z","use_exchange":null,"is_crypto":"1"}
2018-12-17 19:40:34 info: LOGGED_IN_SUCCEFFULLY -> Response Data:: {"result":200,"message":"LOGGED_IN_SUCCEFFULLY","data":{"token":"eyJhbGciOiJIUzI1NiIsInR5cCI6IkpXVCJ9.eyJpZCI6ImpobW9vbkBicmlsbGlhbnR0cy5jb20iLCJpYXQiOjE1NDUwNDMyMzQsImV4cCI6MTg2MDYxOTIzNCwiaXNzIjoiZnV6ZXgifQ.cnDXeI5c-rtE77UbCupcjNHDfTMSj6PhcuNrUel11j8","email":"jhmoon@brilliantts.com","firstName":"jh","lastName":"moon","useExchange":null,"countryCode":410,"nationalPhoneCode":"82","phoneNum":"01082942417"}}
2018-12-17 19:42:02 info: Send mysql query!! -> findUserByEmail:: jhmoon@brilliantts.com
2018-12-17 19:42:02 info: passport login callback func start!! -> {"email":"jhmoon@brilliantts.com","passwd":"$2b$12$pSlAX/6RhZOfFb26UJ.yBeXHp3YdxDSL25AavfPMmH4NcsXTrrPTa","loading_number":null,"first_name":"jh","last_name":"moon","country_code":410,"code_phone":"82","phone_number":"01082942417","selected_crypto_symbol":"FXT","created_at":"2018-12-09T16:52:10.133Z","modified_at":"2018-12-16T15:24:11.673Z","use_exchange":null,"is_crypto":"1"}
2018-12-17 19:42:02 info: LOGGED_IN_SUCCEFFULLY -> Response Data:: {"result":200,"message":"LOGGED_IN_SUCCEFFULLY","data":{"token":"eyJhbGciOiJIUzI1NiIsInR5cCI6IkpXVCJ9.eyJpZCI6ImpobW9vbkBicmlsbGlhbnR0cy5jb20iLCJpYXQiOjE1NDUwNDMzMjIsImV4cCI6MTg2MDYxOTMyMiwiaXNzIjoiZnV6ZXgifQ.xHb6ihHGqbaFD3BE2ZSIWZ9jfzLmqSZAD5dhfVMj7U8","email":"jhmoon@brilliantts.com","firstName":"jh","lastName":"moon","useExchange":null,"countryCode":410,"nationalPhoneCode":"82","phoneNum":"01082942417"}}
2018-12-17 19:42:28 info: Send mysql query!! -> findUserByEmail:: jhmoon@brilliantts.com
2018-12-17 19:42:29 info: passport login callback func start!! -> {"email":"jhmoon@brilliantts.com","passwd":"$2b$12$pSlAX/6RhZOfFb26UJ.yBeXHp3YdxDSL25AavfPMmH4NcsXTrrPTa","loading_number":null,"first_name":"jh","last_name":"moon","country_code":410,"code_phone":"82","phone_number":"01082942417","selected_crypto_symbol":"FXT","created_at":"2018-12-09T16:52:10.133Z","modified_at":"2018-12-16T15:24:11.673Z","use_exchange":null,"is_crypto":"1"}
2018-12-17 19:42:29 info: LOGGED_IN_SUCCEFFULLY -> Response Data:: {"result":200,"message":"LOGGED_IN_SUCCEFFULLY","data":{"token":"eyJhbGciOiJIUzI1NiIsInR5cCI6IkpXVCJ9.eyJpZCI6ImpobW9vbkBicmlsbGlhbnR0cy5jb20iLCJpYXQiOjE1NDUwNDMzNDksImV4cCI6MTg2MDYxOTM0OSwiaXNzIjoiZnV6ZXgifQ.9Cx18-h-1MVxqF0v2raMUigjOncl84NPE1NkPSe-Xjw","email":"jhmoon@brilliantts.com","firstName":"jh","lastName":"moon","useExchange":null,"countryCode":410,"nationalPhoneCode":"82","phoneNum":"01082942417"}}
2018-12-17 19:46:10 info: Send mysql query!! -> findUserByEmail:: jhmoon@brilliantts.com
2018-12-17 19:46:11 info: passport login callback func start!! -> {"email":"jhmoon@brilliantts.com","passwd":"$2b$12$pSlAX/6RhZOfFb26UJ.yBeXHp3YdxDSL25AavfPMmH4NcsXTrrPTa","loading_number":null,"first_name":"jh","last_name":"moon","country_code":410,"code_phone":"82","phone_number":"01082942417","selected_crypto_symbol":"FXT","created_at":"2018-12-09T16:52:10.133Z","modified_at":"2018-12-16T15:24:11.673Z","use_exchange":null,"is_crypto":"1"}
2018-12-17 19:46:11 info: LOGGED_IN_SUCCEFFULLY -> Response Data:: {"result":200,"message":"LOGGED_IN_SUCCEFFULLY","data":{"token":"eyJhbGciOiJIUzI1NiIsInR5cCI6IkpXVCJ9.eyJpZCI6ImpobW9vbkBicmlsbGlhbnR0cy5jb20iLCJpYXQiOjE1NDUwNDM1NzEsImV4cCI6MTg2MDYxOTU3MSwiaXNzIjoiZnV6ZXgifQ.AF4OALY8GJn2fV3htYXOokyyiZClJWI8L7zEH0NvU9E","email":"jhmoon@brilliantts.com","firstName":"jh","lastName":"moon","useExchange":null,"countryCode":410,"nationalPhoneCode":"82","phoneNum":"01082942417"}}
2018-12-17 19:52:43 info: Send mysql query!! -> findUserByEmail:: jhmoon@brilliantts.com
2018-12-17 19:52:43 info: passport login callback func start!! -> {"email":"jhmoon@brilliantts.com","passwd":"$2b$12$pSlAX/6RhZOfFb26UJ.yBeXHp3YdxDSL25AavfPMmH4NcsXTrrPTa","loading_number":null,"first_name":"jh","last_name":"moon","country_code":410,"code_phone":"82","phone_number":"01082942417","selected_crypto_symbol":"FXT","created_at":"2018-12-09T16:52:10.133Z","modified_at":"2018-12-16T15:24:11.673Z","use_exchange":null,"is_crypto":"1"}
2018-12-17 19:52:43 info: LOGGED_IN_SUCCEFFULLY -> Response Data:: {"result":200,"message":"LOGGED_IN_SUCCEFFULLY","data":{"token":"eyJhbGciOiJIUzI1NiIsInR5cCI6IkpXVCJ9.eyJpZCI6ImpobW9vbkBicmlsbGlhbnR0cy5jb20iLCJpYXQiOjE1NDUwNDM5NjMsImV4cCI6MTg2MDYxOTk2MywiaXNzIjoiZnV6ZXgifQ.HKVoi4WGxFKXhE0LNZrq7Oay-2BOCGB6pWlr0hASLF4","email":"jhmoon@brilliantts.com","firstName":"jh","lastName":"moon","useExchange":null,"countryCode":410,"nationalPhoneCode":"82","phoneNum":"01082942417"}}
2018-12-17 19:53:32 info: Send mysql query!! -> findUserByEmail:: jhmoon@brilliantts.com
2018-12-17 19:53:32 info: passport login callback func start!! -> {"email":"jhmoon@brilliantts.com","passwd":"$2b$12$pSlAX/6RhZOfFb26UJ.yBeXHp3YdxDSL25AavfPMmH4NcsXTrrPTa","loading_number":null,"first_name":"jh","last_name":"moon","country_code":410,"code_phone":"82","phone_number":"01082942417","selected_crypto_symbol":"FXT","created_at":"2018-12-09T16:52:10.133Z","modified_at":"2018-12-16T15:24:11.673Z","use_exchange":null,"is_crypto":"1"}
2018-12-17 19:53:32 info: LOGGED_IN_SUCCEFFULLY -> Response Data:: {"result":200,"message":"LOGGED_IN_SUCCEFFULLY","data":{"token":"eyJhbGciOiJIUzI1NiIsInR5cCI6IkpXVCJ9.eyJpZCI6ImpobW9vbkBicmlsbGlhbnR0cy5jb20iLCJpYXQiOjE1NDUwNDQwMTIsImV4cCI6MTg2MDYyMDAxMiwiaXNzIjoiZnV6ZXgifQ.W2EUEcYGPqWnGz1d5E4yX0cBt4J-XxnJLeTnBKfxnKc","email":"jhmoon@brilliantts.com","firstName":"jh","lastName":"moon","useExchange":null,"countryCode":410,"nationalPhoneCode":"82","phoneNum":"01082942417"}}
2018-12-17 19:55:31 info: Send mysql query!! -> findUserByEmail:: jhmoon@brilliantts.com
2018-12-17 19:55:32 info: passport login callback func start!! -> {"email":"jhmoon@brilliantts.com","passwd":"$2b$12$pSlAX/6RhZOfFb26UJ.yBeXHp3YdxDSL25AavfPMmH4NcsXTrrPTa","loading_number":null,"first_name":"jh","last_name":"moon","country_code":410,"code_phone":"82","phone_number":"01082942417","selected_crypto_symbol":"FXT","created_at":"2018-12-09T16:52:10.133Z","modified_at":"2018-12-16T15:24:11.673Z","use_exchange":null,"is_crypto":"1"}
2018-12-17 19:55:32 info: LOGGED_IN_SUCCEFFULLY -> Response Data:: {"result":200,"message":"LOGGED_IN_SUCCEFFULLY","data":{"token":"eyJhbGciOiJIUzI1NiIsInR5cCI6IkpXVCJ9.eyJpZCI6ImpobW9vbkBicmlsbGlhbnR0cy5jb20iLCJpYXQiOjE1NDUwNDQxMzIsImV4cCI6MTg2MDYyMDEzMiwiaXNzIjoiZnV6ZXgifQ.wH7BWZIzADyGMySl__u40tpDS8Le87UyVLBAaHM3rb4","email":"jhmoon@brilliantts.com","firstName":"jh","lastName":"moon","useExchange":null,"countryCode":410,"nationalPhoneCode":"82","phoneNum":"01082942417"}}
2018-12-17 19:57:25 info: Send mysql query!! -> findUserByEmail:: jhmoon@brilliantts.com
2018-12-17 19:57:25 info: LOGGED_IN_SUCCEFFULLY -> Response Data:: {"result":200,"message":"LOGGED_IN_SUCCEFFULLY","data":{"token":"eyJhbGciOiJIUzI1NiIsInR5cCI6IkpXVCJ9.eyJpZCI6ImpobW9vbkBicmlsbGlhbnR0cy5jb20iLCJpYXQiOjE1NDUwNDQyNDUsImV4cCI6MTg2MDYyMDI0NSwiaXNzIjoiZnV6ZXgifQ.9DmdY4VOfTGyQlIAj4oxKfHNdSSyj8DhsEK3o21Oj-0","email":"jhmoon@brilliantts.com","firstName":"jh","lastName":"moon","useExchange":null,"countryCode":410,"nationalPhoneCode":"82","phoneNum":"01082942417"}}
2018-12-17 19:57:25 info: passport login callback func start!! -> {"email":"jhmoon@brilliantts.com","passwd":"$2b$12$pSlAX/6RhZOfFb26UJ.yBeXHp3YdxDSL25AavfPMmH4NcsXTrrPTa","loading_number":null,"first_name":"jh","last_name":"moon","country_code":410,"code_phone":"82","phone_number":"01082942417","selected_crypto_symbol":"FXT","created_at":"2018-12-09T16:52:10.133Z","modified_at":"2018-12-16T15:24:11.673Z","use_exchange":null,"is_crypto":"1"}
2018-12-17 19:57:28 info: cobinhood get oAuth state API call!!
2018-12-17 19:57:28 info: cobinhood oAuth state value Database insert!! -> userEmail::jhmoon@brilliantts.com, state::154504424805200
2018-12-17 19:57:28 info: Send mysql query!! -> addOAuth:: jhmoon@brilliantts.com,154504424805200,154504424805200
2018-12-17 19:57:28 info: RESPONSE_CODE_OK -> Response Data:: {"result":200,"message":"RESPONSE_CODE_OK","data":{"state":154504424805200}}
2018-12-17 19:57:51 info: cobinhood client callback API call!! -> {"code":"eyJhbGciOiJIUzI1NiIsInR5cCI6IkpXVCJ9.eyJleHAiOjE1NDUwNDQ1NzAsIm9hdXRoMl9hdXRob3JpemF0aW9uX2NvZGVfaWQiOiI0NTk4NTM4Mi01ZmIyLTRkNzItOTVlMi0zYTFiZWMyN2ViYmUifQ.kPzjcyotNb_4k5O_86kB6mw3xoT3ckd6V53QzoieWFw","state":"154504424805200"}
2018-12-17 19:57:51 info: getUserFuzeXEmailToCobinhoodOAuthState API call!!
2018-12-17 19:57:51 info: Send mysql query!! -> getEmailToCobinhoodOauthState:: 154504424805200
2018-12-17 19:57:51 info: cobinhood get token API call!! -> param::grant_type=authorization_code&code=eyJhbGciOiJIUzI1NiIsInR5cCI6IkpXVCJ9.eyJleHAiOjE1NDUwNDQ1NzAsIm9hdXRoMl9hdXRob3JpemF0aW9uX2NvZGVfaWQiOiI0NTk4NTM4Mi01ZmIyLTRkNzItOTVlMi0zYTFiZWMyN2ViYmUifQ.kPzjcyotNb_4k5O_86kB6mw3xoT3ckd6V53QzoieWFw&redirect_uri=http%3A%2F%2Flocalhost%3A33000%2Fauth%2Fcobinhood%2Fcallback&client_id=a224d1dd-2625-4b68-be70-8126d6221f3b headers::{"Authorization":"Basic YTIyNGQxZGQtMjYyNS00YjY4LWJlNzAtODEyNmQ2MjIxZjNiOjNsZXFJRFlLa2V0NzBnbHVjWU11dkBOQHdJejhFS3VsRWxJbjlZbm9jWnVOSXFFc2VsdXpjMGM=","Content-Type":"application/x-www-form-urlencoded"}
2018-12-17 19:57:52 info: Send mysql query!! -> setUserCobinhoodOAuthToken:: eyJhbGciOiJIUzI1NiIsInR5cCI6IkpXVCJ9.eyJjbGllbnRfaWQiOiJhMjI0ZDFkZC0yNjI1LTRiNjgtYmU3MC04MTI2ZDYyMjFmM2IiLCJleHAiOjE1NDUwNDc4NzAsIm9hdXRoMl9hY2Nlc3NfdG9rZW5faWQiOiJmZDE5ODQxZi00MTY4LTRjZGUtYWZlYS04NjJkNjMxOWEwYTgiLCJzY29wZSI6WyJzY29wZV90aGlyZF9wYXJ0eV9pbnRlcm5hbF93aXRoZHJhdyIsInNjb3BlX2V4Y2hhbmdlX2xlZGdlcl9yZWFkIiwic2NvcGVfdGhpcmRfcGFydHlfYWNjb3VudF9yZWFkIl0sInVzZXJfaWQiOiJhNDNhZGIwMC1mNWViLTQ3NDUtYmRlYi01MTUwYTYzNThiNzMifQ.NC3GP38_L6G3qUFdFv-Loak7l5FBfMnnAAnF3uCkYaA,eyJhbGciOiJIUzI1NiIsInR5cCI6IkpXVCJ9.eyJjbGllbnRfaWQiOiJhMjI0ZDFkZC0yNjI1LTRiNjgtYmU3MC04MTI2ZDYyMjFmM2IiLCJleHAiOjE1NDUxMzA2NzAsIm9hdXRoMl9yZWZyZXNoX3Rva2VuX2lkIjoiY2Y5NDdjYmYtNGYzNS00Nzc4LTllNWUtODQ5NzdmZmE5ZWNlIiwic2NvcGUiOlsic2NvcGVfdGhpcmRfcGFydHlfaW50ZXJuYWxfd2l0aGRyYXciLCJzY29wZV9leGNoYW5nZV9sZWRnZXJfcmVhZCIsInNjb3BlX3RoaXJkX3BhcnR5X2FjY291bnRfcmVhZCJdLCJ1c2VyX2lkIjoiYTQzYWRiMDAtZjVlYi00NzQ1LWJkZWItNTE1MGE2MzU4YjczIn0.ZZuXFvjpaUWljOr5CK9RPAMHsu3Aw40JthuAJlD4aJw,scope_third_party_internal_withdraw scope_exchange_ledger_read scope_third_party_account_read,Bearer,jhmoon@brilliantts.com
2018-12-17 20:14:33 info: Send mysql query!! -> findUserByEmail:: jhmoon@brilliantts.com
2018-12-17 20:14:34 info: passport login callback func start!! -> {"email":"jhmoon@brilliantts.com","passwd":"$2b$12$pSlAX/6RhZOfFb26UJ.yBeXHp3YdxDSL25AavfPMmH4NcsXTrrPTa","loading_number":null,"first_name":"jh","last_name":"moon","country_code":410,"code_phone":"82","phone_number":"01082942417","selected_crypto_symbol":"FXT","created_at":"2018-12-09T16:52:10.133Z","modified_at":"2018-12-16T15:24:11.673Z","use_exchange":null,"is_crypto":"1"}
2018-12-17 20:14:34 info: LOGGED_IN_SUCCEFFULLY -> Response Data:: {"result":200,"message":"LOGGED_IN_SUCCEFFULLY","data":{"token":"eyJhbGciOiJIUzI1NiIsInR5cCI6IkpXVCJ9.eyJpZCI6ImpobW9vbkBicmlsbGlhbnR0cy5jb20iLCJpYXQiOjE1NDUwNDUyNzQsImV4cCI6MTg2MDYyMTI3NCwiaXNzIjoiZnV6ZXgifQ.hlVz32asFpbyLCmWZd5ugELG0uqUgJCDq9xLCXCMKlM","email":"jhmoon@brilliantts.com","firstName":"jh","lastName":"moon","useExchange":null,"countryCode":410,"nationalPhoneCode":"82","phoneNum":"01082942417"}}
2018-12-17 20:14:38 info: USER LOGOUT!! -> jhmoon@brilliantts.com
2018-12-17 20:14:38 info: Send mysql query!! -> removeToken:: ,jhmoon@brilliantts.com
2018-12-17 20:14:38 error: Query Error. -> Error: Unknown column 'token' in 'field list'
2018-12-17 20:14:38 info: FAILED_TOKEN_REMOVE ->Response Data:: {"result":200,"message":"FAILED_TOKEN_REMOVE"}
2018-12-17 20:16:39 info: Send mysql query!! -> findUserByEmail:: jhmoon@brilliantts.com
2018-12-17 20:16:39 info: passport login callback func start!! -> {"email":"jhmoon@brilliantts.com","passwd":"$2b$12$pSlAX/6RhZOfFb26UJ.yBeXHp3YdxDSL25AavfPMmH4NcsXTrrPTa","loading_number":null,"first_name":"jh","last_name":"moon","country_code":410,"code_phone":"82","phone_number":"01082942417","selected_crypto_symbol":"FXT","created_at":"2018-12-09T16:52:10.133Z","modified_at":"2018-12-16T15:24:11.673Z","use_exchange":null,"is_crypto":"1"}
2018-12-17 20:16:39 info: LOGGED_IN_SUCCEFFULLY -> Response Data:: {"result":200,"message":"LOGGED_IN_SUCCEFFULLY","data":{"token":"eyJhbGciOiJIUzI1NiIsInR5cCI6IkpXVCJ9.eyJpZCI6ImpobW9vbkBicmlsbGlhbnR0cy5jb20iLCJpYXQiOjE1NDUwNDUzOTksImV4cCI6MTg2MDYyMTM5OSwiaXNzIjoiZnV6ZXgifQ.HFumrFqqOdUZgka18ouEmqe4SkMRNeJ9ExLO4PIKOy8","email":"jhmoon@brilliantts.com","firstName":"jh","lastName":"moon","useExchange":null,"countryCode":410,"nationalPhoneCode":"82","phoneNum":"01082942417"}}
2018-12-17 20:16:41 info: USER LOGOUT!! -> jhmoon@brilliantts.com
2018-12-17 20:16:41 info: RESPONSE_CODE_OK ->Response Data:: {"result":200,"message":"RESPONSE_CODE_OK"}
