2018-12-18 09:16:33 info: Send mysql query!! -> findUserByEmail:: jhmoon@brilliantts.com
2018-12-18 09:16:34 info: passport login callback func start!! -> {"email":"jhmoon@brilliantts.com","passwd":"$2b$12$pSlAX/6RhZOfFb26UJ.yBeXHp3YdxDSL25AavfPMmH4NcsXTrrPTa","loading_number":null,"first_name":"jh","last_name":"moon","country_code":410,"code_phone":"82","phone_number":"01082942417","selected_crypto_symbol":"FXT","created_at":"2018-12-09T16:52:10.133Z","modified_at":"2018-12-16T15:24:11.673Z","use_exchange":null,"is_crypto":"1"}
2018-12-18 09:16:34 info: LOGGED_IN_SUCCEFFULLY -> Response Data:: {"result":200,"message":"LOGGED_IN_SUCCEFFULLY","data":{"token":"eyJhbGciOiJIUzI1NiIsInR5cCI6IkpXVCJ9.eyJpZCI6ImpobW9vbkBicmlsbGlhbnR0cy5jb20iLCJpYXQiOjE1NDUwOTIxOTQsImV4cCI6MTg2MDY2ODE5NCwiaXNzIjoiZnV6ZXgifQ.8qktaEeL3_hpBon3XjWBFM9A8oFJLt8kzZaD99eSvRU","email":"jhmoon@brilliantts.com","firstName":"jh","lastName":"moon","useExchange":null,"countryCode":410,"nationalPhoneCode":"82","phoneNum":"01082942417"}}
2018-12-18 09:21:21 info: USER LOGOUT!! -> jhmoon@brilliantts.com
2018-12-18 09:21:21 info: RESPONSE_CODE_OK ->Response Data:: {"result":200,"message":"RESPONSE_CODE_OK"}
2018-12-18 09:29:01 info: Send mysql query!! -> findUserByEmail:: jhmoon@brilliantts.com
2018-12-18 09:29:01 info: passport login callback func start!! -> {"email":"jhmoon@brilliantts.com","passwd":"$2b$12$pSlAX/6RhZOfFb26UJ.yBeXHp3YdxDSL25AavfPMmH4NcsXTrrPTa","loading_number":null,"first_name":"jh","last_name":"moon","country_code":410,"code_phone":"82","phone_number":"01082942417","selected_crypto_symbol":"FXT","created_at":"2018-12-09T16:52:10.133Z","modified_at":"2018-12-16T15:24:11.673Z","use_exchange":null,"is_crypto":"1"}
2018-12-18 09:29:01 info: LOGGED_IN_SUCCEFFULLY -> Response Data:: {"result":200,"message":"LOGGED_IN_SUCCEFFULLY","data":{"token":"eyJhbGciOiJIUzI1NiIsInR5cCI6IkpXVCJ9.eyJpZCI6ImpobW9vbkBicmlsbGlhbnR0cy5jb20iLCJpYXQiOjE1NDUwOTI5NDEsImV4cCI6MTg2MDY2ODk0MSwiaXNzIjoiZnV6ZXgifQ.ScwW50qpv7RDXVP9VYwcHhj82EiZsYYIDsofcZBOo_c","email":"jhmoon@brilliantts.com","firstName":"jh","lastName":"moon","useExchange":null,"countryCode":410,"nationalPhoneCode":"82","phoneNum":"01082942417"}}
2018-12-18 09:29:05 info: USER LOGOUT!! -> jhmoon@brilliantts.com
2018-12-18 09:29:05 info: RESPONSE_CODE_OK ->Response Data:: {"result":200,"message":"RESPONSE_CODE_OK"}
2018-12-18 10:35:03 info: Send mysql query!! -> findUserByEmail:: jhmoon@brilliantts.com
2018-12-18 10:35:03 info: passport login callback func start!! -> {"email":"jhmoon@brilliantts.com","passwd":"$2b$12$pSlAX/6RhZOfFb26UJ.yBeXHp3YdxDSL25AavfPMmH4NcsXTrrPTa","loading_number":null,"first_name":"jh","last_name":"moon","country_code":410,"code_phone":"82","phone_number":"01082942417","selected_crypto_symbol":"FXT","created_at":"2018-12-09T16:52:10.133Z","modified_at":"2018-12-16T15:24:11.673Z","use_exchange":null,"is_crypto":"1"}
2018-12-18 10:35:03 info: LOGGED_IN_SUCCEFFULLY -> Response Data:: {"result":200,"message":"LOGGED_IN_SUCCEFFULLY","data":{"token":"eyJhbGciOiJIUzI1NiIsInR5cCI6IkpXVCJ9.eyJpZCI6ImpobW9vbkBicmlsbGlhbnR0cy5jb20iLCJpYXQiOjE1NDUwOTY5MDMsImV4cCI6MTg2MDY3MjkwMywiaXNzIjoiZnV6ZXgifQ.aExITTcMHAVeabIukrUIQexJbANqOu4PQRmt1EU25Mg","email":"jhmoon@brilliantts.com","firstName":"jh","lastName":"moon","useExchange":null,"countryCode":410,"nationalPhoneCode":"82","phoneNum":"01082942417"}}
2018-12-18 10:36:18 info: Send mysql query!! -> findUserByEmail:: jhmoon@brilliantts.com
2018-12-18 10:36:19 info: passport login callback func start!! -> {"email":"jhmoon@brilliantts.com","passwd":"$2b$12$pSlAX/6RhZOfFb26UJ.yBeXHp3YdxDSL25AavfPMmH4NcsXTrrPTa","loading_number":null,"first_name":"jh","last_name":"moon","country_code":410,"code_phone":"82","phone_number":"01082942417","selected_crypto_symbol":"FXT","created_at":"2018-12-09T16:52:10.133Z","modified_at":"2018-12-16T15:24:11.673Z","use_exchange":null,"is_crypto":"1"}
2018-12-18 10:36:19 info: LOGGED_IN_SUCCEFFULLY -> Response Data:: {"result":200,"message":"LOGGED_IN_SUCCEFFULLY","data":{"token":"eyJhbGciOiJIUzI1NiIsInR5cCI6IkpXVCJ9.eyJpZCI6ImpobW9vbkBicmlsbGlhbnR0cy5jb20iLCJpYXQiOjE1NDUwOTY5NzksImV4cCI6MTg2MDY3Mjk3OSwiaXNzIjoiZnV6ZXgifQ.Bq-oFYjHYaOS5T48KNgWpvjx-Xs4zuUnmg8rAIaL26Q","email":"jhmoon@brilliantts.com","firstName":"jh","lastName":"moon","useExchange":null,"countryCode":410,"nationalPhoneCode":"82","phoneNum":"01082942417"}}
2018-12-18 10:36:20 info: USER LOGOUT!! -> jhmoon@brilliantts.com
2018-12-18 10:36:20 info: RESPONSE_CODE_OK ->Response Data:: {"result":200,"message":"RESPONSE_CODE_OK"}
2018-12-18 10:36:34 info: Send mysql query!! -> findUserByEmail:: jhmoon@brilliantts.com
2018-12-18 10:36:34 info: passport login callback func start!! -> {"email":"jhmoon@brilliantts.com","passwd":"$2b$12$pSlAX/6RhZOfFb26UJ.yBeXHp3YdxDSL25AavfPMmH4NcsXTrrPTa","loading_number":null,"first_name":"jh","last_name":"moon","country_code":410,"code_phone":"82","phone_number":"01082942417","selected_crypto_symbol":"FXT","created_at":"2018-12-09T16:52:10.133Z","modified_at":"2018-12-16T15:24:11.673Z","use_exchange":null,"is_crypto":"1"}
2018-12-18 10:36:34 info: LOGGED_IN_SUCCEFFULLY -> Response Data:: {"result":200,"message":"LOGGED_IN_SUCCEFFULLY","data":{"token":"eyJhbGciOiJIUzI1NiIsInR5cCI6IkpXVCJ9.eyJpZCI6ImpobW9vbkBicmlsbGlhbnR0cy5jb20iLCJpYXQiOjE1NDUwOTY5OTQsImV4cCI6MTg2MDY3Mjk5NCwiaXNzIjoiZnV6ZXgifQ.KyE6VYm7Hik7g7MJUBnDNZNecEqsC70rvdErQ8x206U","email":"jhmoon@brilliantts.com","firstName":"jh","lastName":"moon","useExchange":null,"countryCode":410,"nationalPhoneCode":"82","phoneNum":"01082942417"}}
2018-12-18 10:36:36 info: USER LOGOUT!! -> jhmoon@brilliantts.com
2018-12-18 10:36:36 info: RESPONSE_CODE_OK ->Response Data:: {"result":200,"message":"RESPONSE_CODE_OK"}
2018-12-18 10:36:53 info: Send mysql query!! -> findUserByEmail:: jhmoon@brilliantts.com
2018-12-18 10:36:54 info: passport login callback func start!! -> {"email":"jhmoon@brilliantts.com","passwd":"$2b$12$pSlAX/6RhZOfFb26UJ.yBeXHp3YdxDSL25AavfPMmH4NcsXTrrPTa","loading_number":null,"first_name":"jh","last_name":"moon","country_code":410,"code_phone":"82","phone_number":"01082942417","selected_crypto_symbol":"FXT","created_at":"2018-12-09T16:52:10.133Z","modified_at":"2018-12-16T15:24:11.673Z","use_exchange":null,"is_crypto":"1"}
2018-12-18 10:36:54 info: LOGGED_IN_SUCCEFFULLY -> Response Data:: {"result":200,"message":"LOGGED_IN_SUCCEFFULLY","data":{"token":"eyJhbGciOiJIUzI1NiIsInR5cCI6IkpXVCJ9.eyJpZCI6ImpobW9vbkBicmlsbGlhbnR0cy5jb20iLCJpYXQiOjE1NDUwOTcwMTQsImV4cCI6MTg2MDY3MzAxNCwiaXNzIjoiZnV6ZXgifQ.X2tj546GGQrl1YEY_8UMAUKdexvaFcCepUaMDee4tRc","email":"jhmoon@brilliantts.com","firstName":"jh","lastName":"moon","useExchange":null,"countryCode":410,"nationalPhoneCode":"82","phoneNum":"01082942417"}}
2018-12-18 10:36:56 info: USER LOGOUT!! -> jhmoon@brilliantts.com
2018-12-18 10:36:56 info: RESPONSE_CODE_OK ->Response Data:: {"result":200,"message":"RESPONSE_CODE_OK"}
2018-12-18 10:37:19 info: Send mysql query!! -> findUserByEmail:: jhmoon@brilliantts.com
2018-12-18 10:37:19 info: passport login callback func start!! -> {"email":"jhmoon@brilliantts.com","passwd":"$2b$12$pSlAX/6RhZOfFb26UJ.yBeXHp3YdxDSL25AavfPMmH4NcsXTrrPTa","loading_number":null,"first_name":"jh","last_name":"moon","country_code":410,"code_phone":"82","phone_number":"01082942417","selected_crypto_symbol":"FXT","created_at":"2018-12-09T16:52:10.133Z","modified_at":"2018-12-16T15:24:11.673Z","use_exchange":null,"is_crypto":"1"}
2018-12-18 10:37:19 info: LOGGED_IN_SUCCEFFULLY -> Response Data:: {"result":200,"message":"LOGGED_IN_SUCCEFFULLY","data":{"token":"eyJhbGciOiJIUzI1NiIsInR5cCI6IkpXVCJ9.eyJpZCI6ImpobW9vbkBicmlsbGlhbnR0cy5jb20iLCJpYXQiOjE1NDUwOTcwMzksImV4cCI6MTg2MDY3MzAzOSwiaXNzIjoiZnV6ZXgifQ.-8xkLbo-z_Ot4VOr7AvAhNFhTZR4ved3SeWwZFKjd-M","email":"jhmoon@brilliantts.com","firstName":"jh","lastName":"moon","useExchange":null,"countryCode":410,"nationalPhoneCode":"82","phoneNum":"01082942417"}}
2018-12-18 10:37:20 info: USER LOGOUT!! -> jhmoon@brilliantts.com
2018-12-18 10:37:20 info: RESPONSE_CODE_OK ->Response Data:: {"result":200,"message":"RESPONSE_CODE_OK"}
2018-12-18 12:04:59 info: Send mysql query!! -> findUserByEmail:: jhmoon@brilliantts.com
2018-12-18 12:04:59 info: passport login callback func start!! -> {"email":"jhmoon@brilliantts.com","passwd":"$2b$12$pSlAX/6RhZOfFb26UJ.yBeXHp3YdxDSL25AavfPMmH4NcsXTrrPTa","loading_number":null,"first_name":"jh","last_name":"moon","country_code":410,"code_phone":"82","phone_number":"01082942417","selected_crypto_symbol":"FXT","created_at":"2018-12-09T16:52:10.133Z","modified_at":"2018-12-16T15:24:11.673Z","use_exchange":null,"is_crypto":"1"}
2018-12-18 12:04:59 info: LOGGED_IN_SUCCEFFULLY -> Response Data:: {"result":200,"message":"LOGGED_IN_SUCCEFFULLY","data":{"token":"eyJhbGciOiJIUzI1NiIsInR5cCI6IkpXVCJ9.eyJpZCI6ImpobW9vbkBicmlsbGlhbnR0cy5jb20iLCJpYXQiOjE1NDUxMDIyOTksImV4cCI6MTg2MDY3ODI5OSwiaXNzIjoiZnV6ZXgifQ.ocaSiPcghDTpwi2gcDhkgJjyWVj9TSvRGjyDExJK08k","email":"jhmoon@brilliantts.com","firstName":"jh","lastName":"moon","useExchange":null,"countryCode":410,"nationalPhoneCode":"82","phoneNum":"01082942417"}}
2018-12-18 12:05:15 info: USER LOGOUT!! -> jhmoon@brilliantts.com
2018-12-18 12:05:15 info: RESPONSE_CODE_OK ->Response Data:: {"result":200,"message":"RESPONSE_CODE_OK"}
2018-12-18 12:05:16 info: Send mysql query!! -> findUserByEmail:: jhmoon@brilliantts.com
2018-12-18 12:05:16 info: passport login callback func start!! -> {"email":"jhmoon@brilliantts.com","passwd":"$2b$12$pSlAX/6RhZOfFb26UJ.yBeXHp3YdxDSL25AavfPMmH4NcsXTrrPTa","loading_number":null,"first_name":"jh","last_name":"moon","country_code":410,"code_phone":"82","phone_number":"01082942417","selected_crypto_symbol":"FXT","created_at":"2018-12-09T16:52:10.133Z","modified_at":"2018-12-16T15:24:11.673Z","use_exchange":null,"is_crypto":"1"}
2018-12-18 12:05:16 info: LOGGED_IN_SUCCEFFULLY -> Response Data:: {"result":200,"message":"LOGGED_IN_SUCCEFFULLY","data":{"token":"eyJhbGciOiJIUzI1NiIsInR5cCI6IkpXVCJ9.eyJpZCI6ImpobW9vbkBicmlsbGlhbnR0cy5jb20iLCJpYXQiOjE1NDUxMDIzMTYsImV4cCI6MTg2MDY3ODMxNiwiaXNzIjoiZnV6ZXgifQ.qcMyoMfCr9et51PNvPcTHdk3Pr1TOh4IZNrrDsXLuLU","email":"jhmoon@brilliantts.com","firstName":"jh","lastName":"moon","useExchange":null,"countryCode":410,"nationalPhoneCode":"82","phoneNum":"01082942417"}}
2018-12-18 12:05:18 info: USER LOGOUT!! -> jhmoon@brilliantts.com
2018-12-18 12:05:18 info: RESPONSE_CODE_OK ->Response Data:: {"result":200,"message":"RESPONSE_CODE_OK"}
2018-12-18 12:05:20 info: Send mysql query!! -> findUserByEmail:: jhmoon@brilliantts.com
2018-12-18 12:05:20 info: passport login callback func start!! -> {"email":"jhmoon@brilliantts.com","passwd":"$2b$12$pSlAX/6RhZOfFb26UJ.yBeXHp3YdxDSL25AavfPMmH4NcsXTrrPTa","loading_number":null,"first_name":"jh","last_name":"moon","country_code":410,"code_phone":"82","phone_number":"01082942417","selected_crypto_symbol":"FXT","created_at":"2018-12-09T16:52:10.133Z","modified_at":"2018-12-16T15:24:11.673Z","use_exchange":null,"is_crypto":"1"}
2018-12-18 12:05:20 info: LOGGED_IN_SUCCEFFULLY -> Response Data:: {"result":200,"message":"LOGGED_IN_SUCCEFFULLY","data":{"token":"eyJhbGciOiJIUzI1NiIsInR5cCI6IkpXVCJ9.eyJpZCI6ImpobW9vbkBicmlsbGlhbnR0cy5jb20iLCJpYXQiOjE1NDUxMDIzMjAsImV4cCI6MTg2MDY3ODMyMCwiaXNzIjoiZnV6ZXgifQ.-k7ANRFrVjZn5Y812jGPZ627yNJfNxdcXCE0UseIa5U","email":"jhmoon@brilliantts.com","firstName":"jh","lastName":"moon","useExchange":null,"countryCode":410,"nationalPhoneCode":"82","phoneNum":"01082942417"}}
2018-12-18 12:05:51 info: Send mysql query!! -> findUserByEmail:: jhmoon@brilliantts.com
2018-12-18 12:05:51 info: passport login callback func start!! -> {"email":"jhmoon@brilliantts.com","passwd":"$2b$12$pSlAX/6RhZOfFb26UJ.yBeXHp3YdxDSL25AavfPMmH4NcsXTrrPTa","loading_number":null,"first_name":"jh","last_name":"moon","country_code":410,"code_phone":"82","phone_number":"01082942417","selected_crypto_symbol":"FXT","created_at":"2018-12-09T16:52:10.133Z","modified_at":"2018-12-16T15:24:11.673Z","use_exchange":null,"is_crypto":"1"}
2018-12-18 12:05:51 info: LOGGED_IN_SUCCEFFULLY -> Response Data:: {"result":200,"message":"LOGGED_IN_SUCCEFFULLY","data":{"token":"eyJhbGciOiJIUzI1NiIsInR5cCI6IkpXVCJ9.eyJpZCI6ImpobW9vbkBicmlsbGlhbnR0cy5jb20iLCJpYXQiOjE1NDUxMDIzNTEsImV4cCI6MTg2MDY3ODM1MSwiaXNzIjoiZnV6ZXgifQ.UrsMbdKS667HFs_W8BqL8Y1Fz1br9hO0LEJDyq5lZUg","email":"jhmoon@brilliantts.com","firstName":"jh","lastName":"moon","useExchange":null,"countryCode":410,"nationalPhoneCode":"82","phoneNum":"01082942417"}}
2018-12-18 12:07:21 info: Send mysql query!! -> findUserByEmail:: jhmoon@brilliantts.com
2018-12-18 12:07:21 info: passport login callback func start!! -> {"email":"jhmoon@brilliantts.com","passwd":"$2b$12$pSlAX/6RhZOfFb26UJ.yBeXHp3YdxDSL25AavfPMmH4NcsXTrrPTa","loading_number":null,"first_name":"jh","last_name":"moon","country_code":410,"code_phone":"82","phone_number":"01082942417","selected_crypto_symbol":"FXT","created_at":"2018-12-09T16:52:10.133Z","modified_at":"2018-12-16T15:24:11.673Z","use_exchange":null,"is_crypto":"1"}
2018-12-18 12:07:21 info: LOGGED_IN_SUCCEFFULLY -> Response Data:: {"result":200,"message":"LOGGED_IN_SUCCEFFULLY","data":{"token":"eyJhbGciOiJIUzI1NiIsInR5cCI6IkpXVCJ9.eyJpZCI6ImpobW9vbkBicmlsbGlhbnR0cy5jb20iLCJpYXQiOjE1NDUxMDI0NDEsImV4cCI6MTg2MDY3ODQ0MSwiaXNzIjoiZnV6ZXgifQ.j55wusB2dnEJhGGVip_HVFwUz9WxFFgz6P5nRxoz6fg","email":"jhmoon@brilliantts.com","firstName":"jh","lastName":"moon","useExchange":null,"countryCode":410,"nationalPhoneCode":"82","phoneNum":"01082942417"}}
2018-12-18 12:07:23 info: USER LOGOUT!! -> jhmoon@brilliantts.com
2018-12-18 12:07:23 info: RESPONSE_CODE_OK ->Response Data:: {"result":200,"message":"RESPONSE_CODE_OK"}
2018-12-18 12:07:24 info: Send mysql query!! -> findUserByEmail:: jhmoon@brilliantts.com
2018-12-18 12:07:25 info: passport login callback func start!! -> {"email":"jhmoon@brilliantts.com","passwd":"$2b$12$pSlAX/6RhZOfFb26UJ.yBeXHp3YdxDSL25AavfPMmH4NcsXTrrPTa","loading_number":null,"first_name":"jh","last_name":"moon","country_code":410,"code_phone":"82","phone_number":"01082942417","selected_crypto_symbol":"FXT","created_at":"2018-12-09T16:52:10.133Z","modified_at":"2018-12-16T15:24:11.673Z","use_exchange":null,"is_crypto":"1"}
2018-12-18 12:07:25 info: LOGGED_IN_SUCCEFFULLY -> Response Data:: {"result":200,"message":"LOGGED_IN_SUCCEFFULLY","data":{"token":"eyJhbGciOiJIUzI1NiIsInR5cCI6IkpXVCJ9.eyJpZCI6ImpobW9vbkBicmlsbGlhbnR0cy5jb20iLCJpYXQiOjE1NDUxMDI0NDUsImV4cCI6MTg2MDY3ODQ0NSwiaXNzIjoiZnV6ZXgifQ.6jfeTvTB2dONrdX_Pq2EA9E5563rJ5BPaTNGeENY59E","email":"jhmoon@brilliantts.com","firstName":"jh","lastName":"moon","useExchange":null,"countryCode":410,"nationalPhoneCode":"82","phoneNum":"01082942417"}}
2018-12-18 12:07:26 info: USER LOGOUT!! -> jhmoon@brilliantts.com
2018-12-18 12:07:26 info: RESPONSE_CODE_OK ->Response Data:: {"result":200,"message":"RESPONSE_CODE_OK"}
2018-12-18 12:07:29 info: Send mysql query!! -> findUserByEmail:: jhmoon@brilliantts.com
2018-12-18 12:07:29 info: passport login callback func start!! -> {"email":"jhmoon@brilliantts.com","passwd":"$2b$12$pSlAX/6RhZOfFb26UJ.yBeXHp3YdxDSL25AavfPMmH4NcsXTrrPTa","loading_number":null,"first_name":"jh","last_name":"moon","country_code":410,"code_phone":"82","phone_number":"01082942417","selected_crypto_symbol":"FXT","created_at":"2018-12-09T16:52:10.133Z","modified_at":"2018-12-16T15:24:11.673Z","use_exchange":null,"is_crypto":"1"}
2018-12-18 12:07:29 info: LOGGED_IN_SUCCEFFULLY -> Response Data:: {"result":200,"message":"LOGGED_IN_SUCCEFFULLY","data":{"token":"eyJhbGciOiJIUzI1NiIsInR5cCI6IkpXVCJ9.eyJpZCI6ImpobW9vbkBicmlsbGlhbnR0cy5jb20iLCJpYXQiOjE1NDUxMDI0NDksImV4cCI6MTg2MDY3ODQ0OSwiaXNzIjoiZnV6ZXgifQ.vlB76AzkxInmvP_CIhRcBs21fpRZn2RII3EpgmKLxk0","email":"jhmoon@brilliantts.com","firstName":"jh","lastName":"moon","useExchange":null,"countryCode":410,"nationalPhoneCode":"82","phoneNum":"01082942417"}}
2018-12-18 12:07:58 info: USER LOGOUT!! -> jhmoon@brilliantts.com
2018-12-18 12:07:58 info: RESPONSE_CODE_OK ->Response Data:: {"result":200,"message":"RESPONSE_CODE_OK"}
2018-12-18 12:08:00 info: Send mysql query!! -> findUserByEmail:: jhmoon@brilliantts.com
2018-12-18 12:08:00 info: passport login callback func start!! -> {"email":"jhmoon@brilliantts.com","passwd":"$2b$12$pSlAX/6RhZOfFb26UJ.yBeXHp3YdxDSL25AavfPMmH4NcsXTrrPTa","loading_number":null,"first_name":"jh","last_name":"moon","country_code":410,"code_phone":"82","phone_number":"01082942417","selected_crypto_symbol":"FXT","created_at":"2018-12-09T16:52:10.133Z","modified_at":"2018-12-16T15:24:11.673Z","use_exchange":null,"is_crypto":"1"}
2018-12-18 12:08:00 info: LOGGED_IN_SUCCEFFULLY -> Response Data:: {"result":200,"message":"LOGGED_IN_SUCCEFFULLY","data":{"token":"eyJhbGciOiJIUzI1NiIsInR5cCI6IkpXVCJ9.eyJpZCI6ImpobW9vbkBicmlsbGlhbnR0cy5jb20iLCJpYXQiOjE1NDUxMDI0ODAsImV4cCI6MTg2MDY3ODQ4MCwiaXNzIjoiZnV6ZXgifQ.Hhjf_FW6e9btsZlXHaVDjEty7RDUzAZZLWOKGdvNn6I","email":"jhmoon@brilliantts.com","firstName":"jh","lastName":"moon","useExchange":null,"countryCode":410,"nationalPhoneCode":"82","phoneNum":"01082942417"}}
2018-12-18 12:08:04 info: USER LOGOUT!! -> jhmoon@brilliantts.com
2018-12-18 12:08:04 info: RESPONSE_CODE_OK ->Response Data:: {"result":200,"message":"RESPONSE_CODE_OK"}
2018-12-18 12:08:05 info: Send mysql query!! -> findUserByEmail:: jhmoon@brilliantts.com
2018-12-18 12:08:05 info: passport login callback func start!! -> {"email":"jhmoon@brilliantts.com","passwd":"$2b$12$pSlAX/6RhZOfFb26UJ.yBeXHp3YdxDSL25AavfPMmH4NcsXTrrPTa","loading_number":null,"first_name":"jh","last_name":"moon","country_code":410,"code_phone":"82","phone_number":"01082942417","selected_crypto_symbol":"FXT","created_at":"2018-12-09T16:52:10.133Z","modified_at":"2018-12-16T15:24:11.673Z","use_exchange":null,"is_crypto":"1"}
2018-12-18 12:08:05 info: LOGGED_IN_SUCCEFFULLY -> Response Data:: {"result":200,"message":"LOGGED_IN_SUCCEFFULLY","data":{"token":"eyJhbGciOiJIUzI1NiIsInR5cCI6IkpXVCJ9.eyJpZCI6ImpobW9vbkBicmlsbGlhbnR0cy5jb20iLCJpYXQiOjE1NDUxMDI0ODUsImV4cCI6MTg2MDY3ODQ4NSwiaXNzIjoiZnV6ZXgifQ.Miv5blBnfgDZMfr0_d3I1PfwZwmlc1uDbZhA1QJFD2I","email":"jhmoon@brilliantts.com","firstName":"jh","lastName":"moon","useExchange":null,"countryCode":410,"nationalPhoneCode":"82","phoneNum":"01082942417"}}
2018-12-18 14:55:33 info: USER LOGOUT!! -> jhmoon@brilliantts.com
2018-12-18 14:55:33 info: RESPONSE_CODE_OK ->Response Data:: {"result":200,"message":"RESPONSE_CODE_OK"}
2018-12-18 14:55:34 info: Send mysql query!! -> findUserByEmail:: jhmoon@brilliantts.com
2018-12-18 14:55:35 info: passport login callback func start!! -> {"email":"jhmoon@brilliantts.com","passwd":"$2b$12$pSlAX/6RhZOfFb26UJ.yBeXHp3YdxDSL25AavfPMmH4NcsXTrrPTa","loading_number":null,"first_name":"jh","last_name":"moon","country_code":410,"code_phone":"82","phone_number":"01082942417","selected_crypto_symbol":"FXT","created_at":"2018-12-09T16:52:10.133Z","modified_at":"2018-12-16T15:24:11.673Z","use_exchange":null,"is_crypto":"1"}
2018-12-18 14:55:35 info: LOGGED_IN_SUCCEFFULLY -> Response Data:: {"result":200,"message":"LOGGED_IN_SUCCEFFULLY","data":{"token":"eyJhbGciOiJIUzI1NiIsInR5cCI6IkpXVCJ9.eyJpZCI6ImpobW9vbkBicmlsbGlhbnR0cy5jb20iLCJpYXQiOjE1NDUxMTI1MzUsImV4cCI6MTg2MDY4ODUzNSwiaXNzIjoiZnV6ZXgifQ.-mbcr48PMYraN7tY2K32ogmLm48hohApRjeof3T4Pdg","email":"jhmoon@brilliantts.com","firstName":"jh","lastName":"moon","useExchange":null,"countryCode":410,"nationalPhoneCode":"82","phoneNum":"01082942417"}}
2018-12-18 14:55:51 info: USER LOGOUT!! -> jhmoon@brilliantts.com
2018-12-18 14:55:51 info: RESPONSE_CODE_OK ->Response Data:: {"result":200,"message":"RESPONSE_CODE_OK"}
2018-12-18 14:58:02 info: Send mysql query!! -> findUserByEmail:: jhmoon@brilliantts.com
2018-12-18 14:58:02 info: passport login callback func start!! -> {"email":"jhmoon@brilliantts.com","passwd":"$2b$12$pSlAX/6RhZOfFb26UJ.yBeXHp3YdxDSL25AavfPMmH4NcsXTrrPTa","loading_number":null,"first_name":"jh","last_name":"moon","country_code":410,"code_phone":"82","phone_number":"01082942417","selected_crypto_symbol":"FXT","created_at":"2018-12-09T16:52:10.133Z","modified_at":"2018-12-16T15:24:11.673Z","use_exchange":null,"is_crypto":"1"}
2018-12-18 14:58:02 info: LOGGED_IN_SUCCEFFULLY -> Response Data:: {"result":200,"message":"LOGGED_IN_SUCCEFFULLY","data":{"token":"eyJhbGciOiJIUzI1NiIsInR5cCI6IkpXVCJ9.eyJpZCI6ImpobW9vbkBicmlsbGlhbnR0cy5jb20iLCJpYXQiOjE1NDUxMTI2ODIsImV4cCI6MTg2MDY4ODY4MiwiaXNzIjoiZnV6ZXgifQ.J_QXUh13GR9FJtf33HU3VgErEdy2XdLjU6gAtsClJlU","email":"jhmoon@brilliantts.com","firstName":"jh","lastName":"moon","useExchange":null,"countryCode":410,"nationalPhoneCode":"82","phoneNum":"01082942417"}}
2018-12-18 14:58:04 info: USER LOGOUT!! -> jhmoon@brilliantts.com
2018-12-18 14:58:04 info: RESPONSE_CODE_OK ->Response Data:: {"result":200,"message":"RESPONSE_CODE_OK"}
2018-12-18 16:15:45 info: Send mysql query!! -> findUserByEmail:: jhmoon
2018-12-18 16:15:45 info: passport login callback func start!! -> false
2018-12-18 16:15:45 info: NOT_A_MEMBER. ->Response Data:: {"result":400,"message":"NOT_A_MEMBER."}
2018-12-18 16:15:54 info: Send mysql query!! -> findUserByEmail:: jhmoon@brilliantts.com
2018-12-18 16:15:55 info: passport login callback func start!! -> {"email":"jhmoon@brilliantts.com","passwd":"$2b$12$pSlAX/6RhZOfFb26UJ.yBeXHp3YdxDSL25AavfPMmH4NcsXTrrPTa","loading_number":null,"first_name":"jh","last_name":"moon","country_code":410,"code_phone":"82","phone_number":"01082942417","selected_crypto_symbol":"FXT","created_at":"2018-12-09T16:52:10.133Z","modified_at":"2018-12-16T15:24:11.673Z","use_exchange":null,"is_crypto":"1"}
2018-12-18 16:15:55 info: LOGGED_IN_SUCCEFFULLY -> Response Data:: {"result":200,"message":"LOGGED_IN_SUCCEFFULLY","data":{"token":"eyJhbGciOiJIUzI1NiIsInR5cCI6IkpXVCJ9.eyJpZCI6ImpobW9vbkBicmlsbGlhbnR0cy5jb20iLCJpYXQiOjE1NDUxMTczNTUsImV4cCI6MTg2MDY5MzM1NSwiaXNzIjoiZnV6ZXgifQ.7b1_RRIxj2z4xrw4xRexLLtEhyR7gEL295XH7alNP8I","email":"jhmoon@brilliantts.com","firstName":"jh","lastName":"moon","useExchange":null,"countryCode":410,"nationalPhoneCode":"82","phoneNum":"01082942417"}}
2018-12-18 16:20:14 info: USER LOGOUT!! -> jhmoon@brilliantts.com
2018-12-18 16:20:14 info: RESPONSE_CODE_OK ->Response Data:: {"result":200,"message":"RESPONSE_CODE_OK"}
2018-12-18 16:20:15 info: Send mysql query!! -> findUserByEmail:: jhmoon@brilliantts.com
2018-12-18 16:20:17 info: Send mysql query!! -> findUserByEmail:: jhmoon@brilliantts.com
2018-12-18 16:20:18 info: Send mysql query!! -> findUserByEmail:: jhmoon@brilliantts.com
2018-12-18 16:20:18 info: Send mysql query!! -> findUserByEmail:: jhmoon@brilliantts.com
2018-12-18 16:20:18 info: Send mysql query!! -> findUserByEmail:: jhmoon@brilliantts.com
2018-12-18 16:20:19 info: Send mysql query!! -> findUserByEmail:: jhmoon@brilliantts.com
2018-12-18 16:20:20 info: passport login callback func start!! -> {"email":"jhmoon@brilliantts.com","passwd":"$2b$12$pSlAX/6RhZOfFb26UJ.yBeXHp3YdxDSL25AavfPMmH4NcsXTrrPTa","loading_number":null,"first_name":"jh","last_name":"moon","country_code":410,"code_phone":"82","phone_number":"01082942417","selected_crypto_symbol":"FXT","created_at":"2018-12-09T16:52:10.133Z","modified_at":"2018-12-16T15:24:11.673Z","use_exchange":null,"is_crypto":"1"}
2018-12-18 16:20:20 info: LOGGED_IN_SUCCEFFULLY -> Response Data:: {"result":200,"message":"LOGGED_IN_SUCCEFFULLY","data":{"token":"eyJhbGciOiJIUzI1NiIsInR5cCI6IkpXVCJ9.eyJpZCI6ImpobW9vbkBicmlsbGlhbnR0cy5jb20iLCJpYXQiOjE1NDUxMTc2MjAsImV4cCI6MTg2MDY5MzYyMCwiaXNzIjoiZnV6ZXgifQ.Za0vA65vP6dX7iuHcCBhmKRTKvJFFgROCdT9Dg0lzfo","email":"jhmoon@brilliantts.com","firstName":"jh","lastName":"moon","useExchange":null,"countryCode":410,"nationalPhoneCode":"82","phoneNum":"01082942417"}}
2018-12-18 16:20:20 info: passport login callback func start!! -> {"email":"jhmoon@brilliantts.com","passwd":"$2b$12$pSlAX/6RhZOfFb26UJ.yBeXHp3YdxDSL25AavfPMmH4NcsXTrrPTa","loading_number":null,"first_name":"jh","last_name":"moon","country_code":410,"code_phone":"82","phone_number":"01082942417","selected_crypto_symbol":"FXT","created_at":"2018-12-09T16:52:10.133Z","modified_at":"2018-12-16T15:24:11.673Z","use_exchange":null,"is_crypto":"1"}
2018-12-18 16:20:20 info: LOGGED_IN_SUCCEFFULLY -> Response Data:: {"result":200,"message":"LOGGED_IN_SUCCEFFULLY","data":{"token":"eyJhbGciOiJIUzI1NiIsInR5cCI6IkpXVCJ9.eyJpZCI6ImpobW9vbkBicmlsbGlhbnR0cy5jb20iLCJpYXQiOjE1NDUxMTc2MjAsImV4cCI6MTg2MDY5MzYyMCwiaXNzIjoiZnV6ZXgifQ.Za0vA65vP6dX7iuHcCBhmKRTKvJFFgROCdT9Dg0lzfo","email":"jhmoon@brilliantts.com","firstName":"jh","lastName":"moon","useExchange":null,"countryCode":410,"nationalPhoneCode":"82","phoneNum":"01082942417"}}
2018-12-18 16:20:20 info: passport login callback func start!! -> {"email":"jhmoon@brilliantts.com","passwd":"$2b$12$pSlAX/6RhZOfFb26UJ.yBeXHp3YdxDSL25AavfPMmH4NcsXTrrPTa","loading_number":null,"first_name":"jh","last_name":"moon","country_code":410,"code_phone":"82","phone_number":"01082942417","selected_crypto_symbol":"FXT","created_at":"2018-12-09T16:52:10.133Z","modified_at":"2018-12-16T15:24:11.673Z","use_exchange":null,"is_crypto":"1"}
2018-12-18 16:20:20 info: LOGGED_IN_SUCCEFFULLY -> Response Data:: {"result":200,"message":"LOGGED_IN_SUCCEFFULLY","data":{"token":"eyJhbGciOiJIUzI1NiIsInR5cCI6IkpXVCJ9.eyJpZCI6ImpobW9vbkBicmlsbGlhbnR0cy5jb20iLCJpYXQiOjE1NDUxMTc2MjAsImV4cCI6MTg2MDY5MzYyMCwiaXNzIjoiZnV6ZXgifQ.Za0vA65vP6dX7iuHcCBhmKRTKvJFFgROCdT9Dg0lzfo","email":"jhmoon@brilliantts.com","firstName":"jh","lastName":"moon","useExchange":null,"countryCode":410,"nationalPhoneCode":"82","phoneNum":"01082942417"}}
2018-12-18 16:20:20 info: passport login callback func start!! -> {"email":"jhmoon@brilliantts.com","passwd":"$2b$12$pSlAX/6RhZOfFb26UJ.yBeXHp3YdxDSL25AavfPMmH4NcsXTrrPTa","loading_number":null,"first_name":"jh","last_name":"moon","country_code":410,"code_phone":"82","phone_number":"01082942417","selected_crypto_symbol":"FXT","created_at":"2018-12-09T16:52:10.133Z","modified_at":"2018-12-16T15:24:11.673Z","use_exchange":null,"is_crypto":"1"}
2018-12-18 16:20:20 info: LOGGED_IN_SUCCEFFULLY -> Response Data:: {"result":200,"message":"LOGGED_IN_SUCCEFFULLY","data":{"token":"eyJhbGciOiJIUzI1NiIsInR5cCI6IkpXVCJ9.eyJpZCI6ImpobW9vbkBicmlsbGlhbnR0cy5jb20iLCJpYXQiOjE1NDUxMTc2MjAsImV4cCI6MTg2MDY5MzYyMCwiaXNzIjoiZnV6ZXgifQ.Za0vA65vP6dX7iuHcCBhmKRTKvJFFgROCdT9Dg0lzfo","email":"jhmoon@brilliantts.com","firstName":"jh","lastName":"moon","useExchange":null,"countryCode":410,"nationalPhoneCode":"82","phoneNum":"01082942417"}}
2018-12-18 16:20:20 info: Send mysql query!! -> findUserByEmail:: jhmoon@brilliantts.com
2018-12-18 16:20:20 info: Send mysql query!! -> findUserByEmail:: jhmoon@brilliantts.com
2018-12-18 16:20:20 info: Send mysql query!! -> findUserByEmail:: jhmoon@brilliantts.com
2018-12-18 16:20:20 info: Send mysql query!! -> findUserByEmail:: jhmoon@brilliantts.com
2018-12-18 16:20:20 info: passport login callback func start!! -> {"email":"jhmoon@brilliantts.com","passwd":"$2b$12$pSlAX/6RhZOfFb26UJ.yBeXHp3YdxDSL25AavfPMmH4NcsXTrrPTa","loading_number":null,"first_name":"jh","last_name":"moon","country_code":410,"code_phone":"82","phone_number":"01082942417","selected_crypto_symbol":"FXT","created_at":"2018-12-09T16:52:10.133Z","modified_at":"2018-12-16T15:24:11.673Z","use_exchange":null,"is_crypto":"1"}
2018-12-18 16:20:20 info: passport login callback func start!! -> {"email":"jhmoon@brilliantts.com","passwd":"$2b$12$pSlAX/6RhZOfFb26UJ.yBeXHp3YdxDSL25AavfPMmH4NcsXTrrPTa","loading_number":null,"first_name":"jh","last_name":"moon","country_code":410,"code_phone":"82","phone_number":"01082942417","selected_crypto_symbol":"FXT","created_at":"2018-12-09T16:52:10.133Z","modified_at":"2018-12-16T15:24:11.673Z","use_exchange":null,"is_crypto":"1"}
2018-12-18 16:20:20 info: LOGGED_IN_SUCCEFFULLY -> Response Data:: {"result":200,"message":"LOGGED_IN_SUCCEFFULLY","data":{"token":"eyJhbGciOiJIUzI1NiIsInR5cCI6IkpXVCJ9.eyJpZCI6ImpobW9vbkBicmlsbGlhbnR0cy5jb20iLCJpYXQiOjE1NDUxMTc2MjAsImV4cCI6MTg2MDY5MzYyMCwiaXNzIjoiZnV6ZXgifQ.Za0vA65vP6dX7iuHcCBhmKRTKvJFFgROCdT9Dg0lzfo","email":"jhmoon@brilliantts.com","firstName":"jh","lastName":"moon","useExchange":null,"countryCode":410,"nationalPhoneCode":"82","phoneNum":"01082942417"}}
2018-12-18 16:20:20 info: passport login callback func start!! -> {"email":"jhmoon@brilliantts.com","passwd":"$2b$12$pSlAX/6RhZOfFb26UJ.yBeXHp3YdxDSL25AavfPMmH4NcsXTrrPTa","loading_number":null,"first_name":"jh","last_name":"moon","country_code":410,"code_phone":"82","phone_number":"01082942417","selected_crypto_symbol":"FXT","created_at":"2018-12-09T16:52:10.133Z","modified_at":"2018-12-16T15:24:11.673Z","use_exchange":null,"is_crypto":"1"}
2018-12-18 16:20:20 info: LOGGED_IN_SUCCEFFULLY -> Response Data:: {"result":200,"message":"LOGGED_IN_SUCCEFFULLY","data":{"token":"eyJhbGciOiJIUzI1NiIsInR5cCI6IkpXVCJ9.eyJpZCI6ImpobW9vbkBicmlsbGlhbnR0cy5jb20iLCJpYXQiOjE1NDUxMTc2MjAsImV4cCI6MTg2MDY5MzYyMCwiaXNzIjoiZnV6ZXgifQ.Za0vA65vP6dX7iuHcCBhmKRTKvJFFgROCdT9Dg0lzfo","email":"jhmoon@brilliantts.com","firstName":"jh","lastName":"moon","useExchange":null,"countryCode":410,"nationalPhoneCode":"82","phoneNum":"01082942417"}}
2018-12-18 16:20:20 info: LOGGED_IN_SUCCEFFULLY -> Response Data:: {"result":200,"message":"LOGGED_IN_SUCCEFFULLY","data":{"token":"eyJhbGciOiJIUzI1NiIsInR5cCI6IkpXVCJ9.eyJpZCI6ImpobW9vbkBicmlsbGlhbnR0cy5jb20iLCJpYXQiOjE1NDUxMTc2MjAsImV4cCI6MTg2MDY5MzYyMCwiaXNzIjoiZnV6ZXgifQ.Za0vA65vP6dX7iuHcCBhmKRTKvJFFgROCdT9Dg0lzfo","email":"jhmoon@brilliantts.com","firstName":"jh","lastName":"moon","useExchange":null,"countryCode":410,"nationalPhoneCode":"82","phoneNum":"01082942417"}}
2018-12-18 16:20:21 info: passport login callback func start!! -> {"email":"jhmoon@brilliantts.com","passwd":"$2b$12$pSlAX/6RhZOfFb26UJ.yBeXHp3YdxDSL25AavfPMmH4NcsXTrrPTa","loading_number":null,"first_name":"jh","last_name":"moon","country_code":410,"code_phone":"82","phone_number":"01082942417","selected_crypto_symbol":"FXT","created_at":"2018-12-09T16:52:10.133Z","modified_at":"2018-12-16T15:24:11.673Z","use_exchange":null,"is_crypto":"1"}
2018-12-18 16:20:21 info: LOGGED_IN_SUCCEFFULLY -> Response Data:: {"result":200,"message":"LOGGED_IN_SUCCEFFULLY","data":{"token":"eyJhbGciOiJIUzI1NiIsInR5cCI6IkpXVCJ9.eyJpZCI6ImpobW9vbkBicmlsbGlhbnR0cy5jb20iLCJpYXQiOjE1NDUxMTc2MjEsImV4cCI6MTg2MDY5MzYyMSwiaXNzIjoiZnV6ZXgifQ.DaZGiwJHMnTXgEWibpBgtF4oiCrI7W_9m7cnelEmfDA","email":"jhmoon@brilliantts.com","firstName":"jh","lastName":"moon","useExchange":null,"countryCode":410,"nationalPhoneCode":"82","phoneNum":"01082942417"}}
2018-12-18 16:20:21 info: passport login callback func start!! -> {"email":"jhmoon@brilliantts.com","passwd":"$2b$12$pSlAX/6RhZOfFb26UJ.yBeXHp3YdxDSL25AavfPMmH4NcsXTrrPTa","loading_number":null,"first_name":"jh","last_name":"moon","country_code":410,"code_phone":"82","phone_number":"01082942417","selected_crypto_symbol":"FXT","created_at":"2018-12-09T16:52:10.133Z","modified_at":"2018-12-16T15:24:11.673Z","use_exchange":null,"is_crypto":"1"}
2018-12-18 16:20:21 info: LOGGED_IN_SUCCEFFULLY -> Response Data:: {"result":200,"message":"LOGGED_IN_SUCCEFFULLY","data":{"token":"eyJhbGciOiJIUzI1NiIsInR5cCI6IkpXVCJ9.eyJpZCI6ImpobW9vbkBicmlsbGlhbnR0cy5jb20iLCJpYXQiOjE1NDUxMTc2MjEsImV4cCI6MTg2MDY5MzYyMSwiaXNzIjoiZnV6ZXgifQ.DaZGiwJHMnTXgEWibpBgtF4oiCrI7W_9m7cnelEmfDA","email":"jhmoon@brilliantts.com","firstName":"jh","lastName":"moon","useExchange":null,"countryCode":410,"nationalPhoneCode":"82","phoneNum":"01082942417"}}
2018-12-18 16:20:21 info: passport login callback func start!! -> {"email":"jhmoon@brilliantts.com","passwd":"$2b$12$pSlAX/6RhZOfFb26UJ.yBeXHp3YdxDSL25AavfPMmH4NcsXTrrPTa","loading_number":null,"first_name":"jh","last_name":"moon","country_code":410,"code_phone":"82","phone_number":"01082942417","selected_crypto_symbol":"FXT","created_at":"2018-12-09T16:52:10.133Z","modified_at":"2018-12-16T15:24:11.673Z","use_exchange":null,"is_crypto":"1"}
2018-12-18 16:20:21 info: LOGGED_IN_SUCCEFFULLY -> Response Data:: {"result":200,"message":"LOGGED_IN_SUCCEFFULLY","data":{"token":"eyJhbGciOiJIUzI1NiIsInR5cCI6IkpXVCJ9.eyJpZCI6ImpobW9vbkBicmlsbGlhbnR0cy5jb20iLCJpYXQiOjE1NDUxMTc2MjEsImV4cCI6MTg2MDY5MzYyMSwiaXNzIjoiZnV6ZXgifQ.DaZGiwJHMnTXgEWibpBgtF4oiCrI7W_9m7cnelEmfDA","email":"jhmoon@brilliantts.com","firstName":"jh","lastName":"moon","useExchange":null,"countryCode":410,"nationalPhoneCode":"82","phoneNum":"01082942417"}}
2018-12-18 16:20:25 info: USER LOGOUT!! -> jhmoon@brilliantts.com
2018-12-18 16:20:25 info: RESPONSE_CODE_OK ->Response Data:: {"result":200,"message":"RESPONSE_CODE_OK"}
2018-12-18 16:20:26 info: Send mysql query!! -> findUserByEmail:: jhmoon@brilliantts.com
2018-12-18 16:20:27 info: passport login callback func start!! -> {"email":"jhmoon@brilliantts.com","passwd":"$2b$12$pSlAX/6RhZOfFb26UJ.yBeXHp3YdxDSL25AavfPMmH4NcsXTrrPTa","loading_number":null,"first_name":"jh","last_name":"moon","country_code":410,"code_phone":"82","phone_number":"01082942417","selected_crypto_symbol":"FXT","created_at":"2018-12-09T16:52:10.133Z","modified_at":"2018-12-16T15:24:11.673Z","use_exchange":null,"is_crypto":"1"}
2018-12-18 16:20:27 info: LOGGED_IN_SUCCEFFULLY -> Response Data:: {"result":200,"message":"LOGGED_IN_SUCCEFFULLY","data":{"token":"eyJhbGciOiJIUzI1NiIsInR5cCI6IkpXVCJ9.eyJpZCI6ImpobW9vbkBicmlsbGlhbnR0cy5jb20iLCJpYXQiOjE1NDUxMTc2MjcsImV4cCI6MTg2MDY5MzYyNywiaXNzIjoiZnV6ZXgifQ.wtIOlpeG6g_KMwYMURX-176nqKiQNMP4CX-dtF0uCF8","email":"jhmoon@brilliantts.com","firstName":"jh","lastName":"moon","useExchange":null,"countryCode":410,"nationalPhoneCode":"82","phoneNum":"01082942417"}}
2018-12-18 16:20:41 info: USER LOGOUT!! -> jhmoon@brilliantts.com
2018-12-18 16:20:41 info: RESPONSE_CODE_OK ->Response Data:: {"result":200,"message":"RESPONSE_CODE_OK"}
2018-12-18 16:40:49 info: Send mysql query!! -> findUserByEmail:: jhmoon@brilliantts.com
2018-12-18 16:40:49 info: passport login callback func start!! -> {"email":"jhmoon@brilliantts.com","passwd":"$2b$12$pSlAX/6RhZOfFb26UJ.yBeXHp3YdxDSL25AavfPMmH4NcsXTrrPTa","loading_number":null,"first_name":"jh","last_name":"moon","country_code":410,"code_phone":"82","phone_number":"01082942417","selected_crypto_symbol":"FXT","created_at":"2018-12-09T16:52:10.133Z","modified_at":"2018-12-16T15:24:11.673Z","use_exchange":null,"is_crypto":"1"}
2018-12-18 16:40:49 info: LOGGED_IN_SUCCEFFULLY -> Response Data:: {"result":200,"message":"LOGGED_IN_SUCCEFFULLY","data":{"token":"eyJhbGciOiJIUzI1NiIsInR5cCI6IkpXVCJ9.eyJpZCI6ImpobW9vbkBicmlsbGlhbnR0cy5jb20iLCJpYXQiOjE1NDUxMTg4NDksImV4cCI6MTg2MDY5NDg0OSwiaXNzIjoiZnV6ZXgifQ.bkRLGifdfSOOuQYsnuvdtJGv3HN51MT9dtd2TvcFRoE","email":"jhmoon@brilliantts.com","firstName":"jh","lastName":"moon","useExchange":null,"countryCode":410,"nationalPhoneCode":"82","phoneNum":"01082942417"}}
2018-12-18 16:40:59 info: USER LOGOUT!! -> jhmoon@brilliantts.com
2018-12-18 16:40:59 info: RESPONSE_CODE_OK ->Response Data:: {"result":200,"message":"RESPONSE_CODE_OK"}
2018-12-18 16:41:12 info: Send mysql query!! -> findUserByEmail:: jhmoon@brilliantts.com
2018-12-18 16:41:12 info: passport login callback func start!! -> {"email":"jhmoon@brilliantts.com","passwd":"$2b$12$pSlAX/6RhZOfFb26UJ.yBeXHp3YdxDSL25AavfPMmH4NcsXTrrPTa","loading_number":null,"first_name":"jh","last_name":"moon","country_code":410,"code_phone":"82","phone_number":"01082942417","selected_crypto_symbol":"FXT","created_at":"2018-12-09T16:52:10.133Z","modified_at":"2018-12-16T15:24:11.673Z","use_exchange":null,"is_crypto":"1"}
2018-12-18 16:41:12 info: LOGGED_IN_SUCCEFFULLY -> Response Data:: {"result":200,"message":"LOGGED_IN_SUCCEFFULLY","data":{"token":"eyJhbGciOiJIUzI1NiIsInR5cCI6IkpXVCJ9.eyJpZCI6ImpobW9vbkBicmlsbGlhbnR0cy5jb20iLCJpYXQiOjE1NDUxMTg4NzIsImV4cCI6MTg2MDY5NDg3MiwiaXNzIjoiZnV6ZXgifQ.0eP3d9_fNPLia3vNaWMVWS4xuKAiN9FyqKI0aEmk7Ro","email":"jhmoon@brilliantts.com","firstName":"jh","lastName":"moon","useExchange":null,"countryCode":410,"nationalPhoneCode":"82","phoneNum":"01082942417"}}
2018-12-18 16:41:36 info: USER LOGOUT!! -> jhmoon@brilliantts.com
2018-12-18 16:41:36 info: RESPONSE_CODE_OK ->Response Data:: {"result":200,"message":"RESPONSE_CODE_OK"}
2018-12-18 16:41:54 info: Send mysql query!! -> findUserByEmail:: jhmoon@brilliantts.com
2018-12-18 16:41:55 info: passport login callback func start!! -> {"email":"jhmoon@brilliantts.com","passwd":"$2b$12$pSlAX/6RhZOfFb26UJ.yBeXHp3YdxDSL25AavfPMmH4NcsXTrrPTa","loading_number":null,"first_name":"jh","last_name":"moon","country_code":410,"code_phone":"82","phone_number":"01082942417","selected_crypto_symbol":"FXT","created_at":"2018-12-09T16:52:10.133Z","modified_at":"2018-12-16T15:24:11.673Z","use_exchange":null,"is_crypto":"1"}
2018-12-18 16:41:55 info: LOGGED_IN_SUCCEFFULLY -> Response Data:: {"result":200,"message":"LOGGED_IN_SUCCEFFULLY","data":{"token":"eyJhbGciOiJIUzI1NiIsInR5cCI6IkpXVCJ9.eyJpZCI6ImpobW9vbkBicmlsbGlhbnR0cy5jb20iLCJpYXQiOjE1NDUxMTg5MTUsImV4cCI6MTg2MDY5NDkxNSwiaXNzIjoiZnV6ZXgifQ.sKvyUdtbjhekFEUrhDwDPUh0D6Vpbq8BGE3CFTqZmPw","email":"jhmoon@brilliantts.com","firstName":"jh","lastName":"moon","useExchange":null,"countryCode":410,"nationalPhoneCode":"82","phoneNum":"01082942417"}}
2018-12-18 16:41:58 info: cobinhood get oAuth state API call!!
2018-12-18 16:41:58 info: cobinhood oAuth state value Database insert!! -> userEmail::jhmoon@brilliantts.com, state::154511891822600
2018-12-18 16:41:58 info: Send mysql query!! -> addOAuth:: jhmoon@brilliantts.com,154511891822600,154511891822600
2018-12-18 16:41:58 info: RESPONSE_CODE_OK -> Response Data:: {"result":200,"message":"RESPONSE_CODE_OK","data":{"state":154511891822600}}
2018-12-18 16:43:04 info: cobinhood client callback API call!! -> {"code":"eyJhbGciOiJIUzI1NiIsInR5cCI6IkpXVCJ9.eyJleHAiOjE1NDUxMTkyODAsIm9hdXRoMl9hdXRob3JpemF0aW9uX2NvZGVfaWQiOiI3M2M4OTRlNy1hY2I1LTRlYzktYTFkNy1mYWFmZDc5NzA0MzAifQ.XpV4nnE29Z89odTMv1LjwIr771GiMEPKND6cReB8bAc","state":"154511891822600"}
2018-12-18 16:43:04 info: getUserFuzeXEmailToCobinhoodOAuthState API call!!
2018-12-18 16:43:04 info: Send mysql query!! -> getEmailToCobinhoodOauthState:: 154511891822600
2018-12-18 16:43:04 info: cobinhood get token API call!! -> param::grant_type=authorization_code&code=eyJhbGciOiJIUzI1NiIsInR5cCI6IkpXVCJ9.eyJleHAiOjE1NDUxMTkyODAsIm9hdXRoMl9hdXRob3JpemF0aW9uX2NvZGVfaWQiOiI3M2M4OTRlNy1hY2I1LTRlYzktYTFkNy1mYWFmZDc5NzA0MzAifQ.XpV4nnE29Z89odTMv1LjwIr771GiMEPKND6cReB8bAc&redirect_uri=http%3A%2F%2Flocalhost%3A33000%2Fauth%2Fcobinhood%2Fcallback&client_id=a224d1dd-2625-4b68-be70-8126d6221f3b headers::{"Authorization":"Basic YTIyNGQxZGQtMjYyNS00YjY4LWJlNzAtODEyNmQ2MjIxZjNiOjNsZXFJRFlLa2V0NzBnbHVjWU11dkBOQHdJejhFS3VsRWxJbjlZbm9jWnVOSXFFc2VsdXpjMGM=","Content-Type":"application/x-www-form-urlencoded"}
2018-12-18 16:43:04 info: Send mysql query!! -> setUserCobinhoodOAuthToken:: eyJhbGciOiJIUzI1NiIsInR5cCI6IkpXVCJ9.eyJjbGllbnRfaWQiOiJhMjI0ZDFkZC0yNjI1LTRiNjgtYmU3MC04MTI2ZDYyMjFmM2IiLCJleHAiOjE1NDUxMjI1ODEsIm9hdXRoMl9hY2Nlc3NfdG9rZW5faWQiOiJjN2RkNDg1Yy03ZjdjLTQzNTYtYTQ1Mi1lMDQ2ZThlNzNjZDgiLCJzY29wZSI6WyJzY29wZV90aGlyZF9wYXJ0eV9pbnRlcm5hbF93aXRoZHJhdyIsInNjb3BlX2V4Y2hhbmdlX2xlZGdlcl9yZWFkIiwic2NvcGVfdGhpcmRfcGFydHlfYWNjb3VudF9yZWFkIl0sInVzZXJfaWQiOiIzODA5MzQ1Ny1mNzEwLTQ4OTAtYjhmNS0wYTA3MmVkOTcxYzgifQ.xyhAuLzz-uhKcfMfafIkOb1Ma06NYYSZURI14DW7Rq4,eyJhbGciOiJIUzI1NiIsInR5cCI6IkpXVCJ9.eyJjbGllbnRfaWQiOiJhMjI0ZDFkZC0yNjI1LTRiNjgtYmU3MC04MTI2ZDYyMjFmM2IiLCJleHAiOjE1NDUyMDUzODEsIm9hdXRoMl9yZWZyZXNoX3Rva2VuX2lkIjoiNTg1MWEwN2EtYjlmNC00ZmM2LTk4ZTYtNDA1Y2IyYTBjMTdjIiwic2NvcGUiOlsic2NvcGVfdGhpcmRfcGFydHlfaW50ZXJuYWxfd2l0aGRyYXciLCJzY29wZV9leGNoYW5nZV9sZWRnZXJfcmVhZCIsInNjb3BlX3RoaXJkX3BhcnR5X2FjY291bnRfcmVhZCJdLCJ1c2VyX2lkIjoiMzgwOTM0NTctZjcxMC00ODkwLWI4ZjUtMGEwNzJlZDk3MWM4In0.jfEJtK0SAGBXwgnQXnDXInWr7B8yuiWbBaYBoSa9yI4,scope_third_party_internal_withdraw scope_exchange_ledger_read scope_third_party_account_read,Bearer,jhmoon@brilliantts.com
2018-12-18 16:43:19 info: cobinhood client callback API call!! -> {"code":"eyJhbGciOiJIUzI1NiIsInR5cCI6IkpXVCJ9.eyJleHAiOjE1NDUxMTkyODAsIm9hdXRoMl9hdXRob3JpemF0aW9uX2NvZGVfaWQiOiI3M2M4OTRlNy1hY2I1LTRlYzktYTFkNy1mYWFmZDc5NzA0MzAifQ.XpV4nnE29Z89odTMv1LjwIr771GiMEPKND6cReB8bAc","state":"154511891822600"}
2018-12-18 16:43:19 info: Send mysql query!! -> getEmailToCobinhoodOauthState:: 154511891822600
2018-12-18 16:43:19 info: getUserFuzeXEmailToCobinhoodOAuthState API call!!
2018-12-18 16:43:19 info: cobinhood get token API call!! -> param::grant_type=authorization_code&code=eyJhbGciOiJIUzI1NiIsInR5cCI6IkpXVCJ9.eyJleHAiOjE1NDUxMTkyODAsIm9hdXRoMl9hdXRob3JpemF0aW9uX2NvZGVfaWQiOiI3M2M4OTRlNy1hY2I1LTRlYzktYTFkNy1mYWFmZDc5NzA0MzAifQ.XpV4nnE29Z89odTMv1LjwIr771GiMEPKND6cReB8bAc&redirect_uri=http%3A%2F%2Flocalhost%3A33000%2Fauth%2Fcobinhood%2Fcallback&client_id=a224d1dd-2625-4b68-be70-8126d6221f3b headers::{"Authorization":"Basic YTIyNGQxZGQtMjYyNS00YjY4LWJlNzAtODEyNmQ2MjIxZjNiOjNsZXFJRFlLa2V0NzBnbHVjWU11dkBOQHdJejhFS3VsRWxJbjlZbm9jWnVOSXFFc2VsdXpjMGM=","Content-Type":"application/x-www-form-urlencoded"}
2018-12-18 16:43:19 error: cobinhood get token API error:: Error: Request failed with status code 400
2018-12-18 16:43:19 error: cobinhood client callback API error:: ReferenceError: res is not defined
2018-12-18 16:43:19 info: ERROR_COBINHOOD_TOKEN_API ->Response Data:: {"result":500,"message":"ERROR_COBINHOOD_TOKEN_API"}
2018-12-18 16:43:19 info: ERROR_COBINHOOD_CALLBACK ->Response Data:: {"result":500,"message":"ERROR_COBINHOOD_CALLBACK"}
2018-12-18 16:43:20 error: {"message":"Not Found","status":404}
2018-12-18 17:28:45 info: USER LOGOUT!! -> jhmoon@brilliantts.com
2018-12-18 17:28:45 info: RESPONSE_CODE_OK ->Response Data:: {"result":200,"message":"RESPONSE_CODE_OK"}
2018-12-18 17:28:47 info: Send mysql query!! -> findUserByEmail:: jhmoon@brilliantts.com
2018-12-18 17:28:47 info: passport login callback func start!! -> {"email":"jhmoon@brilliantts.com","passwd":"$2b$12$pSlAX/6RhZOfFb26UJ.yBeXHp3YdxDSL25AavfPMmH4NcsXTrrPTa","loading_number":null,"first_name":"jh","last_name":"moon","country_code":410,"code_phone":"82","phone_number":"01082942417","selected_crypto_symbol":"FXT","created_at":"2018-12-09T16:52:10.133Z","modified_at":"2018-12-16T15:24:11.673Z","use_exchange":null,"is_crypto":"1"}
2018-12-18 17:28:47 info: LOGGED_IN_SUCCEFFULLY -> Response Data:: {"result":200,"message":"LOGGED_IN_SUCCEFFULLY","data":{"token":"eyJhbGciOiJIUzI1NiIsInR5cCI6IkpXVCJ9.eyJpZCI6ImpobW9vbkBicmlsbGlhbnR0cy5jb20iLCJpYXQiOjE1NDUxMjE3MjcsImV4cCI6MTg2MDY5NzcyNywiaXNzIjoiZnV6ZXgifQ.Nm7Z2AKjZNd4omdu7XOUVjEonpqgTFI6HxfRNVYiUpI","email":"jhmoon@brilliantts.com","firstName":"jh","lastName":"moon","useExchange":null,"countryCode":410,"nationalPhoneCode":"82","phoneNum":"01082942417"}}
2018-12-18 17:33:53 info: Send mysql query!! -> findUserByEmail:: jhmoon@brilliantts.com
2018-12-18 17:33:53 info: passport login callback func start!! -> {"email":"jhmoon@brilliantts.com","passwd":"$2b$12$pSlAX/6RhZOfFb26UJ.yBeXHp3YdxDSL25AavfPMmH4NcsXTrrPTa","loading_number":null,"first_name":"jh","last_name":"moon","country_code":410,"code_phone":"82","phone_number":"01082942417","selected_crypto_symbol":"FXT","created_at":"2018-12-09T16:52:10.133Z","modified_at":"2018-12-16T15:24:11.673Z","use_exchange":null,"is_crypto":"1"}
2018-12-18 17:33:53 info: LOGGED_IN_SUCCEFFULLY -> Response Data:: {"result":200,"message":"LOGGED_IN_SUCCEFFULLY","data":{"token":"eyJhbGciOiJIUzI1NiIsInR5cCI6IkpXVCJ9.eyJpZCI6ImpobW9vbkBicmlsbGlhbnR0cy5jb20iLCJpYXQiOjE1NDUxMjIwMzMsImV4cCI6MTg2MDY5ODAzMywiaXNzIjoiZnV6ZXgifQ.UPfZbss4RQQpxHBg5Rk55RVlSx-JquKHU73pq0pOrmc","email":"jhmoon@brilliantts.com","firstName":"jh","lastName":"moon","useExchange":null,"countryCode":410,"nationalPhoneCode":"82","phoneNum":"01082942417"}}
2018-12-18 18:30:31 info: USER LOGOUT!! -> {"id":"jhmoon@brilliantts.com","iat":1545122033,"exp":1860698033,"iss":"fuzex"}
2018-12-18 18:30:31 info: RESPONSE_CODE_OK ->Response Data:: {"result":200,"message":"RESPONSE_CODE_OK"}
2018-12-18 18:30:42 info: Send mysql query!! -> findUserByEmail:: jhmoon@brilliantts.com
2018-12-18 18:30:43 info: passport login callback func start!! -> {"email":"jhmoon@brilliantts.com","passwd":"$2b$12$pSlAX/6RhZOfFb26UJ.yBeXHp3YdxDSL25AavfPMmH4NcsXTrrPTa","loading_number":null,"first_name":"jh","last_name":"moon","country_code":410,"code_phone":"82","phone_number":"01082942417","selected_crypto_symbol":"FXT","use_exchange":null,"is_crypto":"1","created_at":"2018-12-09T16:52:10.133Z","modified_at":"2018-12-16T15:24:11.673Z"}
2018-12-18 18:30:43 info: LOGGED_IN_SUCCEFFULLY -> Response Data:: {"result":200,"message":"LOGGED_IN_SUCCEFFULLY","data":{"token":"eyJhbGciOiJIUzI1NiIsInR5cCI6IkpXVCJ9.eyJpZCI6ImpobW9vbkBicmlsbGlhbnR0cy5jb20iLCJpYXQiOjE1NDUxMjU0NDMsImV4cCI6MTg2MDcwMTQ0MywiaXNzIjoiZnV6ZXgifQ.rlnl2LbfH0RAEEeOw5OmwhQf36r2KFEeauPPLCPd0Tg","email":"jhmoon@brilliantts.com","firstName":"jh","lastName":"moon","useExchange":null,"countryCode":410,"nationalPhoneCode":"82","phoneNum":"01082942417"}}
2018-12-18 18:30:55 info: USER LOGOUT!! -> {"id":"jhmoon@brilliantts.com","iat":1545125443,"exp":1860701443,"iss":"fuzex"}
2018-12-18 18:30:55 info: RESPONSE_CODE_OK ->Response Data:: {"result":200,"message":"RESPONSE_CODE_OK"}
2018-12-18 18:32:18 info: Send mysql query!! -> findUserByEmail:: jhmoon@brilliantts.com
2018-12-18 18:32:19 info: passport login callback func start!! -> {"email":"jhmoon@brilliantts.com","passwd":"$2b$12$pSlAX/6RhZOfFb26UJ.yBeXHp3YdxDSL25AavfPMmH4NcsXTrrPTa","loading_number":null,"first_name":"jh","last_name":"moon","country_code":410,"code_phone":"82","phone_number":"01082942417","selected_crypto_symbol":"FXT","use_exchange":null,"is_crypto":"1","created_at":"2018-12-09T16:52:10.133Z","modified_at":"2018-12-16T15:24:11.673Z"}
2018-12-18 18:32:19 info: LOGGED_IN_SUCCEFFULLY -> Response Data:: {"result":200,"message":"LOGGED_IN_SUCCEFFULLY","data":{"token":"eyJhbGciOiJIUzI1NiIsInR5cCI6IkpXVCJ9.eyJpZCI6ImpobW9vbkBicmlsbGlhbnR0cy5jb20iLCJpYXQiOjE1NDUxMjU1MzksImV4cCI6MTg2MDcwMTUzOSwiaXNzIjoiZnV6ZXgifQ.A_yMWK35Ax76N0q0vAgZBFQ3TjsCbEX4SCPRMOnRxZ8","email":"jhmoon@brilliantts.com","firstName":"jh","lastName":"moon","useExchange":null,"countryCode":410,"nationalPhoneCode":"82","phoneNum":"01082942417"}}
2018-12-18 18:32:20 info: USER LOGOUT!! -> {"id":"jhmoon@brilliantts.com","iat":1545125539,"exp":1860701539,"iss":"fuzex"}
2018-12-18 18:32:20 info: RESPONSE_CODE_OK ->Response Data:: {"result":200,"message":"RESPONSE_CODE_OK"}
2018-12-18 18:32:21 info: Send mysql query!! -> findUserByEmail:: jhmoon@brilliantts.com
2018-12-18 18:32:22 info: passport login callback func start!! -> {"email":"jhmoon@brilliantts.com","passwd":"$2b$12$pSlAX/6RhZOfFb26UJ.yBeXHp3YdxDSL25AavfPMmH4NcsXTrrPTa","loading_number":null,"first_name":"jh","last_name":"moon","country_code":410,"code_phone":"82","phone_number":"01082942417","selected_crypto_symbol":"FXT","use_exchange":null,"is_crypto":"1","created_at":"2018-12-09T16:52:10.133Z","modified_at":"2018-12-16T15:24:11.673Z"}
2018-12-18 18:32:22 info: LOGGED_IN_SUCCEFFULLY -> Response Data:: {"result":200,"message":"LOGGED_IN_SUCCEFFULLY","data":{"token":"eyJhbGciOiJIUzI1NiIsInR5cCI6IkpXVCJ9.eyJpZCI6ImpobW9vbkBicmlsbGlhbnR0cy5jb20iLCJpYXQiOjE1NDUxMjU1NDIsImV4cCI6MTg2MDcwMTU0MiwiaXNzIjoiZnV6ZXgifQ.uJC9B2AbfnsKVZ4LisVRaATqhe28ytMeQk0qNtHyZNc","email":"jhmoon@brilliantts.com","firstName":"jh","lastName":"moon","useExchange":null,"countryCode":410,"nationalPhoneCode":"82","phoneNum":"01082942417"}}
2018-12-18 18:32:31 info: USER LOGOUT!! -> {"id":"jhmoon@brilliantts.com","iat":1545125542,"exp":1860701542,"iss":"fuzex"}
2018-12-18 18:32:31 info: RESPONSE_CODE_OK ->Response Data:: {"result":200,"message":"RESPONSE_CODE_OK"}
2018-12-18 18:33:24 info: Send mysql query!! -> findUserByEmail:: jhmoon@brilliantts.com
2018-12-18 18:33:24 info: passport login callback func start!! -> {"email":"jhmoon@brilliantts.com","passwd":"$2b$12$pSlAX/6RhZOfFb26UJ.yBeXHp3YdxDSL25AavfPMmH4NcsXTrrPTa","loading_number":null,"first_name":"jh","last_name":"moon","country_code":410,"code_phone":"82","phone_number":"01082942417","selected_crypto_symbol":"FXT","use_exchange":null,"is_crypto":"1","created_at":"2018-12-09T16:52:10.133Z","modified_at":"2018-12-16T15:24:11.673Z"}
2018-12-18 18:33:24 info: LOGGED_IN_SUCCEFFULLY -> Response Data:: {"result":200,"message":"LOGGED_IN_SUCCEFFULLY","data":{"token":"eyJhbGciOiJIUzI1NiIsInR5cCI6IkpXVCJ9.eyJpZCI6ImpobW9vbkBicmlsbGlhbnR0cy5jb20iLCJpYXQiOjE1NDUxMjU2MDQsImV4cCI6MTg2MDcwMTYwNCwiaXNzIjoiZnV6ZXgifQ.O68C58eBmCDTz1jqZHw3syOZucD3ZHkdQRz2E0MWQVI","email":"jhmoon@brilliantts.com","firstName":"jh","lastName":"moon","useExchange":null,"countryCode":410,"nationalPhoneCode":"82","phoneNum":"01082942417"}}
2018-12-18 18:33:35 info: Send mysql query!! -> findUserByEmail:: jhmoon@brilliantts.com
2018-12-18 18:33:35 info: Send mysql query!! -> findUserByEmail:: jhmoon@brilliantts.com
2018-12-18 18:33:35 info: Send mysql query!! -> findUserByEmail:: jhmoon@brilliantts.com
2018-12-18 18:33:35 info: passport login callback func start!! -> {"email":"jhmoon@brilliantts.com","passwd":"$2b$12$pSlAX/6RhZOfFb26UJ.yBeXHp3YdxDSL25AavfPMmH4NcsXTrrPTa","loading_number":null,"first_name":"jh","last_name":"moon","country_code":410,"code_phone":"82","phone_number":"01082942417","selected_crypto_symbol":"FXT","use_exchange":null,"is_crypto":"1","created_at":"2018-12-09T16:52:10.133Z","modified_at":"2018-12-16T15:24:11.673Z"}
2018-12-18 18:33:35 info: LOGGED_IN_SUCCEFFULLY -> Response Data:: {"result":200,"message":"LOGGED_IN_SUCCEFFULLY","data":{"token":"eyJhbGciOiJIUzI1NiIsInR5cCI6IkpXVCJ9.eyJpZCI6ImpobW9vbkBicmlsbGlhbnR0cy5jb20iLCJpYXQiOjE1NDUxMjU2MTUsImV4cCI6MTg2MDcwMTYxNSwiaXNzIjoiZnV6ZXgifQ.aUTsf6Wa7HeaTZo1ZZsqShhCwwRsm3xPOab52zRlQwo","email":"jhmoon@brilliantts.com","firstName":"jh","lastName":"moon","useExchange":null,"countryCode":410,"nationalPhoneCode":"82","phoneNum":"01082942417"}}
2018-12-18 18:33:35 info: passport login callback func start!! -> {"email":"jhmoon@brilliantts.com","passwd":"$2b$12$pSlAX/6RhZOfFb26UJ.yBeXHp3YdxDSL25AavfPMmH4NcsXTrrPTa","loading_number":null,"first_name":"jh","last_name":"moon","country_code":410,"code_phone":"82","phone_number":"01082942417","selected_crypto_symbol":"FXT","use_exchange":null,"is_crypto":"1","created_at":"2018-12-09T16:52:10.133Z","modified_at":"2018-12-16T15:24:11.673Z"}
2018-12-18 18:33:35 info: LOGGED_IN_SUCCEFFULLY -> Response Data:: {"result":200,"message":"LOGGED_IN_SUCCEFFULLY","data":{"token":"eyJhbGciOiJIUzI1NiIsInR5cCI6IkpXVCJ9.eyJpZCI6ImpobW9vbkBicmlsbGlhbnR0cy5jb20iLCJpYXQiOjE1NDUxMjU2MTUsImV4cCI6MTg2MDcwMTYxNSwiaXNzIjoiZnV6ZXgifQ.aUTsf6Wa7HeaTZo1ZZsqShhCwwRsm3xPOab52zRlQwo","email":"jhmoon@brilliantts.com","firstName":"jh","lastName":"moon","useExchange":null,"countryCode":410,"nationalPhoneCode":"82","phoneNum":"01082942417"}}
2018-12-18 18:33:36 info: passport login callback func start!! -> {"email":"jhmoon@brilliantts.com","passwd":"$2b$12$pSlAX/6RhZOfFb26UJ.yBeXHp3YdxDSL25AavfPMmH4NcsXTrrPTa","loading_number":null,"first_name":"jh","last_name":"moon","country_code":410,"code_phone":"82","phone_number":"01082942417","selected_crypto_symbol":"FXT","use_exchange":null,"is_crypto":"1","created_at":"2018-12-09T16:52:10.133Z","modified_at":"2018-12-16T15:24:11.673Z"}
2018-12-18 18:33:36 info: LOGGED_IN_SUCCEFFULLY -> Response Data:: {"result":200,"message":"LOGGED_IN_SUCCEFFULLY","data":{"token":"eyJhbGciOiJIUzI1NiIsInR5cCI6IkpXVCJ9.eyJpZCI6ImpobW9vbkBicmlsbGlhbnR0cy5jb20iLCJpYXQiOjE1NDUxMjU2MTYsImV4cCI6MTg2MDcwMTYxNiwiaXNzIjoiZnV6ZXgifQ.Ov8j3TY2tNb_bjvSZ0pfMad5rR6WrcijNwR3gfbRQCo","email":"jhmoon@brilliantts.com","firstName":"jh","lastName":"moon","useExchange":null,"countryCode":410,"nationalPhoneCode":"82","phoneNum":"01082942417"}}
2018-12-18 18:33:36 info: Send mysql query!! -> findUserByEmail:: jhmoon@brilliantts.com
2018-12-18 18:33:36 info: Send mysql query!! -> findUserByEmail:: jhmoon@brilliantts.com
2018-12-18 18:33:36 info: passport login callback func start!! -> {"email":"jhmoon@brilliantts.com","passwd":"$2b$12$pSlAX/6RhZOfFb26UJ.yBeXHp3YdxDSL25AavfPMmH4NcsXTrrPTa","loading_number":null,"first_name":"jh","last_name":"moon","country_code":410,"code_phone":"82","phone_number":"01082942417","selected_crypto_symbol":"FXT","use_exchange":null,"is_crypto":"1","created_at":"2018-12-09T16:52:10.133Z","modified_at":"2018-12-16T15:24:11.673Z"}
2018-12-18 18:33:36 info: LOGGED_IN_SUCCEFFULLY -> Response Data:: {"result":200,"message":"LOGGED_IN_SUCCEFFULLY","data":{"token":"eyJhbGciOiJIUzI1NiIsInR5cCI6IkpXVCJ9.eyJpZCI6ImpobW9vbkBicmlsbGlhbnR0cy5jb20iLCJpYXQiOjE1NDUxMjU2MTYsImV4cCI6MTg2MDcwMTYxNiwiaXNzIjoiZnV6ZXgifQ.Ov8j3TY2tNb_bjvSZ0pfMad5rR6WrcijNwR3gfbRQCo","email":"jhmoon@brilliantts.com","firstName":"jh","lastName":"moon","useExchange":null,"countryCode":410,"nationalPhoneCode":"82","phoneNum":"01082942417"}}
2018-12-18 18:33:36 info: passport login callback func start!! -> {"email":"jhmoon@brilliantts.com","passwd":"$2b$12$pSlAX/6RhZOfFb26UJ.yBeXHp3YdxDSL25AavfPMmH4NcsXTrrPTa","loading_number":null,"first_name":"jh","last_name":"moon","country_code":410,"code_phone":"82","phone_number":"01082942417","selected_crypto_symbol":"FXT","use_exchange":null,"is_crypto":"1","created_at":"2018-12-09T16:52:10.133Z","modified_at":"2018-12-16T15:24:11.673Z"}
2018-12-18 18:33:36 info: LOGGED_IN_SUCCEFFULLY -> Response Data:: {"result":200,"message":"LOGGED_IN_SUCCEFFULLY","data":{"token":"eyJhbGciOiJIUzI1NiIsInR5cCI6IkpXVCJ9.eyJpZCI6ImpobW9vbkBicmlsbGlhbnR0cy5jb20iLCJpYXQiOjE1NDUxMjU2MTYsImV4cCI6MTg2MDcwMTYxNiwiaXNzIjoiZnV6ZXgifQ.Ov8j3TY2tNb_bjvSZ0pfMad5rR6WrcijNwR3gfbRQCo","email":"jhmoon@brilliantts.com","firstName":"jh","lastName":"moon","useExchange":null,"countryCode":410,"nationalPhoneCode":"82","phoneNum":"01082942417"}}
2018-12-18 18:33:37 info: Send mysql query!! -> findUserByEmail:: jhmoon@brilliantts.com
2018-12-18 18:33:37 info: Send mysql query!! -> findUserByEmail:: jhmoon@brilliantts.com
2018-12-18 18:33:38 info: passport login callback func start!! -> {"email":"jhmoon@brilliantts.com","passwd":"$2b$12$pSlAX/6RhZOfFb26UJ.yBeXHp3YdxDSL25AavfPMmH4NcsXTrrPTa","loading_number":null,"first_name":"jh","last_name":"moon","country_code":410,"code_phone":"82","phone_number":"01082942417","selected_crypto_symbol":"FXT","use_exchange":null,"is_crypto":"1","created_at":"2018-12-09T16:52:10.133Z","modified_at":"2018-12-16T15:24:11.673Z"}
2018-12-18 18:33:38 info: LOGGED_IN_SUCCEFFULLY -> Response Data:: {"result":200,"message":"LOGGED_IN_SUCCEFFULLY","data":{"token":"eyJhbGciOiJIUzI1NiIsInR5cCI6IkpXVCJ9.eyJpZCI6ImpobW9vbkBicmlsbGlhbnR0cy5jb20iLCJpYXQiOjE1NDUxMjU2MTgsImV4cCI6MTg2MDcwMTYxOCwiaXNzIjoiZnV6ZXgifQ.ktvw08-mMuad-f4MqFhEmL4TyhqYg9ArtQFsuIZzUR4","email":"jhmoon@brilliantts.com","firstName":"jh","lastName":"moon","useExchange":null,"countryCode":410,"nationalPhoneCode":"82","phoneNum":"01082942417"}}
2018-12-18 18:33:38 info: Send mysql query!! -> findUserByEmail:: jhmoon@brilliantts.com
2018-12-18 18:33:38 info: Send mysql query!! -> findUserByEmail:: jhmoon@brilliantts.com
2018-12-18 18:33:38 info: passport login callback func start!! -> {"email":"jhmoon@brilliantts.com","passwd":"$2b$12$pSlAX/6RhZOfFb26UJ.yBeXHp3YdxDSL25AavfPMmH4NcsXTrrPTa","loading_number":null,"first_name":"jh","last_name":"moon","country_code":410,"code_phone":"82","phone_number":"01082942417","selected_crypto_symbol":"FXT","use_exchange":null,"is_crypto":"1","created_at":"2018-12-09T16:52:10.133Z","modified_at":"2018-12-16T15:24:11.673Z"}
2018-12-18 18:33:38 info: LOGGED_IN_SUCCEFFULLY -> Response Data:: {"result":200,"message":"LOGGED_IN_SUCCEFFULLY","data":{"token":"eyJhbGciOiJIUzI1NiIsInR5cCI6IkpXVCJ9.eyJpZCI6ImpobW9vbkBicmlsbGlhbnR0cy5jb20iLCJpYXQiOjE1NDUxMjU2MTgsImV4cCI6MTg2MDcwMTYxOCwiaXNzIjoiZnV6ZXgifQ.ktvw08-mMuad-f4MqFhEmL4TyhqYg9ArtQFsuIZzUR4","email":"jhmoon@brilliantts.com","firstName":"jh","lastName":"moon","useExchange":null,"countryCode":410,"nationalPhoneCode":"82","phoneNum":"01082942417"}}
2018-12-18 18:33:38 info: passport login callback func start!! -> {"email":"jhmoon@brilliantts.com","passwd":"$2b$12$pSlAX/6RhZOfFb26UJ.yBeXHp3YdxDSL25AavfPMmH4NcsXTrrPTa","loading_number":null,"first_name":"jh","last_name":"moon","country_code":410,"code_phone":"82","phone_number":"01082942417","selected_crypto_symbol":"FXT","use_exchange":null,"is_crypto":"1","created_at":"2018-12-09T16:52:10.133Z","modified_at":"2018-12-16T15:24:11.673Z"}
2018-12-18 18:33:38 info: LOGGED_IN_SUCCEFFULLY -> Response Data:: {"result":200,"message":"LOGGED_IN_SUCCEFFULLY","data":{"token":"eyJhbGciOiJIUzI1NiIsInR5cCI6IkpXVCJ9.eyJpZCI6ImpobW9vbkBicmlsbGlhbnR0cy5jb20iLCJpYXQiOjE1NDUxMjU2MTgsImV4cCI6MTg2MDcwMTYxOCwiaXNzIjoiZnV6ZXgifQ.ktvw08-mMuad-f4MqFhEmL4TyhqYg9ArtQFsuIZzUR4","email":"jhmoon@brilliantts.com","firstName":"jh","lastName":"moon","useExchange":null,"countryCode":410,"nationalPhoneCode":"82","phoneNum":"01082942417"}}
2018-12-18 18:33:38 info: passport login callback func start!! -> {"email":"jhmoon@brilliantts.com","passwd":"$2b$12$pSlAX/6RhZOfFb26UJ.yBeXHp3YdxDSL25AavfPMmH4NcsXTrrPTa","loading_number":null,"first_name":"jh","last_name":"moon","country_code":410,"code_phone":"82","phone_number":"01082942417","selected_crypto_symbol":"FXT","use_exchange":null,"is_crypto":"1","created_at":"2018-12-09T16:52:10.133Z","modified_at":"2018-12-16T15:24:11.673Z"}
2018-12-18 18:33:38 info: LOGGED_IN_SUCCEFFULLY -> Response Data:: {"result":200,"message":"LOGGED_IN_SUCCEFFULLY","data":{"token":"eyJhbGciOiJIUzI1NiIsInR5cCI6IkpXVCJ9.eyJpZCI6ImpobW9vbkBicmlsbGlhbnR0cy5jb20iLCJpYXQiOjE1NDUxMjU2MTgsImV4cCI6MTg2MDcwMTYxOCwiaXNzIjoiZnV6ZXgifQ.ktvw08-mMuad-f4MqFhEmL4TyhqYg9ArtQFsuIZzUR4","email":"jhmoon@brilliantts.com","firstName":"jh","lastName":"moon","useExchange":null,"countryCode":410,"nationalPhoneCode":"82","phoneNum":"01082942417"}}
2018-12-18 18:33:42 info: Send mysql query!! -> findUserByEmail:: jhmoon@brilliantts.com
2018-12-18 18:33:42 info: Send mysql query!! -> findUserByEmail:: jhmoon@brilliantts.com
2018-12-18 18:33:42 info: passport login callback func start!! -> {"email":"jhmoon@brilliantts.com","passwd":"$2b$12$pSlAX/6RhZOfFb26UJ.yBeXHp3YdxDSL25AavfPMmH4NcsXTrrPTa","loading_number":null,"first_name":"jh","last_name":"moon","country_code":410,"code_phone":"82","phone_number":"01082942417","selected_crypto_symbol":"FXT","use_exchange":null,"is_crypto":"1","created_at":"2018-12-09T16:52:10.133Z","modified_at":"2018-12-16T15:24:11.673Z"}
2018-12-18 18:33:42 info: LOGGED_IN_SUCCEFFULLY -> Response Data:: {"result":200,"message":"LOGGED_IN_SUCCEFFULLY","data":{"token":"eyJhbGciOiJIUzI1NiIsInR5cCI6IkpXVCJ9.eyJpZCI6ImpobW9vbkBicmlsbGlhbnR0cy5jb20iLCJpYXQiOjE1NDUxMjU2MjIsImV4cCI6MTg2MDcwMTYyMiwiaXNzIjoiZnV6ZXgifQ.Mg3fwWNKKPEeFWulNGxx4DDifBtU3lpro8GdVp6Q06E","email":"jhmoon@brilliantts.com","firstName":"jh","lastName":"moon","useExchange":null,"countryCode":410,"nationalPhoneCode":"82","phoneNum":"01082942417"}}
2018-12-18 18:33:42 info: Send mysql query!! -> findUserByEmail:: jhmoon@brilliantts.com
2018-12-18 18:33:42 info: Send mysql query!! -> findUserByEmail:: jhmoon@brilliantts.com
2018-12-18 18:33:42 info: passport login callback func start!! -> {"email":"jhmoon@brilliantts.com","passwd":"$2b$12$pSlAX/6RhZOfFb26UJ.yBeXHp3YdxDSL25AavfPMmH4NcsXTrrPTa","loading_number":null,"first_name":"jh","last_name":"moon","country_code":410,"code_phone":"82","phone_number":"01082942417","selected_crypto_symbol":"FXT","use_exchange":null,"is_crypto":"1","created_at":"2018-12-09T16:52:10.133Z","modified_at":"2018-12-16T15:24:11.673Z"}
2018-12-18 18:33:42 info: LOGGED_IN_SUCCEFFULLY -> Response Data:: {"result":200,"message":"LOGGED_IN_SUCCEFFULLY","data":{"token":"eyJhbGciOiJIUzI1NiIsInR5cCI6IkpXVCJ9.eyJpZCI6ImpobW9vbkBicmlsbGlhbnR0cy5jb20iLCJpYXQiOjE1NDUxMjU2MjIsImV4cCI6MTg2MDcwMTYyMiwiaXNzIjoiZnV6ZXgifQ.Mg3fwWNKKPEeFWulNGxx4DDifBtU3lpro8GdVp6Q06E","email":"jhmoon@brilliantts.com","firstName":"jh","lastName":"moon","useExchange":null,"countryCode":410,"nationalPhoneCode":"82","phoneNum":"01082942417"}}
2018-12-18 18:33:42 info: Send mysql query!! -> findUserByEmail:: jhmoon@brilliantts.com
2018-12-18 18:33:43 info: passport login callback func start!! -> {"email":"jhmoon@brilliantts.com","passwd":"$2b$12$pSlAX/6RhZOfFb26UJ.yBeXHp3YdxDSL25AavfPMmH4NcsXTrrPTa","loading_number":null,"first_name":"jh","last_name":"moon","country_code":410,"code_phone":"82","phone_number":"01082942417","selected_crypto_symbol":"FXT","use_exchange":null,"is_crypto":"1","created_at":"2018-12-09T16:52:10.133Z","modified_at":"2018-12-16T15:24:11.673Z"}
2018-12-18 18:33:43 info: LOGGED_IN_SUCCEFFULLY -> Response Data:: {"result":200,"message":"LOGGED_IN_SUCCEFFULLY","data":{"token":"eyJhbGciOiJIUzI1NiIsInR5cCI6IkpXVCJ9.eyJpZCI6ImpobW9vbkBicmlsbGlhbnR0cy5jb20iLCJpYXQiOjE1NDUxMjU2MjMsImV4cCI6MTg2MDcwMTYyMywiaXNzIjoiZnV6ZXgifQ.eNGKocvPkwZ6MiRQuSfWXb2x8jEQS5k6M2VGlGBKd_Q","email":"jhmoon@brilliantts.com","firstName":"jh","lastName":"moon","useExchange":null,"countryCode":410,"nationalPhoneCode":"82","phoneNum":"01082942417"}}
2018-12-18 18:33:43 info: Send mysql query!! -> findUserByEmail:: jhmoon@brilliantts.com
2018-12-18 18:33:43 info: passport login callback func start!! -> {"email":"jhmoon@brilliantts.com","passwd":"$2b$12$pSlAX/6RhZOfFb26UJ.yBeXHp3YdxDSL25AavfPMmH4NcsXTrrPTa","loading_number":null,"first_name":"jh","last_name":"moon","country_code":410,"code_phone":"82","phone_number":"01082942417","selected_crypto_symbol":"FXT","use_exchange":null,"is_crypto":"1","created_at":"2018-12-09T16:52:10.133Z","modified_at":"2018-12-16T15:24:11.673Z"}
2018-12-18 18:33:43 info: LOGGED_IN_SUCCEFFULLY -> Response Data:: {"result":200,"message":"LOGGED_IN_SUCCEFFULLY","data":{"token":"eyJhbGciOiJIUzI1NiIsInR5cCI6IkpXVCJ9.eyJpZCI6ImpobW9vbkBicmlsbGlhbnR0cy5jb20iLCJpYXQiOjE1NDUxMjU2MjMsImV4cCI6MTg2MDcwMTYyMywiaXNzIjoiZnV6ZXgifQ.eNGKocvPkwZ6MiRQuSfWXb2x8jEQS5k6M2VGlGBKd_Q","email":"jhmoon@brilliantts.com","firstName":"jh","lastName":"moon","useExchange":null,"countryCode":410,"nationalPhoneCode":"82","phoneNum":"01082942417"}}
2018-12-18 18:33:43 info: Send mysql query!! -> findUserByEmail:: jhmoon@brilliantts.com
2018-12-18 18:33:43 info: passport login callback func start!! -> {"email":"jhmoon@brilliantts.com","passwd":"$2b$12$pSlAX/6RhZOfFb26UJ.yBeXHp3YdxDSL25AavfPMmH4NcsXTrrPTa","loading_number":null,"first_name":"jh","last_name":"moon","country_code":410,"code_phone":"82","phone_number":"01082942417","selected_crypto_symbol":"FXT","use_exchange":null,"is_crypto":"1","created_at":"2018-12-09T16:52:10.133Z","modified_at":"2018-12-16T15:24:11.673Z"}
2018-12-18 18:33:43 info: LOGGED_IN_SUCCEFFULLY -> Response Data:: {"result":200,"message":"LOGGED_IN_SUCCEFFULLY","data":{"token":"eyJhbGciOiJIUzI1NiIsInR5cCI6IkpXVCJ9.eyJpZCI6ImpobW9vbkBicmlsbGlhbnR0cy5jb20iLCJpYXQiOjE1NDUxMjU2MjMsImV4cCI6MTg2MDcwMTYyMywiaXNzIjoiZnV6ZXgifQ.eNGKocvPkwZ6MiRQuSfWXb2x8jEQS5k6M2VGlGBKd_Q","email":"jhmoon@brilliantts.com","firstName":"jh","lastName":"moon","useExchange":null,"countryCode":410,"nationalPhoneCode":"82","phoneNum":"01082942417"}}
2018-12-18 18:33:43 info: Send mysql query!! -> findUserByEmail:: jhmoon@brilliantts.com
2018-12-18 18:33:43 info: passport login callback func start!! -> {"email":"jhmoon@brilliantts.com","passwd":"$2b$12$pSlAX/6RhZOfFb26UJ.yBeXHp3YdxDSL25AavfPMmH4NcsXTrrPTa","loading_number":null,"first_name":"jh","last_name":"moon","country_code":410,"code_phone":"82","phone_number":"01082942417","selected_crypto_symbol":"FXT","use_exchange":null,"is_crypto":"1","created_at":"2018-12-09T16:52:10.133Z","modified_at":"2018-12-16T15:24:11.673Z"}
2018-12-18 18:33:43 info: LOGGED_IN_SUCCEFFULLY -> Response Data:: {"result":200,"message":"LOGGED_IN_SUCCEFFULLY","data":{"token":"eyJhbGciOiJIUzI1NiIsInR5cCI6IkpXVCJ9.eyJpZCI6ImpobW9vbkBicmlsbGlhbnR0cy5jb20iLCJpYXQiOjE1NDUxMjU2MjMsImV4cCI6MTg2MDcwMTYyMywiaXNzIjoiZnV6ZXgifQ.eNGKocvPkwZ6MiRQuSfWXb2x8jEQS5k6M2VGlGBKd_Q","email":"jhmoon@brilliantts.com","firstName":"jh","lastName":"moon","useExchange":null,"countryCode":410,"nationalPhoneCode":"82","phoneNum":"01082942417"}}
2018-12-18 18:33:43 info: Send mysql query!! -> findUserByEmail:: jhmoon@brilliantts.com
2018-12-18 18:33:43 info: passport login callback func start!! -> {"email":"jhmoon@brilliantts.com","passwd":"$2b$12$pSlAX/6RhZOfFb26UJ.yBeXHp3YdxDSL25AavfPMmH4NcsXTrrPTa","loading_number":null,"first_name":"jh","last_name":"moon","country_code":410,"code_phone":"82","phone_number":"01082942417","selected_crypto_symbol":"FXT","use_exchange":null,"is_crypto":"1","created_at":"2018-12-09T16:52:10.133Z","modified_at":"2018-12-16T15:24:11.673Z"}
2018-12-18 18:33:43 info: LOGGED_IN_SUCCEFFULLY -> Response Data:: {"result":200,"message":"LOGGED_IN_SUCCEFFULLY","data":{"token":"eyJhbGciOiJIUzI1NiIsInR5cCI6IkpXVCJ9.eyJpZCI6ImpobW9vbkBicmlsbGlhbnR0cy5jb20iLCJpYXQiOjE1NDUxMjU2MjMsImV4cCI6MTg2MDcwMTYyMywiaXNzIjoiZnV6ZXgifQ.eNGKocvPkwZ6MiRQuSfWXb2x8jEQS5k6M2VGlGBKd_Q","email":"jhmoon@brilliantts.com","firstName":"jh","lastName":"moon","useExchange":null,"countryCode":410,"nationalPhoneCode":"82","phoneNum":"01082942417"}}
2018-12-18 18:33:43 info: Send mysql query!! -> findUserByEmail:: jhmoon@brilliantts.com
2018-12-18 18:33:44 info: passport login callback func start!! -> {"email":"jhmoon@brilliantts.com","passwd":"$2b$12$pSlAX/6RhZOfFb26UJ.yBeXHp3YdxDSL25AavfPMmH4NcsXTrrPTa","loading_number":null,"first_name":"jh","last_name":"moon","country_code":410,"code_phone":"82","phone_number":"01082942417","selected_crypto_symbol":"FXT","use_exchange":null,"is_crypto":"1","created_at":"2018-12-09T16:52:10.133Z","modified_at":"2018-12-16T15:24:11.673Z"}
2018-12-18 18:33:44 info: LOGGED_IN_SUCCEFFULLY -> Response Data:: {"result":200,"message":"LOGGED_IN_SUCCEFFULLY","data":{"token":"eyJhbGciOiJIUzI1NiIsInR5cCI6IkpXVCJ9.eyJpZCI6ImpobW9vbkBicmlsbGlhbnR0cy5jb20iLCJpYXQiOjE1NDUxMjU2MjQsImV4cCI6MTg2MDcwMTYyNCwiaXNzIjoiZnV6ZXgifQ.gnvZ3BESieiluTIPq4tTJICF-vg36tiTLhGF1Sq9Aj4","email":"jhmoon@brilliantts.com","firstName":"jh","lastName":"moon","useExchange":null,"countryCode":410,"nationalPhoneCode":"82","phoneNum":"01082942417"}}
2018-12-18 18:33:44 info: passport login callback func start!! -> {"email":"jhmoon@brilliantts.com","passwd":"$2b$12$pSlAX/6RhZOfFb26UJ.yBeXHp3YdxDSL25AavfPMmH4NcsXTrrPTa","loading_number":null,"first_name":"jh","last_name":"moon","country_code":410,"code_phone":"82","phone_number":"01082942417","selected_crypto_symbol":"FXT","use_exchange":null,"is_crypto":"1","created_at":"2018-12-09T16:52:10.133Z","modified_at":"2018-12-16T15:24:11.673Z"}
2018-12-18 18:33:44 info: LOGGED_IN_SUCCEFFULLY -> Response Data:: {"result":200,"message":"LOGGED_IN_SUCCEFFULLY","data":{"token":"eyJhbGciOiJIUzI1NiIsInR5cCI6IkpXVCJ9.eyJpZCI6ImpobW9vbkBicmlsbGlhbnR0cy5jb20iLCJpYXQiOjE1NDUxMjU2MjQsImV4cCI6MTg2MDcwMTYyNCwiaXNzIjoiZnV6ZXgifQ.gnvZ3BESieiluTIPq4tTJICF-vg36tiTLhGF1Sq9Aj4","email":"jhmoon@brilliantts.com","firstName":"jh","lastName":"moon","useExchange":null,"countryCode":410,"nationalPhoneCode":"82","phoneNum":"01082942417"}}
2018-12-18 18:33:44 info: passport login callback func start!! -> {"email":"jhmoon@brilliantts.com","passwd":"$2b$12$pSlAX/6RhZOfFb26UJ.yBeXHp3YdxDSL25AavfPMmH4NcsXTrrPTa","loading_number":null,"first_name":"jh","last_name":"moon","country_code":410,"code_phone":"82","phone_number":"01082942417","selected_crypto_symbol":"FXT","use_exchange":null,"is_crypto":"1","created_at":"2018-12-09T16:52:10.133Z","modified_at":"2018-12-16T15:24:11.673Z"}
2018-12-18 18:33:44 info: LOGGED_IN_SUCCEFFULLY -> Response Data:: {"result":200,"message":"LOGGED_IN_SUCCEFFULLY","data":{"token":"eyJhbGciOiJIUzI1NiIsInR5cCI6IkpXVCJ9.eyJpZCI6ImpobW9vbkBicmlsbGlhbnR0cy5jb20iLCJpYXQiOjE1NDUxMjU2MjQsImV4cCI6MTg2MDcwMTYyNCwiaXNzIjoiZnV6ZXgifQ.gnvZ3BESieiluTIPq4tTJICF-vg36tiTLhGF1Sq9Aj4","email":"jhmoon@brilliantts.com","firstName":"jh","lastName":"moon","useExchange":null,"countryCode":410,"nationalPhoneCode":"82","phoneNum":"01082942417"}}
2018-12-18 18:34:08 info: USER LOGOUT!! -> {"id":"jhmoon@brilliantts.com","iat":1545125624,"exp":1860701624,"iss":"fuzex"}
2018-12-18 18:34:08 info: RESPONSE_CODE_OK ->Response Data:: {"result":200,"message":"RESPONSE_CODE_OK"}
2018-12-18 18:34:11 info: Send mysql query!! -> findUserByEmail:: jhmoon@brilliantts.com
2018-12-18 18:34:11 info: passport login callback func start!! -> {"email":"jhmoon@brilliantts.com","passwd":"$2b$12$pSlAX/6RhZOfFb26UJ.yBeXHp3YdxDSL25AavfPMmH4NcsXTrrPTa","loading_number":null,"first_name":"jh","last_name":"moon","country_code":410,"code_phone":"82","phone_number":"01082942417","selected_crypto_symbol":"FXT","use_exchange":null,"is_crypto":"1","created_at":"2018-12-09T16:52:10.133Z","modified_at":"2018-12-16T15:24:11.673Z"}
2018-12-18 18:34:11 info: LOGGED_IN_SUCCEFFULLY -> Response Data:: {"result":200,"message":"LOGGED_IN_SUCCEFFULLY","data":{"token":"eyJhbGciOiJIUzI1NiIsInR5cCI6IkpXVCJ9.eyJpZCI6ImpobW9vbkBicmlsbGlhbnR0cy5jb20iLCJpYXQiOjE1NDUxMjU2NTEsImV4cCI6MTg2MDcwMTY1MSwiaXNzIjoiZnV6ZXgifQ.LuiQNeTCauGmhHiOBVVLEuQuIa9MKxCigQuqZ1DB6SU","email":"jhmoon@brilliantts.com","firstName":"jh","lastName":"moon","useExchange":null,"countryCode":410,"nationalPhoneCode":"82","phoneNum":"01082942417"}}
2018-12-18 18:35:07 info: USER LOGOUT!! -> {"id":"jhmoon@brilliantts.com","iat":1545125651,"exp":1860701651,"iss":"fuzex"}
2018-12-18 18:35:07 info: RESPONSE_CODE_OK ->Response Data:: {"result":200,"message":"RESPONSE_CODE_OK"}
2018-12-18 18:35:15 info: Send mysql query!! -> findUserByEmail:: jhmoon@brilliantts.com
2018-12-18 18:35:16 info: passport login callback func start!! -> {"email":"jhmoon@brilliantts.com","passwd":"$2b$12$pSlAX/6RhZOfFb26UJ.yBeXHp3YdxDSL25AavfPMmH4NcsXTrrPTa","loading_number":null,"first_name":"jh","last_name":"moon","country_code":410,"code_phone":"82","phone_number":"01082942417","selected_crypto_symbol":"FXT","use_exchange":null,"is_crypto":"1","created_at":"2018-12-09T16:52:10.133Z","modified_at":"2018-12-16T15:24:11.673Z"}
2018-12-18 18:35:16 info: LOGGED_IN_SUCCEFFULLY -> Response Data:: {"result":200,"message":"LOGGED_IN_SUCCEFFULLY","data":{"token":"eyJhbGciOiJIUzI1NiIsInR5cCI6IkpXVCJ9.eyJpZCI6ImpobW9vbkBicmlsbGlhbnR0cy5jb20iLCJpYXQiOjE1NDUxMjU3MTYsImV4cCI6MTg2MDcwMTcxNiwiaXNzIjoiZnV6ZXgifQ.tHIj_p-jTdg1PnslCPrxX7nDpKdGn1FYXAhXNMzg7m0","email":"jhmoon@brilliantts.com","firstName":"jh","lastName":"moon","useExchange":null,"countryCode":410,"nationalPhoneCode":"82","phoneNum":"01082942417"}}
2018-12-18 18:35:22 info: USER LOGOUT!! -> {"id":"jhmoon@brilliantts.com","iat":1545125716,"exp":1860701716,"iss":"fuzex"}
2018-12-18 18:35:22 info: RESPONSE_CODE_OK ->Response Data:: {"result":200,"message":"RESPONSE_CODE_OK"}
2018-12-18 18:35:23 info: Send mysql query!! -> findUserByEmail:: jhmoon@brilliantts.com
2018-12-18 18:35:24 info: passport login callback func start!! -> {"email":"jhmoon@brilliantts.com","passwd":"$2b$12$pSlAX/6RhZOfFb26UJ.yBeXHp3YdxDSL25AavfPMmH4NcsXTrrPTa","loading_number":null,"first_name":"jh","last_name":"moon","country_code":410,"code_phone":"82","phone_number":"01082942417","selected_crypto_symbol":"FXT","use_exchange":null,"is_crypto":"1","created_at":"2018-12-09T16:52:10.133Z","modified_at":"2018-12-16T15:24:11.673Z"}
2018-12-18 18:35:24 info: LOGGED_IN_SUCCEFFULLY -> Response Data:: {"result":200,"message":"LOGGED_IN_SUCCEFFULLY","data":{"token":"eyJhbGciOiJIUzI1NiIsInR5cCI6IkpXVCJ9.eyJpZCI6ImpobW9vbkBicmlsbGlhbnR0cy5jb20iLCJpYXQiOjE1NDUxMjU3MjQsImV4cCI6MTg2MDcwMTcyNCwiaXNzIjoiZnV6ZXgifQ.zMtKOEP8qR_7lj7KohHgQ3_qsHzRdGNnVjMJzuy0y9I","email":"jhmoon@brilliantts.com","firstName":"jh","lastName":"moon","useExchange":null,"countryCode":410,"nationalPhoneCode":"82","phoneNum":"01082942417"}}
2018-12-18 18:43:06 info: USER LOGOUT!! -> {"id":"jhmoon@brilliantts.com","iat":1545125724,"exp":1860701724,"iss":"fuzex"}
2018-12-18 18:43:06 info: RESPONSE_CODE_OK ->Response Data:: {"result":200,"message":"RESPONSE_CODE_OK"}
2018-12-18 18:45:59 info: Send mysql query!! -> findUserByEmail:: jhmoon@brilliantts.com
2018-12-18 18:45:59 info: passport login callback func start!! -> {"email":"jhmoon@brilliantts.com","passwd":"$2b$12$pSlAX/6RhZOfFb26UJ.yBeXHp3YdxDSL25AavfPMmH4NcsXTrrPTa","loading_number":null,"first_name":"jh","last_name":"moon","country_code":410,"code_phone":"82","phone_number":"01082942417","selected_crypto_symbol":"FXT","use_exchange":null,"is_crypto":"1","created_at":"2018-12-09T16:52:10.133Z","modified_at":"2018-12-16T15:24:11.673Z"}
2018-12-18 18:45:59 info: LOGGED_IN_SUCCEFFULLY -> Response Data:: {"result":200,"message":"LOGGED_IN_SUCCEFFULLY","data":{"token":"eyJhbGciOiJIUzI1NiIsInR5cCI6IkpXVCJ9.eyJpZCI6ImpobW9vbkBicmlsbGlhbnR0cy5jb20iLCJpYXQiOjE1NDUxMjYzNTksImV4cCI6MTg2MDcwMjM1OSwiaXNzIjoiZnV6ZXgifQ.PsdfuJqrco3qAc89StoXnvQ9t3Xi9Wlwacff6lV4Hto","email":"jhmoon@brilliantts.com","firstName":"jh","lastName":"moon","useExchange":null,"countryCode":410,"nationalPhoneCode":"82","phoneNum":"01082942417"}}
2018-12-18 18:49:07 info: USER LOGOUT!! -> {"id":"jhmoon@brilliantts.com","iat":1545126359,"exp":1860702359,"iss":"fuzex"}
2018-12-18 18:49:07 info: RESPONSE_CODE_OK ->Response Data:: {"result":200,"message":"RESPONSE_CODE_OK"}
2018-12-18 18:49:10 info: Send mysql query!! -> findUserByEmail:: jhmoon@brilliantts.com
2018-12-18 18:49:10 info: passport login callback func start!! -> {"email":"jhmoon@brilliantts.com","passwd":"$2b$12$pSlAX/6RhZOfFb26UJ.yBeXHp3YdxDSL25AavfPMmH4NcsXTrrPTa","loading_number":null,"first_name":"jh","last_name":"moon","country_code":410,"code_phone":"82","phone_number":"01082942417","selected_crypto_symbol":"FXT","use_exchange":null,"is_crypto":"1","created_at":"2018-12-09T16:52:10.133Z","modified_at":"2018-12-16T15:24:11.673Z"}
2018-12-18 18:49:10 info: LOGGED_IN_SUCCEFFULLY -> Response Data:: {"result":200,"message":"LOGGED_IN_SUCCEFFULLY","data":{"token":"eyJhbGciOiJIUzI1NiIsInR5cCI6IkpXVCJ9.eyJpZCI6ImpobW9vbkBicmlsbGlhbnR0cy5jb20iLCJpYXQiOjE1NDUxMjY1NTAsImV4cCI6MTg2MDcwMjU1MCwiaXNzIjoiZnV6ZXgifQ.PS2UBiQldTOinAby3LrYdMh2P5C_Sg01vkb-YYqE4lQ","email":"jhmoon@brilliantts.com","firstName":"jh","lastName":"moon","useExchange":null,"countryCode":410,"nationalPhoneCode":"82","phoneNum":"01082942417"}}
2018-12-18 18:49:22 info: USER LOGOUT!! -> {"id":"jhmoon@brilliantts.com","iat":1545126550,"exp":1860702550,"iss":"fuzex"}
2018-12-18 18:49:22 info: RESPONSE_CODE_OK ->Response Data:: {"result":200,"message":"RESPONSE_CODE_OK"}
2018-12-18 18:49:49 info: Send mysql query!! -> findUserByEmail:: jhmoon@brilliantts.com
2018-12-18 18:49:49 info: passport login callback func start!! -> {"email":"jhmoon@brilliantts.com","passwd":"$2b$12$pSlAX/6RhZOfFb26UJ.yBeXHp3YdxDSL25AavfPMmH4NcsXTrrPTa","loading_number":null,"first_name":"jh","last_name":"moon","country_code":410,"code_phone":"82","phone_number":"01082942417","selected_crypto_symbol":"FXT","use_exchange":null,"is_crypto":"1","created_at":"2018-12-09T16:52:10.133Z","modified_at":"2018-12-16T15:24:11.673Z"}
2018-12-18 18:49:49 info: LOGGED_IN_SUCCEFFULLY -> Response Data:: {"result":200,"message":"LOGGED_IN_SUCCEFFULLY","data":{"token":"eyJhbGciOiJIUzI1NiIsInR5cCI6IkpXVCJ9.eyJpZCI6ImpobW9vbkBicmlsbGlhbnR0cy5jb20iLCJpYXQiOjE1NDUxMjY1ODksImV4cCI6MTg2MDcwMjU4OSwiaXNzIjoiZnV6ZXgifQ.Zo59GwYPj-Airstt_UvAcedaxmO7ftzEZmXnMczoQiw","email":"jhmoon@brilliantts.com","firstName":"jh","lastName":"moon","useExchange":null,"countryCode":410,"nationalPhoneCode":"82","phoneNum":"01082942417"}}
2018-12-18 18:54:31 info: USER LOGOUT!! -> {"id":"jhmoon@brilliantts.com","iat":1545126589,"exp":1860702589,"iss":"fuzex"}
2018-12-18 18:54:31 info: RESPONSE_CODE_OK ->Response Data:: {"result":200,"message":"RESPONSE_CODE_OK"}
2018-12-18 18:55:33 info: Send mysql query!! -> findUserByEmail:: jhmoon@brilliantts.com
2018-12-18 18:55:34 info: passport login callback func start!! -> {"email":"jhmoon@brilliantts.com","passwd":"$2b$12$pSlAX/6RhZOfFb26UJ.yBeXHp3YdxDSL25AavfPMmH4NcsXTrrPTa","loading_number":null,"first_name":"jh","last_name":"moon","country_code":410,"code_phone":"82","phone_number":"01082942417","selected_crypto_symbol":"FXT","use_exchange":null,"is_crypto":"1","created_at":"2018-12-09T16:52:10.133Z","modified_at":"2018-12-16T15:24:11.673Z"}
2018-12-18 18:55:34 info: LOGGED_IN_SUCCEFFULLY -> Response Data:: {"result":200,"message":"LOGGED_IN_SUCCEFFULLY","data":{"token":"eyJhbGciOiJIUzI1NiIsInR5cCI6IkpXVCJ9.eyJpZCI6ImpobW9vbkBicmlsbGlhbnR0cy5jb20iLCJpYXQiOjE1NDUxMjY5MzQsImV4cCI6MTg2MDcwMjkzNCwiaXNzIjoiZnV6ZXgifQ.3DJkujl-Q77rQ4YUyZcMSX_8S2d8YuKibGC5KBmVgPE","email":"jhmoon@brilliantts.com","first_name":"jh","last_name":"moon","use_exchange":null,"country_code":410,"code_phone":"82","phone_number":"01082942417"}}
2018-12-18 18:56:04 info: USER LOGOUT!! -> {"id":"jhmoon@brilliantts.com","iat":1545126934,"exp":1860702934,"iss":"fuzex"}
2018-12-18 18:56:04 info: RESPONSE_CODE_OK ->Response Data:: {"result":200,"message":"RESPONSE_CODE_OK"}
2018-12-18 19:36:08 info: Send mysql query!! -> findUserByEmail:: jhmoon@brilliantts.com
2018-12-18 19:36:09 info: passport login callback func start!! -> {"email":"jhmoon@brilliantts.com","passwd":"$2b$12$pSlAX/6RhZOfFb26UJ.yBeXHp3YdxDSL25AavfPMmH4NcsXTrrPTa","loading_number":null,"first_name":"jh","last_name":"moon","country_code":410,"code_phone":"82","phone_number":"01082942417","selected_crypto_symbol":"FXT","use_exchange":null,"is_crypto":"1","created_at":"2018-12-09T16:52:10.133Z","modified_at":"2018-12-16T15:24:11.673Z"}
2018-12-18 19:36:09 info: LOGGED_IN_SUCCEFFULLY -> Response Data:: {"result":200,"message":"LOGGED_IN_SUCCEFFULLY","data":{"token":"eyJhbGciOiJIUzI1NiIsInR5cCI6IkpXVCJ9.eyJpZCI6ImpobW9vbkBicmlsbGlhbnR0cy5jb20iLCJpYXQiOjE1NDUxMjkzNjksImV4cCI6MTg2MDcwNTM2OSwiaXNzIjoiZnV6ZXgifQ.rAzWeSPX-66ODpK1narQMNKt3tA74izi-2P7_BJWvd0","email":"jhmoon@brilliantts.com","first_name":"jh","last_name":"moon","use_exchange":null,"country_code":410,"code_phone":"82","phone_number":"01082942417"}}
2018-12-18 19:36:48 info: Send mysql query!! -> findUserByEmail:: jhmoon@brilliantts.com
2018-12-18 19:36:48 info: passport login callback func start!! -> {"email":"jhmoon@brilliantts.com","passwd":"$2b$12$pSlAX/6RhZOfFb26UJ.yBeXHp3YdxDSL25AavfPMmH4NcsXTrrPTa","loading_number":null,"first_name":"jh","last_name":"moon","country_code":410,"code_phone":"82","phone_number":"01082942417","selected_crypto_symbol":"FXT","use_exchange":null,"is_crypto":"1","created_at":"2018-12-09T16:52:10.133Z","modified_at":"2018-12-16T15:24:11.673Z"}
2018-12-18 19:36:48 info: LOGGED_IN_SUCCEFFULLY -> Response Data:: {"result":200,"message":"LOGGED_IN_SUCCEFFULLY","data":{"token":"eyJhbGciOiJIUzI1NiIsInR5cCI6IkpXVCJ9.eyJpZCI6ImpobW9vbkBicmlsbGlhbnR0cy5jb20iLCJpYXQiOjE1NDUxMjk0MDgsImV4cCI6MTg2MDcwNTQwOCwiaXNzIjoiZnV6ZXgifQ.9QJLIgYVuOabtA9ibRqMfW8liiNIy0nzIP8wA-y1HSc","email":"jhmoon@brilliantts.com","first_name":"jh","last_name":"moon","use_exchange":null,"country_code":410,"code_phone":"82","phone_number":"01082942417"}}
2018-12-18 19:36:52 info: USER LOGOUT!! -> {"id":"jhmoon@brilliantts.com","iat":1545129408,"exp":1860705408,"iss":"fuzex"}
2018-12-18 19:36:52 info: RESPONSE_CODE_OK ->Response Data:: {"result":200,"message":"RESPONSE_CODE_OK"}
2018-12-18 19:36:55 info: Send mysql query!! -> findUserByEmail:: jhmoon@brilliantts.com
2018-12-18 19:36:56 info: passport login callback func start!! -> {"email":"jhmoon@brilliantts.com","passwd":"$2b$12$pSlAX/6RhZOfFb26UJ.yBeXHp3YdxDSL25AavfPMmH4NcsXTrrPTa","loading_number":null,"first_name":"jh","last_name":"moon","country_code":410,"code_phone":"82","phone_number":"01082942417","selected_crypto_symbol":"FXT","use_exchange":null,"is_crypto":"1","created_at":"2018-12-09T16:52:10.133Z","modified_at":"2018-12-16T15:24:11.673Z"}
2018-12-18 19:36:56 info: LOGGED_IN_SUCCEFFULLY -> Response Data:: {"result":200,"message":"LOGGED_IN_SUCCEFFULLY","data":{"token":"eyJhbGciOiJIUzI1NiIsInR5cCI6IkpXVCJ9.eyJpZCI6ImpobW9vbkBicmlsbGlhbnR0cy5jb20iLCJpYXQiOjE1NDUxMjk0MTYsImV4cCI6MTg2MDcwNTQxNiwiaXNzIjoiZnV6ZXgifQ.FpPT311z-AzMAVkeQVD1lSMdyKXNDBIVrqdYwOEMsqg","email":"jhmoon@brilliantts.com","first_name":"jh","last_name":"moon","use_exchange":null,"country_code":410,"code_phone":"82","phone_number":"01082942417"}}
2018-12-18 19:37:22 info: USER LOGOUT!! -> {"id":"jhmoon@brilliantts.com","iat":1545129416,"exp":1860705416,"iss":"fuzex"}
2018-12-18 19:37:22 info: RESPONSE_CODE_OK ->Response Data:: {"result":200,"message":"RESPONSE_CODE_OK"}
2018-12-18 19:38:32 info: Send mysql query!! -> findUserByEmail:: jhmoon@brilliantts.com
2018-12-18 19:38:32 info: passport login callback func start!! -> {"email":"jhmoon@brilliantts.com","passwd":"$2b$12$pSlAX/6RhZOfFb26UJ.yBeXHp3YdxDSL25AavfPMmH4NcsXTrrPTa","loading_number":null,"first_name":"jh","last_name":"moon","country_code":410,"code_phone":"82","phone_number":"01082942417","selected_crypto_symbol":"FXT","use_exchange":null,"is_crypto":"1","created_at":"2018-12-09T16:52:10.133Z","modified_at":"2018-12-16T15:24:11.673Z"}
2018-12-18 19:38:32 info: LOGGED_IN_SUCCEFFULLY -> Response Data:: {"result":200,"message":"LOGGED_IN_SUCCEFFULLY","data":{"token":"eyJhbGciOiJIUzI1NiIsInR5cCI6IkpXVCJ9.eyJpZCI6ImpobW9vbkBicmlsbGlhbnR0cy5jb20iLCJpYXQiOjE1NDUxMjk1MTIsImV4cCI6MTg2MDcwNTUxMiwiaXNzIjoiZnV6ZXgifQ.uboBxmPDWliD31z6eurBH2LyNgAWVA0_oVvM3WZhlFk","email":"jhmoon@brilliantts.com","first_name":"jh","last_name":"moon","use_exchange":null,"country_code":410,"code_phone":"82","phone_number":"01082942417"}}
2018-12-18 19:38:39 info: USER LOGOUT!! -> {"id":"jhmoon@brilliantts.com","iat":1545129512,"exp":1860705512,"iss":"fuzex"}
2018-12-18 19:38:39 info: RESPONSE_CODE_OK ->Response Data:: {"result":200,"message":"RESPONSE_CODE_OK"}
2018-12-18 19:38:44 info: Send mysql query!! -> findUserByEmail:: jhmoon@brilliantts.com
2018-12-18 19:38:44 info: passport login callback func start!! -> {"email":"jhmoon@brilliantts.com","passwd":"$2b$12$pSlAX/6RhZOfFb26UJ.yBeXHp3YdxDSL25AavfPMmH4NcsXTrrPTa","loading_number":null,"first_name":"jh","last_name":"moon","country_code":410,"code_phone":"82","phone_number":"01082942417","selected_crypto_symbol":"FXT","use_exchange":null,"is_crypto":"1","created_at":"2018-12-09T16:52:10.133Z","modified_at":"2018-12-16T15:24:11.673Z"}
2018-12-18 19:38:44 info: LOGGED_IN_SUCCEFFULLY -> Response Data:: {"result":200,"message":"LOGGED_IN_SUCCEFFULLY","data":{"token":"eyJhbGciOiJIUzI1NiIsInR5cCI6IkpXVCJ9.eyJpZCI6ImpobW9vbkBicmlsbGlhbnR0cy5jb20iLCJpYXQiOjE1NDUxMjk1MjQsImV4cCI6MTg2MDcwNTUyNCwiaXNzIjoiZnV6ZXgifQ.2GoEf1DVER8vcfgeI72S3zCmLipfOU6-o96ZssuvvTc","email":"jhmoon@brilliantts.com","first_name":"jh","last_name":"moon","use_exchange":null,"country_code":410,"code_phone":"82","phone_number":"01082942417"}}
2018-12-18 19:38:47 info: USER LOGOUT!! -> {"id":"jhmoon@brilliantts.com","iat":1545129524,"exp":1860705524,"iss":"fuzex"}
2018-12-18 19:38:47 info: RESPONSE_CODE_OK ->Response Data:: {"result":200,"message":"RESPONSE_CODE_OK"}
2018-12-18 19:38:51 info: Send mysql query!! -> findUserByEmail:: jhmoon@brilliantts.com
2018-12-18 19:38:52 info: passport login callback func start!! -> {"email":"jhmoon@brilliantts.com","passwd":"$2b$12$pSlAX/6RhZOfFb26UJ.yBeXHp3YdxDSL25AavfPMmH4NcsXTrrPTa","loading_number":null,"first_name":"jh","last_name":"moon","country_code":410,"code_phone":"82","phone_number":"01082942417","selected_crypto_symbol":"FXT","use_exchange":null,"is_crypto":"1","created_at":"2018-12-09T16:52:10.133Z","modified_at":"2018-12-16T15:24:11.673Z"}
2018-12-18 19:38:52 info: LOGGED_IN_SUCCEFFULLY -> Response Data:: {"result":200,"message":"LOGGED_IN_SUCCEFFULLY","data":{"token":"eyJhbGciOiJIUzI1NiIsInR5cCI6IkpXVCJ9.eyJpZCI6ImpobW9vbkBicmlsbGlhbnR0cy5jb20iLCJpYXQiOjE1NDUxMjk1MzIsImV4cCI6MTg2MDcwNTUzMiwiaXNzIjoiZnV6ZXgifQ.ku4zj6aXOXf390IpqCUyF-mlGdLDT1Z6S28sEtYm6m4","email":"jhmoon@brilliantts.com","first_name":"jh","last_name":"moon","use_exchange":null,"country_code":410,"code_phone":"82","phone_number":"01082942417"}}
2018-12-18 19:38:59 info: USER LOGOUT!! -> {"id":"jhmoon@brilliantts.com","iat":1545129532,"exp":1860705532,"iss":"fuzex"}
2018-12-18 19:38:59 info: RESPONSE_CODE_OK ->Response Data:: {"result":200,"message":"RESPONSE_CODE_OK"}
2018-12-18 19:39:00 info: Send mysql query!! -> findUserByEmail:: jhmoon@brilliantts.com
2018-12-18 19:39:01 info: passport login callback func start!! -> {"email":"jhmoon@brilliantts.com","passwd":"$2b$12$pSlAX/6RhZOfFb26UJ.yBeXHp3YdxDSL25AavfPMmH4NcsXTrrPTa","loading_number":null,"first_name":"jh","last_name":"moon","country_code":410,"code_phone":"82","phone_number":"01082942417","selected_crypto_symbol":"FXT","use_exchange":null,"is_crypto":"1","created_at":"2018-12-09T16:52:10.133Z","modified_at":"2018-12-16T15:24:11.673Z"}
2018-12-18 19:39:01 info: LOGGED_IN_SUCCEFFULLY -> Response Data:: {"result":200,"message":"LOGGED_IN_SUCCEFFULLY","data":{"token":"eyJhbGciOiJIUzI1NiIsInR5cCI6IkpXVCJ9.eyJpZCI6ImpobW9vbkBicmlsbGlhbnR0cy5jb20iLCJpYXQiOjE1NDUxMjk1NDEsImV4cCI6MTg2MDcwNTU0MSwiaXNzIjoiZnV6ZXgifQ.Vtncc9HMKVhBfzt4-2TAfGn0e-eDBuuKviH79LwAtto","email":"jhmoon@brilliantts.com","first_name":"jh","last_name":"moon","use_exchange":null,"country_code":410,"code_phone":"82","phone_number":"01082942417"}}
