2018-12-28 10:04:19 info: get cobinhood balance api call!!
2018-12-28 10:04:19 info: getUserCobinhoodBalnace api call!!
2018-12-28 10:04:19 info: updateCobinhoodOAuthToken API call!!
2018-12-28 10:04:19 info: getUserCobinhoodRefreshToken API call!! -> jhmoon@brilliantts.com
2018-12-28 10:04:20 info: RESPONSE_CODE_OK -> Response Data:: {"result":200,"message":"RESPONSE_CODE_OK","data":{"balances":[{"currency":"BCH","type":"exchange","total":"0.3","on_order":"0","locked":false,"usd_value":"45.0017037426","btc_value":"0.012278991"},{"currency":"ETH","type":"exchange","total":"20.739221","on_order":"0","locked":false,"usd_value":"2419.037358881154094","btc_value":"0.66004935103694"}]}}
2018-12-28 10:04:20 info: get cobinhood balance success!! -> {"result":200,"message":"RESPONSE_CODE_OK","data":{"balances":[{"currency":"BCH","type":"exchange","total":"0.3","on_order":"0","locked":false,"usd_value":"45.0017037426","btc_value":"0.012278991"},{"currency":"ETH","type":"exchange","total":"20.739221","on_order":"0","locked":false,"usd_value":"2419.037358881154094","btc_value":"0.66004935103694"}]}}
2018-12-28 13:55:04 info: INVALID_TOKEN ->Response Data:: {"result":401,"message":"INVALID_TOKEN"}
2018-12-28 13:55:07 info: INVALID_TOKEN ->Response Data:: {"result":401,"message":"INVALID_TOKEN"}
2018-12-28 13:55:58 info: passport login callback func start!! -> false
2018-12-28 13:55:58 info: NOT_A_MEMBER. ->Response Data:: {"result":400,"message":"NOT_A_MEMBER."}
2018-12-28 15:58:05 info: user join api call:: {"email":"jhmoon@brilliantts.com","pw":"Moon6212!","firstName":"jh","lastName":"moon"}
2018-12-28 15:58:05 info: RESPONSE_CODE_OK -> Response Data:: {"result":200,"message":"RESPONSE_CODE_OK","data":{"email":"jhmoon@brilliantts.com","firstName":"jh","lastName":"moon"}}
2018-12-28 15:58:05 info: user join api success!! -> {"result":200,"message":"RESPONSE_CODE_OK","data":{"email":"jhmoon@brilliantts.com","firstName":"jh","lastName":"moon"}}
2018-12-28 16:01:01 info: user join api call:: {"email":"jhmoon@brilliantts.com","pw":"Moon6212!","firstName":"jh","lastName":"moon"}
2018-12-28 16:01:01 info: RESPONSE_CODE_OK -> Response Data:: {"result":200,"message":"RESPONSE_CODE_OK","data":{"email":"jhmoon@brilliantts.com","firstName":"jh","lastName":"moon"}}
2018-12-28 16:01:01 info: user join api success!! -> {"result":200,"message":"RESPONSE_CODE_OK","data":{"email":"jhmoon@brilliantts.com","firstName":"jh","lastName":"moon"}}
2018-12-28 16:03:37 info: user join api call:: {"email":"jhmoon@brilliantts.com","pw":"Moon6212!","firstName":"jh","lastName":"moon"}
2018-12-28 16:03:38 info: RESPONSE_CODE_OK -> Response Data:: {"result":200,"message":"RESPONSE_CODE_OK","data":{"email":"jhmoon@brilliantts.com","firstName":"jh","lastName":"moon"}}
2018-12-28 16:03:38 info: user join api success!! -> {"result":200,"message":"RESPONSE_CODE_OK","data":{"email":"jhmoon@brilliantts.com","firstName":"jh","lastName":"moon"}}
2018-12-28 16:04:18 info: passport login callback func start!! -> false
2018-12-28 16:04:18 info: NOT_A_MEMBER. ->Response Data:: {"result":400,"message":"NOT_A_MEMBER."}
2018-12-28 16:04:39 info: user join api call:: {"email":"jhmoon@brilliantts.com","pw":"Moon6212!","firstName":"jh","lastName":"moon"}
2018-12-28 16:04:40 info: RESPONSE_CODE_OK -> Response Data:: {"result":200,"message":"RESPONSE_CODE_OK","data":{"email":"jhmoon@brilliantts.com","firstName":"jh","lastName":"moon"}}
2018-12-28 16:04:40 info: user join api success!! -> {"result":200,"message":"RESPONSE_CODE_OK","data":{"email":"jhmoon@brilliantts.com","firstName":"jh","lastName":"moon"}}
2018-12-28 16:30:36 info: passport login callback func start!! -> false
2018-12-28 16:30:36 info: NOT_A_MEMBER. ->Response Data:: {"result":400,"message":"NOT_A_MEMBER."}
2018-12-28 16:32:19 info: passport login callback func start!! -> false
2018-12-28 16:32:19 info: NOT_A_MEMBER. ->Response Data:: {"result":400,"message":"NOT_A_MEMBER."}
2018-12-28 16:32:34 info: user join api call:: {"email":"jhmoon@brilliantts.com","pw":"Moon6212!","firstName":"jh","lastName":"moon"}
2018-12-28 16:32:34 info: RESPONSE_CODE_OK -> Response Data:: {"result":200,"message":"RESPONSE_CODE_OK","data":{"email":"jhmoon@brilliantts.com","firstName":"jh","lastName":"moon"}}
2018-12-28 16:32:34 info: user join api success!! -> {"result":200,"message":"RESPONSE_CODE_OK","data":{"email":"jhmoon@brilliantts.com","firstName":"jh","lastName":"moon"}}
2018-12-28 16:32:49 info: passport login callback func start!! -> {"email":"jhmoon@brilliantts.com","passwd":"$2b$12$AwiIgnYmecF2QmNgzr5m9.EVw.tlF0VnI8wHKOV20Nc9Z1CZFgMdq","first_name":"jh","last_name":"moon","selected_crypto_symbol":"FXT","use_exchange":null,"created_at":"2018-12-28T07:32:34.326Z","modified_at":"2018-12-28T07:32:34.326Z"}
2018-12-28 16:32:49 info: get user jwt token!! -> eyJhbGciOiJIUzI1NiIsInR5cCI6IkpXVCJ9.eyJpZCI6ImpobW9vbkBicmlsbGlhbnR0cy5jb20iLCJpYXQiOjE1NDU5ODIzNjksImV4cCI6MTg2MTU1ODM2OSwiaXNzIjoiamhtb29uIn0.zDCyveoyc1Y4AJjoi3pc0USJdEvEYN83ibTdfmcQ078
2018-12-28 16:32:49 info: LOGGED_IN_SUCCEFFULLY -> Response Data:: {"result":200,"message":"LOGGED_IN_SUCCEFFULLY","data":{"token":"eyJhbGciOiJIUzI1NiIsInR5cCI6IkpXVCJ9.eyJpZCI6ImpobW9vbkBicmlsbGlhbnR0cy5jb20iLCJpYXQiOjE1NDU5ODIzNjksImV4cCI6MTg2MTU1ODM2OSwiaXNzIjoiamhtb29uIn0.zDCyveoyc1Y4AJjoi3pc0USJdEvEYN83ibTdfmcQ078","userInfo":{"email":"jhmoon@brilliantts.com","first_name":"jh","last_name":"moon","selected_crypto_symbol":"FXT","use_exchange":null}}}
2018-12-28 16:32:49 info: login api success!! -> {"result":200,"message":"LOGGED_IN_SUCCEFFULLY","data":{"token":"eyJhbGciOiJIUzI1NiIsInR5cCI6IkpXVCJ9.eyJpZCI6ImpobW9vbkBicmlsbGlhbnR0cy5jb20iLCJpYXQiOjE1NDU5ODIzNjksImV4cCI6MTg2MTU1ODM2OSwiaXNzIjoiamhtb29uIn0.zDCyveoyc1Y4AJjoi3pc0USJdEvEYN83ibTdfmcQ078","userInfo":{"email":"jhmoon@brilliantts.com","first_name":"jh","last_name":"moon","selected_crypto_symbol":"FXT","use_exchange":null}}}
2018-12-28 16:33:26 info: USER LOGOUT!! -> {"id":"jhmoon@brilliantts.com","iat":1545982369,"exp":1861558369,"iss":"jhmoon"}
2018-12-28 16:33:26 info: RESPONSE_CODE_OK ->Response Data:: {"result":200,"message":"RESPONSE_CODE_OK"}
2018-12-28 16:33:26 info: user logout api success!! -> {"result":200,"message":"RESPONSE_CODE_OK"}
2018-12-28 16:34:11 info: user join api call:: {"email":"jhmoon@brilliantts.com","pw":"Moon6212!","firstName":"jh","lastName":"moon"}
2018-12-28 16:34:11 info: user join api response:: There is already an account -> jhmoon@brilliantts.com
2018-12-28 16:34:11 info: ALREADY_ACCOUNT ->Response Data:: {"result":200,"message":"ALREADY_ACCOUNT"}
2018-12-28 16:37:13 info: user join api call:: {"email":"jhmoon@brilliantts.com","pw":"Moon6212!","firstName":"jh","lastName":"moon"}
2018-12-28 16:37:13 info: user join api response:: There is already an account -> jhmoon@brilliantts.com
2018-12-28 16:37:13 info: ALREADY_ACCOUNT ->Response Data:: {"result":600,"message":"ALREADY_ACCOUNT"}
2018-12-28 16:37:27 info: user join api call:: {"email":"jhmoon@brilliantts.com","pw":"Moon6212!","firstName":"jh","lastName":"moon"}
2018-12-28 16:37:27 info: user join api response:: There is already an account -> jhmoon@brilliantts.com
2018-12-28 16:37:27 info: ALREADY_ACCOUNT ->Response Data:: {"result":600,"message":"ALREADY_ACCOUNT"}
2018-12-28 16:39:52 info: user join api call:: {"email":"jhmoon@brilliantts.com","pw":"Moon6212!","firstName":"jh","lastName":"moon"}
2018-12-28 16:39:52 info: user join api response:: There is already an account -> jhmoon@brilliantts.com
2018-12-28 16:39:52 info: ALREADY_ACCOUNT ->Response Data:: {"result":600,"message":"ALREADY_ACCOUNT"}
2018-12-28 16:39:59 info: passport login callback func start!! -> {"email":"jhmoon@brilliantts.com","passwd":"$2b$12$AwiIgnYmecF2QmNgzr5m9.EVw.tlF0VnI8wHKOV20Nc9Z1CZFgMdq","first_name":"jh","last_name":"moon","selected_crypto_symbol":"FXT","use_exchange":null,"created_at":"2018-12-28T07:32:34.326Z","modified_at":"2018-12-28T07:32:34.326Z"}
2018-12-28 16:39:59 info: get user jwt token!! -> eyJhbGciOiJIUzI1NiIsInR5cCI6IkpXVCJ9.eyJpZCI6ImpobW9vbkBicmlsbGlhbnR0cy5jb20iLCJpYXQiOjE1NDU5ODI3OTksImV4cCI6MTg2MTU1ODc5OSwiaXNzIjoiamhtb29uIn0.pJcxU91cQ6ftBHsB9jm9VTI6JS9PoSFcqJF-vOIx2_w
2018-12-28 16:39:59 info: LOGGED_IN_SUCCEFFULLY -> Response Data:: {"result":200,"message":"LOGGED_IN_SUCCEFFULLY","data":{"token":"eyJhbGciOiJIUzI1NiIsInR5cCI6IkpXVCJ9.eyJpZCI6ImpobW9vbkBicmlsbGlhbnR0cy5jb20iLCJpYXQiOjE1NDU5ODI3OTksImV4cCI6MTg2MTU1ODc5OSwiaXNzIjoiamhtb29uIn0.pJcxU91cQ6ftBHsB9jm9VTI6JS9PoSFcqJF-vOIx2_w","userInfo":{"email":"jhmoon@brilliantts.com","first_name":"jh","last_name":"moon","selected_crypto_symbol":"FXT","use_exchange":null}}}
2018-12-28 16:39:59 info: login api success!! -> {"result":200,"message":"LOGGED_IN_SUCCEFFULLY","data":{"token":"eyJhbGciOiJIUzI1NiIsInR5cCI6IkpXVCJ9.eyJpZCI6ImpobW9vbkBicmlsbGlhbnR0cy5jb20iLCJpYXQiOjE1NDU5ODI3OTksImV4cCI6MTg2MTU1ODc5OSwiaXNzIjoiamhtb29uIn0.pJcxU91cQ6ftBHsB9jm9VTI6JS9PoSFcqJF-vOIx2_w","userInfo":{"email":"jhmoon@brilliantts.com","first_name":"jh","last_name":"moon","selected_crypto_symbol":"FXT","use_exchange":null}}}
2018-12-28 16:40:03 info: get cobinhood oAuth state API call!!
2018-12-28 16:40:03 info: cobinhood oAuth state value Database insert!! -> userEmail::jhmoon@brilliantts.com, state::154598280378700
2018-12-28 16:40:03 info: RESPONSE_CODE_OK -> Response Data:: {"result":200,"message":"RESPONSE_CODE_OK","data":{"state":154598280378700}}
2018-12-28 16:40:03 info: get cobinhood oAuth state success!! -> {"result":200,"message":"RESPONSE_CODE_OK","data":{"state":154598280378700}}
2018-12-28 16:40:21 info: cobinhood client callback API call!! -> {"code":"eyJhbGciOiJIUzI1NiIsInR5cCI6IkpXVCJ9.eyJleHAiOjE1NDU5ODMxMTYsIm9hdXRoMl9hdXRob3JpemF0aW9uX2NvZGVfaWQiOiI1ZTg5MjA5Mi02MDBlLTRiMzYtODExZi0zZDk2YWZhZDdiMjMifQ.22KzMzQ7XgqC6wv0C5_HQ0zfadnJiI246-NlBE53RAk","state":"154598280378700"}
2018-12-28 16:40:21 info: getUserEmailToCobinhoodOAuthState API call!!
2018-12-28 16:40:21 info: cobinhood get token API call!! -> param::grant_type=authorization_code&code=eyJhbGciOiJIUzI1NiIsInR5cCI6IkpXVCJ9.eyJleHAiOjE1NDU5ODMxMTYsIm9hdXRoMl9hdXRob3JpemF0aW9uX2NvZGVfaWQiOiI1ZTg5MjA5Mi02MDBlLTRiMzYtODExZi0zZDk2YWZhZDdiMjMifQ.22KzMzQ7XgqC6wv0C5_HQ0zfadnJiI246-NlBE53RAk&redirect_uri=http%3A%2F%2Flocalhost%3A33000%2Fauth%2Fcobinhood%2Fcallback&client_id=a224d1dd-2625-4b68-be70-8126d6221f3b headers::{"Authorization":"Basic YTIyNGQxZGQtMjYyNS00YjY4LWJlNzAtODEyNmQ2MjIxZjNiOjNsZXFJRFlLa2V0NzBnbHVjWU11dkBOQHdJejhFS3VsRWxJbjlZbm9jWnVOSXFFc2VsdXpjMGM=","Content-Type":"application/x-www-form-urlencoded"}
2018-12-28 16:40:21 info: get cobinhood token!! -> {"access_token":"eyJhbGciOiJIUzI1NiIsInR5cCI6IkpXVCJ9.eyJjbGllbnRfaWQiOiJhMjI0ZDFkZC0yNjI1LTRiNjgtYmU3MC04MTI2ZDYyMjFmM2IiLCJleHAiOjE1NDU5ODY0MTcsIm9hdXRoMl9hY2Nlc3NfdG9rZW5faWQiOiI4NzU0Y2FlNi03MjM1LTQ4MzItYjc3MC04MjhhYjlkZWYyMzMiLCJzY29wZSI6WyJzY29wZV90aGlyZF9wYXJ0eV9pbnRlcm5hbF93aXRoZHJhdyIsInNjb3BlX2V4Y2hhbmdlX2xlZGdlcl9yZWFkIiwic2NvcGVfdGhpcmRfcGFydHlfYWNjb3VudF9yZWFkIl0sInVzZXJfaWQiOiIzODA5MzQ1Ny1mNzEwLTQ4OTAtYjhmNS0wYTA3MmVkOTcxYzgifQ.olAUI3mQ4iVBg8XReNpaS0klacd9K6QJBFRKRaw9cqM","expires_in":3600,"refresh_token":"eyJhbGciOiJIUzI1NiIsInR5cCI6IkpXVCJ9.eyJjbGllbnRfaWQiOiJhMjI0ZDFkZC0yNjI1LTRiNjgtYmU3MC04MTI2ZDYyMjFmM2IiLCJleHAiOjE1NDYwNjkyMTcsIm9hdXRoMl9yZWZyZXNoX3Rva2VuX2lkIjoiOTgxYjQwYzYtODI5OC00MzQwLTk5ZTctZGMyNDBlYzlhZWNlIiwic2NvcGUiOlsic2NvcGVfdGhpcmRfcGFydHlfaW50ZXJuYWxfd2l0aGRyYXciLCJzY29wZV9leGNoYW5nZV9sZWRnZXJfcmVhZCIsInNjb3BlX3RoaXJkX3BhcnR5X2FjY291bnRfcmVhZCJdLCJ1c2VyX2lkIjoiMzgwOTM0NTctZjcxMC00ODkwLWI4ZjUtMGEwNzJlZDk3MWM4In0.XGxJdTRE9RARSNVzFN61v1MaAG1DiIZhSLirFQBy7j8","scope":"scope_third_party_internal_withdraw scope_exchange_ledger_read scope_third_party_account_read","token_type":"Bearer"}
2018-12-28 16:40:21 info: setCobinhoodOAuthTokenAndUserUseExchange API call!! --> {"accessToken":"eyJhbGciOiJIUzI1NiIsInR5cCI6IkpXVCJ9.eyJjbGllbnRfaWQiOiJhMjI0ZDFkZC0yNjI1LTRiNjgtYmU3MC04MTI2ZDYyMjFmM2IiLCJleHAiOjE1NDU5ODY0MTcsIm9hdXRoMl9hY2Nlc3NfdG9rZW5faWQiOiI4NzU0Y2FlNi03MjM1LTQ4MzItYjc3MC04MjhhYjlkZWYyMzMiLCJzY29wZSI6WyJzY29wZV90aGlyZF9wYXJ0eV9pbnRlcm5hbF93aXRoZHJhdyIsInNjb3BlX2V4Y2hhbmdlX2xlZGdlcl9yZWFkIiwic2NvcGVfdGhpcmRfcGFydHlfYWNjb3VudF9yZWFkIl0sInVzZXJfaWQiOiIzODA5MzQ1Ny1mNzEwLTQ4OTAtYjhmNS0wYTA3MmVkOTcxYzgifQ.olAUI3mQ4iVBg8XReNpaS0klacd9K6QJBFRKRaw9cqM","refreshToken":"eyJhbGciOiJIUzI1NiIsInR5cCI6IkpXVCJ9.eyJjbGllbnRfaWQiOiJhMjI0ZDFkZC0yNjI1LTRiNjgtYmU3MC04MTI2ZDYyMjFmM2IiLCJleHAiOjE1NDYwNjkyMTcsIm9hdXRoMl9yZWZyZXNoX3Rva2VuX2lkIjoiOTgxYjQwYzYtODI5OC00MzQwLTk5ZTctZGMyNDBlYzlhZWNlIiwic2NvcGUiOlsic2NvcGVfdGhpcmRfcGFydHlfaW50ZXJuYWxfd2l0aGRyYXciLCJzY29wZV9leGNoYW5nZV9sZWRnZXJfcmVhZCIsInNjb3BlX3RoaXJkX3BhcnR5X2FjY291bnRfcmVhZCJdLCJ1c2VyX2lkIjoiMzgwOTM0NTctZjcxMC00ODkwLWI4ZjUtMGEwNzJlZDk3MWM4In0.XGxJdTRE9RARSNVzFN61v1MaAG1DiIZhSLirFQBy7j8","scope":"scope_third_party_internal_withdraw scope_exchange_ledger_read scope_third_party_account_read","tokenType":"Bearer","email":"jhmoon@brilliantts.com"}
2018-12-28 16:40:21 info: get user info api call!!
2018-12-28 16:40:21 error: Query Error. -> Error: Unknown column 'loading_number' in 'field list'
2018-12-28 16:40:21 error: get user info failed!!
2018-12-28 16:40:21 info: ERROR_GET_USER_INFO_FAILED ->Response Data:: {"result":500,"message":"ERROR_GET_USER_INFO_FAILED"}
2018-12-28 16:44:32 info: USER LOGOUT!! -> {"id":"jhmoon@brilliantts.com","iat":1545982799,"exp":1861558799,"iss":"jhmoon"}
2018-12-28 16:44:32 info: RESPONSE_CODE_OK ->Response Data:: {"result":200,"message":"RESPONSE_CODE_OK"}
2018-12-28 16:44:32 info: user logout api success!! -> {"result":200,"message":"RESPONSE_CODE_OK"}
2018-12-28 16:44:35 info: passport login callback func start!! -> {"email":"jhmoon@brilliantts.com","passwd":"$2b$12$AwiIgnYmecF2QmNgzr5m9.EVw.tlF0VnI8wHKOV20Nc9Z1CZFgMdq","first_name":"jh","last_name":"moon","selected_crypto_symbol":"FXT","use_exchange":null,"created_at":"2018-12-28T07:32:34.326Z","modified_at":"2018-12-28T07:44:16.054Z"}
2018-12-28 16:44:35 info: LOGGED_IN_SUCCEFFULLY -> Response Data:: {"result":200,"message":"LOGGED_IN_SUCCEFFULLY","data":{"token":"eyJhbGciOiJIUzI1NiIsInR5cCI6IkpXVCJ9.eyJpZCI6ImpobW9vbkBicmlsbGlhbnR0cy5jb20iLCJpYXQiOjE1NDU5ODMwNzUsImV4cCI6MTg2MTU1OTA3NSwiaXNzIjoiamhtb29uIn0.gWb3EpqczPAygG8gVZ2Tp6hpU_WkE9zhYNEUe2xSwrQ","userInfo":{"email":"jhmoon@brilliantts.com","first_name":"jh","last_name":"moon","selected_crypto_symbol":"FXT","use_exchange":null}}}
2018-12-28 16:44:35 info: get user jwt token!! -> eyJhbGciOiJIUzI1NiIsInR5cCI6IkpXVCJ9.eyJpZCI6ImpobW9vbkBicmlsbGlhbnR0cy5jb20iLCJpYXQiOjE1NDU5ODMwNzUsImV4cCI6MTg2MTU1OTA3NSwiaXNzIjoiamhtb29uIn0.gWb3EpqczPAygG8gVZ2Tp6hpU_WkE9zhYNEUe2xSwrQ
2018-12-28 16:44:35 info: login api success!! -> {"result":200,"message":"LOGGED_IN_SUCCEFFULLY","data":{"token":"eyJhbGciOiJIUzI1NiIsInR5cCI6IkpXVCJ9.eyJpZCI6ImpobW9vbkBicmlsbGlhbnR0cy5jb20iLCJpYXQiOjE1NDU5ODMwNzUsImV4cCI6MTg2MTU1OTA3NSwiaXNzIjoiamhtb29uIn0.gWb3EpqczPAygG8gVZ2Tp6hpU_WkE9zhYNEUe2xSwrQ","userInfo":{"email":"jhmoon@brilliantts.com","first_name":"jh","last_name":"moon","selected_crypto_symbol":"FXT","use_exchange":null}}}
2018-12-28 16:45:26 info: USER LOGOUT!! -> {"id":"jhmoon@brilliantts.com","iat":1545983075,"exp":1861559075,"iss":"jhmoon"}
2018-12-28 16:45:26 info: RESPONSE_CODE_OK ->Response Data:: {"result":200,"message":"RESPONSE_CODE_OK"}
2018-12-28 16:45:26 info: user logout api success!! -> {"result":200,"message":"RESPONSE_CODE_OK"}
2018-12-28 16:45:27 info: passport login callback func start!! -> {"email":"jhmoon@brilliantts.com","passwd":"$2b$12$AwiIgnYmecF2QmNgzr5m9.EVw.tlF0VnI8wHKOV20Nc9Z1CZFgMdq","first_name":"jh","last_name":"moon","selected_crypto_symbol":"FXT","use_exchange":null,"created_at":"2018-12-28T07:32:34.326Z","modified_at":"2018-12-28T07:44:16.054Z"}
2018-12-28 16:45:27 info: LOGGED_IN_SUCCEFFULLY -> Response Data:: {"result":200,"message":"LOGGED_IN_SUCCEFFULLY","data":{"token":"eyJhbGciOiJIUzI1NiIsInR5cCI6IkpXVCJ9.eyJpZCI6ImpobW9vbkBicmlsbGlhbnR0cy5jb20iLCJpYXQiOjE1NDU5ODMxMjcsImV4cCI6MTg2MTU1OTEyNywiaXNzIjoiamhtb29uIn0.X6t0x3_pR_mFYPQIub97zPtVFots2QRbUy4a78581DQ","userInfo":{"email":"jhmoon@brilliantts.com","first_name":"jh","last_name":"moon","selected_crypto_symbol":"FXT","use_exchange":null}}}
2018-12-28 16:45:27 info: get user jwt token!! -> eyJhbGciOiJIUzI1NiIsInR5cCI6IkpXVCJ9.eyJpZCI6ImpobW9vbkBicmlsbGlhbnR0cy5jb20iLCJpYXQiOjE1NDU5ODMxMjcsImV4cCI6MTg2MTU1OTEyNywiaXNzIjoiamhtb29uIn0.X6t0x3_pR_mFYPQIub97zPtVFots2QRbUy4a78581DQ
2018-12-28 16:45:27 info: login api success!! -> {"result":200,"message":"LOGGED_IN_SUCCEFFULLY","data":{"token":"eyJhbGciOiJIUzI1NiIsInR5cCI6IkpXVCJ9.eyJpZCI6ImpobW9vbkBicmlsbGlhbnR0cy5jb20iLCJpYXQiOjE1NDU5ODMxMjcsImV4cCI6MTg2MTU1OTEyNywiaXNzIjoiamhtb29uIn0.X6t0x3_pR_mFYPQIub97zPtVFots2QRbUy4a78581DQ","userInfo":{"email":"jhmoon@brilliantts.com","first_name":"jh","last_name":"moon","selected_crypto_symbol":"FXT","use_exchange":null}}}
2018-12-28 16:45:29 info: get cobinhood oAuth state API call!!
2018-12-28 16:45:29 info: cobinhood oAuth state value Database insert!! -> userEmail::jhmoon@brilliantts.com, state::154598312959500
2018-12-28 16:45:29 info: RESPONSE_CODE_OK -> Response Data:: {"result":200,"message":"RESPONSE_CODE_OK","data":{"state":154598312959500}}
2018-12-28 16:45:29 info: get cobinhood oAuth state success!! -> {"result":200,"message":"RESPONSE_CODE_OK","data":{"state":154598312959500}}
2018-12-28 16:45:34 info: cobinhood client callback API call!! -> {"code":"eyJhbGciOiJIUzI1NiIsInR5cCI6IkpXVCJ9.eyJleHAiOjE1NDU5ODM0MjksIm9hdXRoMl9hdXRob3JpemF0aW9uX2NvZGVfaWQiOiJhMzFjNGM3Yy01OGU1LTQyZWYtYTJlYy0wNGVmMDYzMTFhNWIifQ.rLC_CTxNrIjjlnNSJxhw0IAdqV8s6EtUlqVrWTbg1j4","state":"154598312959500"}
2018-12-28 16:45:34 info: getUserEmailToCobinhoodOAuthState API call!!
2018-12-28 16:45:34 info: cobinhood get token API call!! -> param::grant_type=authorization_code&code=eyJhbGciOiJIUzI1NiIsInR5cCI6IkpXVCJ9.eyJleHAiOjE1NDU5ODM0MjksIm9hdXRoMl9hdXRob3JpemF0aW9uX2NvZGVfaWQiOiJhMzFjNGM3Yy01OGU1LTQyZWYtYTJlYy0wNGVmMDYzMTFhNWIifQ.rLC_CTxNrIjjlnNSJxhw0IAdqV8s6EtUlqVrWTbg1j4&redirect_uri=http%3A%2F%2Flocalhost%3A33000%2Fauth%2Fcobinhood%2Fcallback&client_id=a224d1dd-2625-4b68-be70-8126d6221f3b headers::{"Authorization":"Basic YTIyNGQxZGQtMjYyNS00YjY4LWJlNzAtODEyNmQ2MjIxZjNiOjNsZXFJRFlLa2V0NzBnbHVjWU11dkBOQHdJejhFS3VsRWxJbjlZbm9jWnVOSXFFc2VsdXpjMGM=","Content-Type":"application/x-www-form-urlencoded"}
2018-12-28 16:45:34 info: get cobinhood token!! -> {"access_token":"eyJhbGciOiJIUzI1NiIsInR5cCI6IkpXVCJ9.eyJjbGllbnRfaWQiOiJhMjI0ZDFkZC0yNjI1LTRiNjgtYmU3MC04MTI2ZDYyMjFmM2IiLCJleHAiOjE1NDU5ODY3MjksIm9hdXRoMl9hY2Nlc3NfdG9rZW5faWQiOiJjMDVlZTgwMS0zYmI1LTQxYWItOTNkYS1iNDQxMDY1YTRhNWMiLCJzY29wZSI6WyJzY29wZV90aGlyZF9wYXJ0eV9pbnRlcm5hbF93aXRoZHJhdyIsInNjb3BlX2V4Y2hhbmdlX2xlZGdlcl9yZWFkIiwic2NvcGVfdGhpcmRfcGFydHlfYWNjb3VudF9yZWFkIl0sInVzZXJfaWQiOiIzODA5MzQ1Ny1mNzEwLTQ4OTAtYjhmNS0wYTA3MmVkOTcxYzgifQ.WLdaby7plpJq8U6Hk06EYgs9e3ky8xp4Yn0g7I3koto","expires_in":3600,"refresh_token":"eyJhbGciOiJIUzI1NiIsInR5cCI6IkpXVCJ9.eyJjbGllbnRfaWQiOiJhMjI0ZDFkZC0yNjI1LTRiNjgtYmU3MC04MTI2ZDYyMjFmM2IiLCJleHAiOjE1NDYwNjk1MjksIm9hdXRoMl9yZWZyZXNoX3Rva2VuX2lkIjoiNDdiM2I3YjYtNWFjMy00MDE0LWI3ODctZGZhMTViZGQ4NWY5Iiwic2NvcGUiOlsic2NvcGVfdGhpcmRfcGFydHlfaW50ZXJuYWxfd2l0aGRyYXciLCJzY29wZV9leGNoYW5nZV9sZWRnZXJfcmVhZCIsInNjb3BlX3RoaXJkX3BhcnR5X2FjY291bnRfcmVhZCJdLCJ1c2VyX2lkIjoiMzgwOTM0NTctZjcxMC00ODkwLWI4ZjUtMGEwNzJlZDk3MWM4In0.40SX8DqZp-5YxMMu6iGsZCtVvAgxljPJ7khi10_juS0","scope":"scope_third_party_internal_withdraw scope_exchange_ledger_read scope_third_party_account_read","token_type":"Bearer"}
2018-12-28 16:45:34 info: setCobinhoodOAuthTokenAndUserUseExchange API call!! --> {"accessToken":"eyJhbGciOiJIUzI1NiIsInR5cCI6IkpXVCJ9.eyJjbGllbnRfaWQiOiJhMjI0ZDFkZC0yNjI1LTRiNjgtYmU3MC04MTI2ZDYyMjFmM2IiLCJleHAiOjE1NDU5ODY3MjksIm9hdXRoMl9hY2Nlc3NfdG9rZW5faWQiOiJjMDVlZTgwMS0zYmI1LTQxYWItOTNkYS1iNDQxMDY1YTRhNWMiLCJzY29wZSI6WyJzY29wZV90aGlyZF9wYXJ0eV9pbnRlcm5hbF93aXRoZHJhdyIsInNjb3BlX2V4Y2hhbmdlX2xlZGdlcl9yZWFkIiwic2NvcGVfdGhpcmRfcGFydHlfYWNjb3VudF9yZWFkIl0sInVzZXJfaWQiOiIzODA5MzQ1Ny1mNzEwLTQ4OTAtYjhmNS0wYTA3MmVkOTcxYzgifQ.WLdaby7plpJq8U6Hk06EYgs9e3ky8xp4Yn0g7I3koto","refreshToken":"eyJhbGciOiJIUzI1NiIsInR5cCI6IkpXVCJ9.eyJjbGllbnRfaWQiOiJhMjI0ZDFkZC0yNjI1LTRiNjgtYmU3MC04MTI2ZDYyMjFmM2IiLCJleHAiOjE1NDYwNjk1MjksIm9hdXRoMl9yZWZyZXNoX3Rva2VuX2lkIjoiNDdiM2I3YjYtNWFjMy00MDE0LWI3ODctZGZhMTViZGQ4NWY5Iiwic2NvcGUiOlsic2NvcGVfdGhpcmRfcGFydHlfaW50ZXJuYWxfd2l0aGRyYXciLCJzY29wZV9leGNoYW5nZV9sZWRnZXJfcmVhZCIsInNjb3BlX3RoaXJkX3BhcnR5X2FjY291bnRfcmVhZCJdLCJ1c2VyX2lkIjoiMzgwOTM0NTctZjcxMC00ODkwLWI4ZjUtMGEwNzJlZDk3MWM4In0.40SX8DqZp-5YxMMu6iGsZCtVvAgxljPJ7khi10_juS0","scope":"scope_third_party_internal_withdraw scope_exchange_ledger_read scope_third_party_account_read","tokenType":"Bearer","email":"jhmoon@brilliantts.com"}
2018-12-28 16:45:34 info: get user info api call!!
2018-12-28 16:45:34 info: RESPONSE_CODE_OK -> Response Data:: {"result":200,"message":"RESPONSE_CODE_OK","data":[{"email":"jhmoon@brilliantts.com","first_name":"jh","last_name":"moon","selected_crypto_symbol":"FXT","use_exchange":1}]}
2018-12-28 16:45:34 info: get user info success!! -> {"result":200,"message":"RESPONSE_CODE_OK","data":[{"email":"jhmoon@brilliantts.com","first_name":"jh","last_name":"moon","selected_crypto_symbol":"FXT","use_exchange":1}]}
2018-12-28 16:45:45 info: get cobinhood balance api call!!
2018-12-28 16:45:45 info: getUserCobinhoodBalnace api call!!
2018-12-28 16:45:45 info: updateCobinhoodOAuthToken API call!!
2018-12-28 16:45:45 info: getUserCobinhoodRefreshToken API call!! -> jhmoon@brilliantts.com
2018-12-28 16:45:46 info: RESPONSE_CODE_OK -> Response Data:: {"result":200,"message":"RESPONSE_CODE_OK","data":{"balances":[{"currency":"BCH","type":"exchange","total":"0.3","on_order":"0","locked":false,"usd_value":"44.8266497991","btc_value":"0.012234597"},{"currency":"ETH","type":"exchange","total":"20.739221","on_order":"0","locked":false,"usd_value":"2461.051802273360872","btc_value":"0.67169815668822"}]}}
2018-12-28 16:45:46 info: get cobinhood balance success!! -> {"result":200,"message":"RESPONSE_CODE_OK","data":{"balances":[{"currency":"BCH","type":"exchange","total":"0.3","on_order":"0","locked":false,"usd_value":"44.8266497991","btc_value":"0.012234597"},{"currency":"ETH","type":"exchange","total":"20.739221","on_order":"0","locked":false,"usd_value":"2461.051802273360872","btc_value":"0.67169815668822"}]}}
2018-12-28 16:46:03 info: USER LOGOUT!! -> {"id":"jhmoon@brilliantts.com","iat":1545983127,"exp":1861559127,"iss":"jhmoon"}
2018-12-28 16:46:03 info: user logout api success!! -> {"result":200,"message":"RESPONSE_CODE_OK"}
2018-12-28 16:46:03 info: RESPONSE_CODE_OK ->Response Data:: {"result":200,"message":"RESPONSE_CODE_OK"}
2018-12-28 16:46:09 info: passport login callback func start!! -> {"email":"jhmoon@brilliantts.com","passwd":"$2b$12$AwiIgnYmecF2QmNgzr5m9.EVw.tlF0VnI8wHKOV20Nc9Z1CZFgMdq","first_name":"jh","last_name":"moon","selected_crypto_symbol":"FXT","use_exchange":1,"created_at":"2018-12-28T07:32:34.326Z","modified_at":"2018-12-28T07:45:34.417Z"}
2018-12-28 16:46:09 info: LOGGED_IN_SUCCEFFULLY -> Response Data:: {"result":200,"message":"LOGGED_IN_SUCCEFFULLY","data":{"token":"eyJhbGciOiJIUzI1NiIsInR5cCI6IkpXVCJ9.eyJpZCI6ImpobW9vbkBicmlsbGlhbnR0cy5jb20iLCJpYXQiOjE1NDU5ODMxNjksImV4cCI6MTg2MTU1OTE2OSwiaXNzIjoiamhtb29uIn0.InvU9-y3tLZ6Zdg3M813tYOniss1Tl5evk3fSb8B_XE","userInfo":{"email":"jhmoon@brilliantts.com","first_name":"jh","last_name":"moon","selected_crypto_symbol":"FXT","use_exchange":1}}}
2018-12-28 16:46:09 info: get user jwt token!! -> eyJhbGciOiJIUzI1NiIsInR5cCI6IkpXVCJ9.eyJpZCI6ImpobW9vbkBicmlsbGlhbnR0cy5jb20iLCJpYXQiOjE1NDU5ODMxNjksImV4cCI6MTg2MTU1OTE2OSwiaXNzIjoiamhtb29uIn0.InvU9-y3tLZ6Zdg3M813tYOniss1Tl5evk3fSb8B_XE
2018-12-28 16:46:09 info: login api success!! -> {"result":200,"message":"LOGGED_IN_SUCCEFFULLY","data":{"token":"eyJhbGciOiJIUzI1NiIsInR5cCI6IkpXVCJ9.eyJpZCI6ImpobW9vbkBicmlsbGlhbnR0cy5jb20iLCJpYXQiOjE1NDU5ODMxNjksImV4cCI6MTg2MTU1OTE2OSwiaXNzIjoiamhtb29uIn0.InvU9-y3tLZ6Zdg3M813tYOniss1Tl5evk3fSb8B_XE","userInfo":{"email":"jhmoon@brilliantts.com","first_name":"jh","last_name":"moon","selected_crypto_symbol":"FXT","use_exchange":1}}}
2018-12-28 16:46:09 info: get user info api call!!
2018-12-28 16:46:09 info: RESPONSE_CODE_OK -> Response Data:: {"result":200,"message":"RESPONSE_CODE_OK","data":[{"email":"jhmoon@brilliantts.com","first_name":"jh","last_name":"moon","selected_crypto_symbol":"FXT","use_exchange":1}]}
2018-12-28 16:46:09 info: get user info success!! -> {"result":200,"message":"RESPONSE_CODE_OK","data":[{"email":"jhmoon@brilliantts.com","first_name":"jh","last_name":"moon","selected_crypto_symbol":"FXT","use_exchange":1}]}
2018-12-28 16:46:31 info: get user info api call!!
2018-12-28 16:46:31 info: RESPONSE_CODE_OK -> Response Data:: {"result":200,"message":"RESPONSE_CODE_OK","data":[{"email":"jhmoon@brilliantts.com","first_name":"jh","last_name":"moon","selected_crypto_symbol":"FXT","use_exchange":1}]}
2018-12-28 16:46:31 info: get user info success!! -> {"result":200,"message":"RESPONSE_CODE_OK","data":[{"email":"jhmoon@brilliantts.com","first_name":"jh","last_name":"moon","selected_crypto_symbol":"FXT","use_exchange":1}]}
2018-12-28 16:46:33 info: USER LOGOUT!! -> {"id":"jhmoon@brilliantts.com","iat":1545983169,"exp":1861559169,"iss":"jhmoon"}
2018-12-28 16:46:33 info: RESPONSE_CODE_OK ->Response Data:: {"result":200,"message":"RESPONSE_CODE_OK"}
2018-12-28 16:46:33 info: user logout api success!! -> {"result":200,"message":"RESPONSE_CODE_OK"}
2018-12-28 16:46:35 info: passport login callback func start!! -> {"email":"jhmoon@brilliantts.com","passwd":"$2b$12$AwiIgnYmecF2QmNgzr5m9.EVw.tlF0VnI8wHKOV20Nc9Z1CZFgMdq","first_name":"jh","last_name":"moon","selected_crypto_symbol":"FXT","use_exchange":1,"created_at":"2018-12-28T07:32:34.326Z","modified_at":"2018-12-28T07:45:34.417Z"}
2018-12-28 16:46:35 info: get user jwt token!! -> eyJhbGciOiJIUzI1NiIsInR5cCI6IkpXVCJ9.eyJpZCI6ImpobW9vbkBicmlsbGlhbnR0cy5jb20iLCJpYXQiOjE1NDU5ODMxOTUsImV4cCI6MTg2MTU1OTE5NSwiaXNzIjoiamhtb29uIn0.aUZLnOtJ3Idigh3OoMihojzZ46gFwchtKebJSMcbP4E
2018-12-28 16:46:35 info: LOGGED_IN_SUCCEFFULLY -> Response Data:: {"result":200,"message":"LOGGED_IN_SUCCEFFULLY","data":{"token":"eyJhbGciOiJIUzI1NiIsInR5cCI6IkpXVCJ9.eyJpZCI6ImpobW9vbkBicmlsbGlhbnR0cy5jb20iLCJpYXQiOjE1NDU5ODMxOTUsImV4cCI6MTg2MTU1OTE5NSwiaXNzIjoiamhtb29uIn0.aUZLnOtJ3Idigh3OoMihojzZ46gFwchtKebJSMcbP4E","userInfo":{"email":"jhmoon@brilliantts.com","first_name":"jh","last_name":"moon","selected_crypto_symbol":"FXT","use_exchange":1}}}
2018-12-28 16:46:35 info: login api success!! -> {"result":200,"message":"LOGGED_IN_SUCCEFFULLY","data":{"token":"eyJhbGciOiJIUzI1NiIsInR5cCI6IkpXVCJ9.eyJpZCI6ImpobW9vbkBicmlsbGlhbnR0cy5jb20iLCJpYXQiOjE1NDU5ODMxOTUsImV4cCI6MTg2MTU1OTE5NSwiaXNzIjoiamhtb29uIn0.aUZLnOtJ3Idigh3OoMihojzZ46gFwchtKebJSMcbP4E","userInfo":{"email":"jhmoon@brilliantts.com","first_name":"jh","last_name":"moon","selected_crypto_symbol":"FXT","use_exchange":1}}}
2018-12-28 16:46:35 info: get user info api call!!
2018-12-28 16:46:35 info: RESPONSE_CODE_OK -> Response Data:: {"result":200,"message":"RESPONSE_CODE_OK","data":[{"email":"jhmoon@brilliantts.com","first_name":"jh","last_name":"moon","selected_crypto_symbol":"FXT","use_exchange":1}]}
2018-12-28 16:46:35 info: get user info success!! -> {"result":200,"message":"RESPONSE_CODE_OK","data":[{"email":"jhmoon@brilliantts.com","first_name":"jh","last_name":"moon","selected_crypto_symbol":"FXT","use_exchange":1}]}
2018-12-28 16:46:39 info: USER LOGOUT!! -> {"id":"jhmoon@brilliantts.com","iat":1545983195,"exp":1861559195,"iss":"jhmoon"}
2018-12-28 16:46:39 info: user logout api success!! -> {"result":200,"message":"RESPONSE_CODE_OK"}
2018-12-28 16:46:39 info: RESPONSE_CODE_OK ->Response Data:: {"result":200,"message":"RESPONSE_CODE_OK"}
2018-12-28 16:46:40 info: passport login callback func start!! -> {"email":"jhmoon@brilliantts.com","passwd":"$2b$12$AwiIgnYmecF2QmNgzr5m9.EVw.tlF0VnI8wHKOV20Nc9Z1CZFgMdq","first_name":"jh","last_name":"moon","selected_crypto_symbol":"FXT","use_exchange":1,"created_at":"2018-12-28T07:32:34.326Z","modified_at":"2018-12-28T07:45:34.417Z"}
2018-12-28 16:46:40 info: LOGGED_IN_SUCCEFFULLY -> Response Data:: {"result":200,"message":"LOGGED_IN_SUCCEFFULLY","data":{"token":"eyJhbGciOiJIUzI1NiIsInR5cCI6IkpXVCJ9.eyJpZCI6ImpobW9vbkBicmlsbGlhbnR0cy5jb20iLCJpYXQiOjE1NDU5ODMyMDAsImV4cCI6MTg2MTU1OTIwMCwiaXNzIjoiamhtb29uIn0.WG9vaSK-xfeXhb4dFRBOSnUhuRjbQQAhNqphU64czGo","userInfo":{"email":"jhmoon@brilliantts.com","first_name":"jh","last_name":"moon","selected_crypto_symbol":"FXT","use_exchange":1}}}
2018-12-28 16:46:40 info: login api success!! -> {"result":200,"message":"LOGGED_IN_SUCCEFFULLY","data":{"token":"eyJhbGciOiJIUzI1NiIsInR5cCI6IkpXVCJ9.eyJpZCI6ImpobW9vbkBicmlsbGlhbnR0cy5jb20iLCJpYXQiOjE1NDU5ODMyMDAsImV4cCI6MTg2MTU1OTIwMCwiaXNzIjoiamhtb29uIn0.WG9vaSK-xfeXhb4dFRBOSnUhuRjbQQAhNqphU64czGo","userInfo":{"email":"jhmoon@brilliantts.com","first_name":"jh","last_name":"moon","selected_crypto_symbol":"FXT","use_exchange":1}}}
2018-12-28 16:46:40 info: get user jwt token!! -> eyJhbGciOiJIUzI1NiIsInR5cCI6IkpXVCJ9.eyJpZCI6ImpobW9vbkBicmlsbGlhbnR0cy5jb20iLCJpYXQiOjE1NDU5ODMyMDAsImV4cCI6MTg2MTU1OTIwMCwiaXNzIjoiamhtb29uIn0.WG9vaSK-xfeXhb4dFRBOSnUhuRjbQQAhNqphU64czGo
2018-12-28 16:46:40 info: get user info api call!!
2018-12-28 16:46:40 info: RESPONSE_CODE_OK -> Response Data:: {"result":200,"message":"RESPONSE_CODE_OK","data":[{"email":"jhmoon@brilliantts.com","first_name":"jh","last_name":"moon","selected_crypto_symbol":"FXT","use_exchange":1}]}
2018-12-28 16:46:40 info: get user info success!! -> {"result":200,"message":"RESPONSE_CODE_OK","data":[{"email":"jhmoon@brilliantts.com","first_name":"jh","last_name":"moon","selected_crypto_symbol":"FXT","use_exchange":1}]}
2018-12-28 16:46:42 info: get cobinhood balance api call!!
2018-12-28 16:46:42 info: updateCobinhoodOAuthToken API call!!
2018-12-28 16:46:42 info: getUserCobinhoodBalnace api call!!
2018-12-28 16:46:42 info: getUserCobinhoodRefreshToken API call!! -> jhmoon@brilliantts.com
2018-12-28 16:46:42 info: RESPONSE_CODE_OK -> Response Data:: {"result":200,"message":"RESPONSE_CODE_OK","data":{"balances":[{"currency":"BCH","type":"exchange","total":"0.3","on_order":"0","locked":false,"usd_value":"44.8266497991","btc_value":"0.012234597"},{"currency":"ETH","type":"exchange","total":"20.739221","on_order":"0","locked":false,"usd_value":"2461.051802273360872","btc_value":"0.67169815668822"}]}}
2018-12-28 16:46:42 info: get cobinhood balance success!! -> {"result":200,"message":"RESPONSE_CODE_OK","data":{"balances":[{"currency":"BCH","type":"exchange","total":"0.3","on_order":"0","locked":false,"usd_value":"44.8266497991","btc_value":"0.012234597"},{"currency":"ETH","type":"exchange","total":"20.739221","on_order":"0","locked":false,"usd_value":"2461.051802273360872","btc_value":"0.67169815668822"}]}}
2018-12-28 16:46:43 info: USER LOGOUT!! -> {"id":"jhmoon@brilliantts.com","iat":1545983200,"exp":1861559200,"iss":"jhmoon"}
2018-12-28 16:46:43 info: user logout api success!! -> {"result":200,"message":"RESPONSE_CODE_OK"}
2018-12-28 16:46:43 info: RESPONSE_CODE_OK ->Response Data:: {"result":200,"message":"RESPONSE_CODE_OK"}
2018-12-28 16:46:44 info: passport login callback func start!! -> {"email":"jhmoon@brilliantts.com","passwd":"$2b$12$AwiIgnYmecF2QmNgzr5m9.EVw.tlF0VnI8wHKOV20Nc9Z1CZFgMdq","first_name":"jh","last_name":"moon","selected_crypto_symbol":"FXT","use_exchange":1,"created_at":"2018-12-28T07:32:34.326Z","modified_at":"2018-12-28T07:45:34.417Z"}
2018-12-28 16:46:44 info: get user jwt token!! -> eyJhbGciOiJIUzI1NiIsInR5cCI6IkpXVCJ9.eyJpZCI6ImpobW9vbkBicmlsbGlhbnR0cy5jb20iLCJpYXQiOjE1NDU5ODMyMDQsImV4cCI6MTg2MTU1OTIwNCwiaXNzIjoiamhtb29uIn0.cl-EKGyV-pgN3_KwVyLCa8jKj86pkkGA1xJz3CGCQQI
2018-12-28 16:46:44 info: LOGGED_IN_SUCCEFFULLY -> Response Data:: {"result":200,"message":"LOGGED_IN_SUCCEFFULLY","data":{"token":"eyJhbGciOiJIUzI1NiIsInR5cCI6IkpXVCJ9.eyJpZCI6ImpobW9vbkBicmlsbGlhbnR0cy5jb20iLCJpYXQiOjE1NDU5ODMyMDQsImV4cCI6MTg2MTU1OTIwNCwiaXNzIjoiamhtb29uIn0.cl-EKGyV-pgN3_KwVyLCa8jKj86pkkGA1xJz3CGCQQI","userInfo":{"email":"jhmoon@brilliantts.com","first_name":"jh","last_name":"moon","selected_crypto_symbol":"FXT","use_exchange":1}}}
2018-12-28 16:46:44 info: login api success!! -> {"result":200,"message":"LOGGED_IN_SUCCEFFULLY","data":{"token":"eyJhbGciOiJIUzI1NiIsInR5cCI6IkpXVCJ9.eyJpZCI6ImpobW9vbkBicmlsbGlhbnR0cy5jb20iLCJpYXQiOjE1NDU5ODMyMDQsImV4cCI6MTg2MTU1OTIwNCwiaXNzIjoiamhtb29uIn0.cl-EKGyV-pgN3_KwVyLCa8jKj86pkkGA1xJz3CGCQQI","userInfo":{"email":"jhmoon@brilliantts.com","first_name":"jh","last_name":"moon","selected_crypto_symbol":"FXT","use_exchange":1}}}
2018-12-28 16:46:44 info: get user info api call!!
2018-12-28 16:46:44 info: RESPONSE_CODE_OK -> Response Data:: {"result":200,"message":"RESPONSE_CODE_OK","data":[{"email":"jhmoon@brilliantts.com","first_name":"jh","last_name":"moon","selected_crypto_symbol":"FXT","use_exchange":1}]}
2018-12-28 16:46:44 info: get user info success!! -> {"result":200,"message":"RESPONSE_CODE_OK","data":[{"email":"jhmoon@brilliantts.com","first_name":"jh","last_name":"moon","selected_crypto_symbol":"FXT","use_exchange":1}]}
2018-12-28 16:46:45 info: USER LOGOUT!! -> {"id":"jhmoon@brilliantts.com","iat":1545983204,"exp":1861559204,"iss":"jhmoon"}
2018-12-28 16:46:45 info: RESPONSE_CODE_OK ->Response Data:: {"result":200,"message":"RESPONSE_CODE_OK"}
2018-12-28 16:46:45 info: user logout api success!! -> {"result":200,"message":"RESPONSE_CODE_OK"}
2018-12-28 16:46:47 info: passport login callback func start!! -> {"email":"jhmoon@brilliantts.com","passwd":"$2b$12$AwiIgnYmecF2QmNgzr5m9.EVw.tlF0VnI8wHKOV20Nc9Z1CZFgMdq","first_name":"jh","last_name":"moon","selected_crypto_symbol":"FXT","use_exchange":1,"created_at":"2018-12-28T07:32:34.326Z","modified_at":"2018-12-28T07:45:34.417Z"}
2018-12-28 16:46:47 info: get user jwt token!! -> eyJhbGciOiJIUzI1NiIsInR5cCI6IkpXVCJ9.eyJpZCI6ImpobW9vbkBicmlsbGlhbnR0cy5jb20iLCJpYXQiOjE1NDU5ODMyMDcsImV4cCI6MTg2MTU1OTIwNywiaXNzIjoiamhtb29uIn0.oRZ2HJOfbN-D2LPm3FK2aqcZDxZmD_8P9q4JiBEmqXQ
2018-12-28 16:46:47 info: login api success!! -> {"result":200,"message":"LOGGED_IN_SUCCEFFULLY","data":{"token":"eyJhbGciOiJIUzI1NiIsInR5cCI6IkpXVCJ9.eyJpZCI6ImpobW9vbkBicmlsbGlhbnR0cy5jb20iLCJpYXQiOjE1NDU5ODMyMDcsImV4cCI6MTg2MTU1OTIwNywiaXNzIjoiamhtb29uIn0.oRZ2HJOfbN-D2LPm3FK2aqcZDxZmD_8P9q4JiBEmqXQ","userInfo":{"email":"jhmoon@brilliantts.com","first_name":"jh","last_name":"moon","selected_crypto_symbol":"FXT","use_exchange":1}}}
2018-12-28 16:46:47 info: LOGGED_IN_SUCCEFFULLY -> Response Data:: {"result":200,"message":"LOGGED_IN_SUCCEFFULLY","data":{"token":"eyJhbGciOiJIUzI1NiIsInR5cCI6IkpXVCJ9.eyJpZCI6ImpobW9vbkBicmlsbGlhbnR0cy5jb20iLCJpYXQiOjE1NDU5ODMyMDcsImV4cCI6MTg2MTU1OTIwNywiaXNzIjoiamhtb29uIn0.oRZ2HJOfbN-D2LPm3FK2aqcZDxZmD_8P9q4JiBEmqXQ","userInfo":{"email":"jhmoon@brilliantts.com","first_name":"jh","last_name":"moon","selected_crypto_symbol":"FXT","use_exchange":1}}}
2018-12-28 16:46:47 info: get user info api call!!
2018-12-28 16:46:47 info: RESPONSE_CODE_OK -> Response Data:: {"result":200,"message":"RESPONSE_CODE_OK","data":[{"email":"jhmoon@brilliantts.com","first_name":"jh","last_name":"moon","selected_crypto_symbol":"FXT","use_exchange":1}]}
2018-12-28 16:46:47 info: get user info success!! -> {"result":200,"message":"RESPONSE_CODE_OK","data":[{"email":"jhmoon@brilliantts.com","first_name":"jh","last_name":"moon","selected_crypto_symbol":"FXT","use_exchange":1}]}
2018-12-28 16:46:50 info: get cobinhood balance api call!!
2018-12-28 16:46:50 info: updateCobinhoodOAuthToken API call!!
2018-12-28 16:46:50 info: getUserCobinhoodRefreshToken API call!! -> jhmoon@brilliantts.com
2018-12-28 16:46:50 info: getUserCobinhoodBalnace api call!!
2018-12-28 16:46:51 info: RESPONSE_CODE_OK -> Response Data:: {"result":200,"message":"RESPONSE_CODE_OK","data":{"balances":[{"currency":"BCH","type":"exchange","total":"0.3","on_order":"0","locked":false,"usd_value":"44.8266497991","btc_value":"0.012234597"},{"currency":"ETH","type":"exchange","total":"20.739221","on_order":"0","locked":false,"usd_value":"2461.051802273360872","btc_value":"0.67169815668822"}]}}
2018-12-28 16:46:51 info: get cobinhood balance success!! -> {"result":200,"message":"RESPONSE_CODE_OK","data":{"balances":[{"currency":"BCH","type":"exchange","total":"0.3","on_order":"0","locked":false,"usd_value":"44.8266497991","btc_value":"0.012234597"},{"currency":"ETH","type":"exchange","total":"20.739221","on_order":"0","locked":false,"usd_value":"2461.051802273360872","btc_value":"0.67169815668822"}]}}
